#
# There is insufficient memory for the Java Runtime Environment to continue.
# Native memory allocation (malloc) failed to allocate 32744 bytes for ChunkPool::allocate
# Possible reasons:
#   The system is out of physical RAM or swap space
#   In 32 bit mode, the process size limit was hit
# Possible solutions:
#   Reduce memory load on the system
#   Increase physical memory or swap space
#   Check if swap backing store is full
#   Use 64 bit Java on a 64 bit OS
#   Decrease Java heap size (-Xmx/-Xms)
#   Decrease number of Java threads
#   Decrease Java thread stack sizes (-Xss)
#   Set larger code cache with -XX:ReservedCodeCacheSize=
# This output file may be truncated or incomplete.
#
#  Out of Memory Error (allocation.cpp:273), pid=568, tid=0x00000000000016f8
#
# JRE version: OpenJDK Runtime Environment (8.0_152-b01) (build 1.8.0_152-release-1343-b01)
# Java VM: OpenJDK 64-Bit Server VM (25.152-b01 mixed mode windows-amd64 compressed oops)
# Failed to write core dump. Minidumps are not enabled by default on client versions of Windows
#

---------------  T H R E A D  ---------------

Current thread (0x000000005623c000):  JavaThread "C2 CompilerThread0" daemon [_thread_in_native, id=5880, stack(0x0000000057970000,0x0000000057a70000)]

Stack: [0x0000000057970000,0x0000000057a70000]
[error occurred during error reporting (printing stack bounds), id 0xc0000005]

Native frames: (J=compiled Java code, j=interpreted, Vv=VM code, C=native code)


Current CompileTask:
C2:  28308 3106   !   4       java.net.URLClassLoader$1::run (63 bytes)


---------------  P R O C E S S  ---------------

Java Threads: ( => current thread )
  0x000000005b6d7000 JavaThread "Unknown thread" [_thread_blocked, id=5444, stack(0x00000000617f0000,0x00000000618f0000)]
  0x000000005b6d6000 JavaThread "Unknown thread" [_thread_blocked, id=2916, stack(0x0000000060670000,0x0000000060770000)]
  0x000000005b6d5000 JavaThread "Unknown thread" [_thread_blocked, id=4816, stack(0x0000000060560000,0x0000000060660000)]
  0x000000005b6d4800 JavaThread "Unknown thread" [_thread_blocked, id=4912, stack(0x0000000060400000,0x0000000060500000)]
  0x000000005b6d3800 JavaThread "Cache worker for Artifact transforms cache (C:\Users\INK\.gradle\caches\transforms-1)" [_thread_blocked, id=5296, stack(0x00000000602e0000,0x00000000603e0000)]
  0x000000005b6d3000 JavaThread "Cache worker for cache directory md-rule (C:\Users\INK\.gradle\caches\4.10.3\md-rule)" [_thread_blocked, id=4820, stack(0x000000005a300000,0x000000005a400000)]
  0x000000005b6d2000 JavaThread "Cache worker for cache directory md-supplier (C:\Users\INK\.gradle\caches\4.10.3\md-supplier)" [_thread_blocked, id=5864, stack(0x0000000060110000,0x0000000060210000)]
  0x000000005b6d0000 JavaThread "Cache worker for journal cache (C:\Users\INK\.gradle\caches\journal-1)" [_thread_blocked, id=4192, stack(0x000000005d2e0000,0x000000005d3e0000)]
  0x000000005b6cf000 JavaThread "Cache worker for file hash cache (C:\Users\INK\Desktop\AA\HealthFitnessPlanner\.gradle\4.10.3\fileHashes)" [_thread_blocked, id=4536, stack(0x0000000058070000,0x0000000058170000)]
  0x000000005b7e9800 JavaThread "File lock request listener" [_thread_in_native, id=5336, stack(0x000000005c190000,0x000000005c290000)]
  0x0000000059b89000 JavaThread "Cache worker for file hash cache (C:\Users\INK\.gradle\caches\4.10.3\fileHashes)" [_thread_blocked, id=5568, stack(0x000000005bf70000,0x000000005c070000)]
  0x00000000599de000 JavaThread "Stdin handler" [_thread_blocked, id=4308, stack(0x000000005ac70000,0x000000005ad70000)]
  0x00000000599d9000 JavaThread "Asynchronous log dispatcher for DefaultDaemonConnection: socket connection from /127.0.0.1:56941 to /127.0.0.1:56942" [_thread_blocked, id=5924, stack(0x000000005a8f0000,0x000000005a9f0000)]
  0x00000000599d5000 JavaThread "Daemon worker" [_thread_blocked, id=4988, stack(0x000000005a750000,0x000000005a850000)]
  0x00000000599d0000 JavaThread "Cancel handler" [_thread_blocked, id=4540, stack(0x0000000057e70000,0x0000000057f70000)]
  0x00000000597a1800 JavaThread "Handler for socket connection from /127.0.0.1:56941 to /127.0.0.1:56942" [_thread_in_native, id=1068, stack(0x000000005a550000,0x000000005a650000)]
  0x00000000597b1800 JavaThread "Daemon" [_thread_blocked, id=5740, stack(0x000000005a450000,0x000000005a550000)]
  0x000000005972a800 JavaThread "Daemon periodic checks" [_thread_blocked, id=5820, stack(0x000000005a1d0000,0x000000005a2d0000)]
  0x0000000059727800 JavaThread "Incoming local TCP Connector on port 56941" [_thread_in_native, id=5108, stack(0x00000000582a0000,0x00000000583a0000)]
  0x0000000057acb000 JavaThread "Service Thread" daemon [_thread_blocked, id=1308, stack(0x0000000057800000,0x0000000057900000)]
  0x0000000057aca000 JavaThread "C1 CompilerThread2" daemon [_thread_blocked, id=4904, stack(0x0000000058170000,0x0000000058270000)]
  0x0000000057a70800 JavaThread "C2 CompilerThread1" daemon [_thread_in_native, id=3652, stack(0x0000000057f70000,0x0000000058070000)]
=>0x000000005623c000 JavaThread "C2 CompilerThread0" daemon [_thread_in_native, id=5880, stack(0x0000000057970000,0x0000000057a70000)]
  0x000000005624d000 JavaThread "Attach Listener" daemon [_thread_blocked, id=4792, stack(0x0000000057700000,0x0000000057800000)]
  0x000000005624b800 JavaThread "Signal Dispatcher" daemon [_thread_blocked, id=3504, stack(0x0000000057410000,0x0000000057510000)]
  0x0000000056228000 JavaThread "Finalizer" daemon [_thread_blocked, id=5344, stack(0x0000000057510000,0x0000000057610000)]
  0x00000000561e1000 JavaThread "Reference Handler" daemon [_thread_blocked, id=6008, stack(0x00000000571a0000,0x00000000572a0000)]
  0x000000000015e800 JavaThread "main" [_thread_blocked, id=4952, stack(0x00000000022d0000,0x00000000023d0000)]

Other Threads:
  0x00000000561d9800 VMThread [stack: 0x00000000572a0000,0x00000000573a0000] [id=4000]
  0x0000000057acc000 WatcherThread [stack: 0x0000000058410000,0x0000000058510000] [id=5936]

VM state:at safepoint (normal execution)

VM Mutex/Monitor currently owned by a thread:  ([mutex/lock_event])
[0x000000000015c950] Threads_lock - owner thread: 0x00000000561d9800
[0x000000000015ce50] Heap_lock - owner thread: 0x00000000599d5000

Heap:
 PSYoungGen      total 185344K, used 5283K [0x00000000e0000000, 0x00000000ec880000, 0x0000000100000000)
  eden space 173056K, 0% used [0x00000000e0000000,0x00000000e0000000,0x00000000ea900000)
  from space 12288K, 43% used [0x00000000eb400000,0x00000000eb928fc8,0x00000000ec000000)
  to   space 11264K, 0% used [0x00000000ea900000,0x00000000ea900000,0x00000000eb400000)
 ParOldGen       total 30208K, used 16265K [0x00000000a0000000, 0x00000000a1d80000, 0x00000000e0000000)
  object space 30208K, 53% used [0x00000000a0000000,0x00000000a0fe2788,0x00000000a1d80000)
 Metaspace       used 34727K, capacity 35274K, committed 35416K, reserved 1079296K
  class space    used 4837K, capacity 5065K, committed 5120K, reserved 1048576K

Card table byte_map: [0x0000000011a60000,0x0000000011d70000] byte_map_base: 0x0000000011560000

Marking Bits: (ParMarkBitMap*) 0x000000006d2a5aa0
 Begin Bits: [0x0000000012550000, 0x0000000013d50000)
 End Bits:   [0x0000000013d50000, 0x0000000015550000)

Polling page: 0x0000000000130000

CodeCache: size=245760Kb used=10511Kb max_used=10512Kb free=235248Kb
 bounds [0x00000000026a0000, 0x00000000030f0000, 0x00000000116a0000]
 total_blobs=3722 nmethods=3016 adapters=620
 compilation: enabled

Compilation events (10 events):
Event: 27.931 Thread 0x0000000057aca000 3216       3       sun.reflect.annotation.AnnotationInvocationHandler::<init> (56 bytes)
Event: 27.932 Thread 0x0000000057aca000 nmethod 3216 0x00000000030e3690 code [0x00000000030e3840, 0x00000000030e3e68]
Event: 27.934 Thread 0x0000000057aca000 3217  s    3       sun.net.www.protocol.file.Handler::openConnection (7 bytes)
Event: 27.934 Thread 0x0000000057aca000 nmethod 3217 0x00000000030e4090 code [0x00000000030e4200, 0x00000000030e4508]
Event: 27.934 Thread 0x0000000057aca000 3218  s!   3       sun.net.www.protocol.file.Handler::openConnection (269 bytes)
Event: 27.938 Thread 0x0000000057aca000 nmethod 3218 0x00000000030e45d0 code [0x00000000030e4a60, 0x00000000030e78e8]
Event: 27.938 Thread 0x0000000057aca000 3219       3       sun.net.www.protocol.file.Handler::createFileURLConnection (10 bytes)
Event: 27.939 Thread 0x0000000057aca000 nmethod 3219 0x00000000030e95d0 code [0x00000000030e9740, 0x00000000030e9928]
Event: 28.061 Thread 0x0000000057aca000 3220   !   3       java.lang.ref.Reference::tryHandlePending (115 bytes)
Event: 28.062 Thread 0x0000000057aca000 nmethod 3220 0x00000000030e99d0 code [0x00000000030e9c00, 0x00000000030ea888]

GC Heap History (10 events):
Event: 4.587 GC heap after
Heap after GC invocations=7 (full 0):
 PSYoungGen      total 67584K, used 7091K [0x00000000e0000000, 0x00000000e8700000, 0x0000000100000000)
  eden space 60416K, 0% used [0x00000000e0000000,0x00000000e0000000,0x00000000e3b00000)
  from space 7168K, 98% used [0x00000000e3b00000,0x00000000e41ecc38,0x00000000e4200000)
  to   space 8704K, 0% used [0x00000000e7e80000,0x00000000e7e80000,0x00000000e8700000)
 ParOldGen       total 40960K, used 6775K [0x00000000a0000000, 0x00000000a2800000, 0x00000000e0000000)
  object space 40960K, 16% used [0x00000000a0000000,0x00000000a069de20,0x00000000a2800000)
 Metaspace       used 20839K, capacity 21176K, committed 21248K, reserved 1067008K
  class space    used 2911K, capacity 3060K, committed 3072K, reserved 1048576K
}
Event: 4.587 GC heap before
{Heap before GC invocations=8 (full 1):
 PSYoungGen      total 67584K, used 7091K [0x00000000e0000000, 0x00000000e8700000, 0x0000000100000000)
  eden space 60416K, 0% used [0x00000000e0000000,0x00000000e0000000,0x00000000e3b00000)
  from space 7168K, 98% used [0x00000000e3b00000,0x00000000e41ecc38,0x00000000e4200000)
  to   space 8704K, 0% used [0x00000000e7e80000,0x00000000e7e80000,0x00000000e8700000)
 ParOldGen       total 40960K, used 6775K [0x00000000a0000000, 0x00000000a2800000, 0x00000000e0000000)
  object space 40960K, 16% used [0x00000000a0000000,0x00000000a069de20,0x00000000a2800000)
 Metaspace       used 20839K, capacity 21176K, committed 21248K, reserved 1067008K
  class space    used 2911K, capacity 3060K, committed 3072K, reserved 1048576K
Event: 4.655 GC heap after
Heap after GC invocations=8 (full 1):
 PSYoungGen      total 67584K, used 0K [0x00000000e0000000, 0x00000000e8700000, 0x0000000100000000)
  eden space 60416K, 0% used [0x00000000e0000000,0x00000000e0000000,0x00000000e3b00000)
  from space 7168K, 0% used [0x00000000e3b00000,0x00000000e3b00000,0x00000000e4200000)
  to   space 8704K, 0% used [0x00000000e7e80000,0x00000000e7e80000,0x00000000e8700000)
 ParOldGen       total 30208K, used 9270K [0x00000000a0000000, 0x00000000a1d80000, 0x00000000e0000000)
  object space 30208K, 30% used [0x00000000a0000000,0x00000000a090d8d8,0x00000000a1d80000)
 Metaspace       used 20839K, capacity 21176K, committed 21248K, reserved 1067008K
  class space    used 2911K, capacity 3060K, committed 3072K, reserved 1048576K
}
Event: 5.986 GC heap before
{Heap before GC invocations=9 (full 1):
 PSYoungGen      total 67584K, used 60416K [0x00000000e0000000, 0x00000000e8700000, 0x0000000100000000)
  eden space 60416K, 100% used [0x00000000e0000000,0x00000000e3b00000,0x00000000e3b00000)
  from space 7168K, 0% used [0x00000000e3b00000,0x00000000e3b00000,0x00000000e4200000)
  to   space 8704K, 0% used [0x00000000e7e80000,0x00000000e7e80000,0x00000000e8700000)
 ParOldGen       total 30208K, used 9270K [0x00000000a0000000, 0x00000000a1d80000, 0x00000000e0000000)
  object space 30208K, 30% used [0x00000000a0000000,0x00000000a090d8d8,0x00000000a1d80000)
 Metaspace       used 26718K, capacity 27110K, committed 27392K, reserved 1073152K
  class space    used 3638K, capacity 3815K, committed 3840K, reserved 1048576K
Event: 6.189 GC heap after
Heap after GC invocations=9 (full 1):
 PSYoungGen      total 120832K, used 6829K [0x00000000e0000000, 0x00000000e8580000, 0x0000000100000000)
  eden space 113664K, 0% used [0x00000000e0000000,0x00000000e0000000,0x00000000e6f00000)
  from space 7168K, 95% used [0x00000000e7e80000,0x00000000e852b4a0,0x00000000e8580000)
  to   space 9216K, 0% used [0x00000000e7380000,0x00000000e7380000,0x00000000e7c80000)
 ParOldGen       total 30208K, used 9278K [0x00000000a0000000, 0x00000000a1d80000, 0x00000000e0000000)
  object space 30208K, 30% used [0x00000000a0000000,0x00000000a090f8d8,0x00000000a1d80000)
 Metaspace       used 26718K, capacity 27110K, committed 27392K, reserved 1073152K
  class space    used 3638K, capacity 3815K, committed 3840K, reserved 1048576K
}
Event: 27.957 GC heap before
{Heap before GC invocations=10 (full 1):
 PSYoungGen      total 120832K, used 120493K [0x00000000e0000000, 0x00000000e8580000, 0x0000000100000000)
  eden space 113664K, 100% used [0x00000000e0000000,0x00000000e6f00000,0x00000000e6f00000)
  from space 7168K, 95% used [0x00000000e7e80000,0x00000000e852b4a0,0x00000000e8580000)
  to   space 9216K, 0% used [0x00000000e7380000,0x00000000e7380000,0x00000000e7c80000)
 ParOldGen       total 30208K, used 9278K [0x00000000a0000000, 0x00000000a1d80000, 0x00000000e0000000)
  object space 30208K, 30% used [0x00000000a0000000,0x00000000a090f8d8,0x00000000a1d80000)
 Metaspace       used 34247K, capacity 34826K, committed 35072K, reserved 1079296K
  class space    used 4780K, capacity 5001K, committed 5120K, reserved 1048576K
Event: 27.992 GC heap after
Heap after GC invocations=10 (full 1):
 PSYoungGen      total 127488K, used 9202K [0x00000000e0000000, 0x00000000ec000000, 0x0000000100000000)
  eden space 118272K, 0% used [0x00000000e0000000,0x00000000e0000000,0x00000000e7380000)
  from space 9216K, 99% used [0x00000000e7380000,0x00000000e7c7c8c8,0x00000000e7c80000)
  to   space 12288K, 0% used [0x00000000eb400000,0x00000000eb400000,0x00000000ec000000)
 ParOldGen       total 30208K, used 13409K [0x00000000a0000000, 0x00000000a1d80000, 0x00000000e0000000)
  object space 30208K, 44% used [0x00000000a0000000,0x00000000a0d18418,0x00000000a1d80000)
 Metaspace       used 34247K, capacity 34826K, committed 35072K, reserved 1079296K
  class space    used 4780K, capacity 5001K, committed 5120K, reserved 1048576K
}
Event: 28.109 GC heap before
{Heap before GC invocations=11 (full 1):
 PSYoungGen      total 127488K, used 13324K [0x00000000e0000000, 0x00000000ec000000, 0x0000000100000000)
  eden space 118272K, 3% used [0x00000000e0000000,0x00000000e0406b28,0x00000000e7380000)
  from space 9216K, 99% used [0x00000000e7380000,0x00000000e7c7c8c8,0x00000000e7c80000)
  to   space 12288K, 0% used [0x00000000eb400000,0x00000000eb400000,0x00000000ec000000)
 ParOldGen       total 30208K, used 13409K [0x00000000a0000000, 0x00000000a1d80000, 0x00000000e0000000)
  object space 30208K, 44% used [0x00000000a0000000,0x00000000a0d18418,0x00000000a1d80000)
 Metaspace       used 34727K, capacity 35274K, committed 35416K, reserved 1079296K
  class space    used 4837K, capacity 5065K, committed 5120K, reserved 1048576K
Event: 28.157 GC heap after
Heap after GC invocations=11 (full 1):
 PSYoungGen      total 185344K, used 5283K [0x00000000e0000000, 0x00000000ec880000, 0x0000000100000000)
  eden space 173056K, 0% used [0x00000000e0000000,0x00000000e0000000,0x00000000ea900000)
  from space 12288K, 43% used [0x00000000eb400000,0x00000000eb928fc8,0x00000000ec000000)
  to   space 11264K, 0% used [0x00000000ea900000,0x00000000ea900000,0x00000000eb400000)
 ParOldGen       total 30208K, used 16265K [0x00000000a0000000, 0x00000000a1d80000, 0x00000000e0000000)
  object space 30208K, 53% used [0x00000000a0000000,0x00000000a0fe2788,0x00000000a1d80000)
 Metaspace       used 34727K, capacity 35274K, committed 35416K, reserved 1079296K
  class space    used 4837K, capacity 5065K, committed 5120K, reserved 1048576K
}
Event: 28.157 GC heap before
{Heap before GC invocations=12 (full 2):
 PSYoungGen      total 185344K, used 5283K [0x00000000e0000000, 0x00000000ec880000, 0x0000000100000000)
  eden space 173056K, 0% used [0x00000000e0000000,0x00000000e0000000,0x00000000ea900000)
  from space 12288K, 43% used [0x00000000eb400000,0x00000000eb928fc8,0x00000000ec000000)
  to   space 11264K, 0% used [0x00000000ea900000,0x00000000ea900000,0x00000000eb400000)
 ParOldGen       total 30208K, used 16265K [0x00000000a0000000, 0x00000000a1d80000, 0x00000000e0000000)
  object space 30208K, 53% used [0x00000000a0000000,0x00000000a0fe2788,0x00000000a1d80000)
 Metaspace       used 34727K, capacity 35274K, committed 35416K, reserved 1079296K
  class space    used 4837K, capacity 5065K, committed 5120K, reserved 1048576K

Deoptimization events (10 events):
Event: 27.482 Thread 0x00000000599d5000 Uncommon trap: reason=bimorphic action=maybe_recompile pc=0x0000000002eeb2fc method=java.lang.ClassLoader.getPackage(Ljava/lang/String;)Ljava/lang/Package; @ 47
Event: 27.487 Thread 0x00000000599d5000 Uncommon trap: reason=bimorphic action=maybe_recompile pc=0x0000000002eeb2fc method=java.lang.ClassLoader.getPackage(Ljava/lang/String;)Ljava/lang/Package; @ 47
Event: 27.491 Thread 0x00000000599d5000 Uncommon trap: reason=bimorphic action=maybe_recompile pc=0x0000000002eeb2fc method=java.lang.ClassLoader.getPackage(Ljava/lang/String;)Ljava/lang/Package; @ 47
Event: 27.491 Thread 0x00000000599d5000 Uncommon trap: reason=bimorphic action=maybe_recompile pc=0x0000000002eeb2fc method=java.lang.ClassLoader.getPackage(Ljava/lang/String;)Ljava/lang/Package; @ 47
Event: 27.492 Thread 0x00000000599d5000 Uncommon trap: reason=bimorphic action=maybe_recompile pc=0x0000000002eb49a8 method=java.lang.ClassLoader.getPackage(Ljava/lang/String;)Ljava/lang/Package; @ 47
Event: 27.585 Thread 0x00000000599d5000 Uncommon trap: reason=class_check action=maybe_recompile pc=0x0000000002cb47f8 method=java.io.BufferedInputStream.read1([BII)I @ 39
Event: 27.585 Thread 0x00000000599d5000 Uncommon trap: reason=class_check action=maybe_recompile pc=0x0000000002cb47f8 method=java.io.BufferedInputStream.read1([BII)I @ 39
Event: 27.585 Thread 0x00000000599d5000 Uncommon trap: reason=class_check action=maybe_recompile pc=0x0000000002cb47f8 method=java.io.BufferedInputStream.read1([BII)I @ 39
Event: 27.589 Thread 0x00000000599d5000 Uncommon trap: reason=unstable_if action=reinterpret pc=0x0000000002954d40 method=java.util.regex.Pattern.has(I)Z @ 6
Event: 27.771 Thread 0x00000000599d5000 Uncommon trap: reason=unstable_if action=reinterpret pc=0x0000000002ccb68c method=sun.misc.MetaIndex.mayContain(Ljava/lang/String;)Z @ 38

Classes redefined (0 events):
No events

Internal exceptions (10 events):
Event: 27.338 Thread 0x00000000599d5000 Exception <a 'java/lang/ClassNotFoundException': org/gradle/api/internal/AbstractTaskBeanInfo> (0x00000000e5e0e568) thrown at [D:\src\AOSP-openjdk-cygwin\jdk8u\hotspot\src\share\vm\classfile\systemDictionary.cpp, line 210]
Event: 27.340 Thread 0x00000000599d5000 Exception <a 'java/lang/ClassNotFoundException': org/gradle/api/internal/AbstractTaskCustomizer> (0x00000000e5e3c268) thrown at [D:\src\AOSP-openjdk-cygwin\jdk8u\hotspot\src\share\vm\classfile\systemDictionary.cpp, line 210]
Event: 27.346 Thread 0x00000000599d5000 Exception <a 'java/lang/ClassNotFoundException': org/gradle/api/DefaultTaskCustomizer> (0x00000000e5ec9b68) thrown at [D:\src\AOSP-openjdk-cygwin\jdk8u\hotspot\src\share\vm\classfile\systemDictionary.cpp, line 210]
Event: 27.348 Thread 0x00000000599d5000 Exception <a 'java/lang/ClassNotFoundException': org/gradle/api/internal/ConventionTaskCustomizer> (0x00000000e5f081f0) thrown at [D:\src\AOSP-openjdk-cygwin\jdk8u\hotspot\src\share\vm\classfile\systemDictionary.cpp, line 210]
Event: 27.351 Thread 0x00000000599d5000 Exception <a 'java/lang/ClassNotFoundException': org/gradle/api/tasks/DeleteCustomizer> (0x00000000e5f43d68) thrown at [D:\src\AOSP-openjdk-cygwin\jdk8u\hotspot\src\share\vm\classfile\systemDictionary.cpp, line 210]
Event: 27.354 Thread 0x00000000599d5000 Exception <a 'java/lang/ClassNotFoundException': org/gradle/api/tasks/Delete_DecoratedCustomizer> (0x00000000e5f8ddd8) thrown at [D:\src\AOSP-openjdk-cygwin\jdk8u\hotspot\src\share\vm\classfile\systemDictionary.cpp, line 210]
Event: 27.469 Thread 0x00000000599d5000 Exception <a 'java/lang/ClassNotFoundException': build_8plzcssc4sz3bl8yke68jjh0cBeanInfo> (0x00000000e60ef138) thrown at [D:\src\AOSP-openjdk-cygwin\jdk8u\hotspot\src\share\vm\classfile\systemDictionary.cpp, line 210]
Event: 27.469 Thread 0x00000000599d5000 Exception <a 'java/lang/ClassNotFoundException': build_8plzcssc4sz3bl8yke68jjh0cCustomizer> (0x00000000e60f9e38) thrown at [D:\src\AOSP-openjdk-cygwin\jdk8u\hotspot\src\share\vm\classfile\systemDictionary.cpp, line 210]
Event: 27.477 Thread 0x00000000599d5000 Exception <a 'java/lang/ClassNotFoundException': org/gradle/api/internal/plugins/DefaultObjectConfigurationActionBeanInfo> (0x00000000e6168400) thrown at [D:\src\AOSP-openjdk-cygwin\jdk8u\hotspot\src\share\vm\classfile\systemDictionary.cpp, line 210]
Event: 27.478 Thread 0x00000000599d5000 Exception <a 'java/lang/ClassNotFoundException': org/gradle/api/internal/plugins/DefaultObjectConfigurationActionCustomizer> (0x00000000e61a4938) thrown at [D:\src\AOSP-openjdk-cygwin\jdk8u\hotspot\src\share\vm\classfile\systemDictionary.cpp, line 210]

Events (10 events):
Event: 28.106 loading class com/google/protobuf/FieldSet$FieldDescriptorLite done
Event: 28.107 loading class com/google/protobuf/Descriptors$GenericDescriptor
Event: 28.107 loading class com/google/protobuf/Descriptors$GenericDescriptor done
Event: 28.107 loading class com/google/protobuf/ExtensionRegistry$ExtensionInfo
Event: 28.107 loading class com/google/protobuf/ExtensionRegistry$ExtensionInfo done
Event: 28.108 loading class com/google/protobuf/Extension$ExtensionType
Event: 28.108 loading class com/google/protobuf/Extension$ExtensionType done
Event: 28.108 loading class com/google/protobuf/Descriptors$Descriptor
Event: 28.108 loading class com/google/protobuf/Descriptors$Descriptor done
Event: 28.109 Executing VM operation: CollectForMetadataAllocation


Dynamic libraries:
0x000000013f590000 - 0x000000013f5c1000 	C:\Program Files\Android\Android Studio2\jre\bin\java.exe
0x00000000771f0000 - 0x0000000077399000 	C:\Windows\SYSTEM32\ntdll.dll
0x0000000076fd0000 - 0x00000000770ef000 	C:\Windows\system32\kernel32.dll
0x000007fefd1f0000 - 0x000007fefd25b000 	C:\Windows\system32\KERNELBASE.dll
0x000007fefe2c0000 - 0x000007fefe39b000 	C:\Windows\system32\ADVAPI32.dll
0x000007fefdaf0000 - 0x000007fefdb8f000 	C:\Windows\system32\msvcrt.dll
0x000007fefe540000 - 0x000007fefe55f000 	C:\Windows\SYSTEM32\sechost.dll
0x000007fefd9c0000 - 0x000007fefdaed000 	C:\Windows\system32\RPCRT4.dll
0x00000000770f0000 - 0x00000000771ea000 	C:\Windows\system32\USER32.dll
0x000007fefdb90000 - 0x000007fefdbf7000 	C:\Windows\system32\GDI32.dll
0x000007fefd510000 - 0x000007fefd51e000 	C:\Windows\system32\LPK.dll
0x000007fefe410000 - 0x000007fefe4d9000 	C:\Windows\system32\USP10.dll
0x000007fefbad0000 - 0x000007fefbcc4000 	C:\Windows\WinSxS\amd64_microsoft.windows.common-controls_6595b64144ccf1df_6.0.7601.17514_none_fa396087175ac9ac\COMCTL32.dll
0x000007fefdc00000 - 0x000007fefdc71000 	C:\Windows\system32\SHLWAPI.dll
0x000007fefd990000 - 0x000007fefd9be000 	C:\Windows\system32\IMM32.DLL
0x000007fefe0d0000 - 0x000007fefe1d9000 	C:\Windows\system32\MSCTF.dll
0x000000006fe40000 - 0x000000006ff12000 	C:\Program Files\Android\Android Studio2\jre\jre\bin\msvcr100.dll
0x000000006cae0000 - 0x000000006d321000 	C:\Program Files\Android\Android Studio2\jre\jre\bin\server\jvm.dll
0x000007fef3970000 - 0x000007fef3979000 	C:\Windows\system32\WSOCK32.dll
0x000007fefe3a0000 - 0x000007fefe3ed000 	C:\Windows\system32\WS2_32.dll
0x000007fefe560000 - 0x000007fefe568000 	C:\Windows\system32\NSI.dll
0x000007fef9490000 - 0x000007fef94cb000 	C:\Windows\system32\WINMM.dll
0x000007fefc2a0000 - 0x000007fefc2ac000 	C:\Windows\system32\VERSION.dll
0x00000000773b0000 - 0x00000000773b7000 	C:\Windows\system32\PSAPI.DLL
0x000007fef3960000 - 0x000007fef396f000 	C:\Program Files\Android\Android Studio2\jre\jre\bin\verify.dll
0x000007fef2b20000 - 0x000007fef2b49000 	C:\Program Files\Android\Android Studio2\jre\jre\bin\java.dll
0x000007fef23d0000 - 0x000007fef23e6000 	C:\Program Files\Android\Android Studio2\jre\jre\bin\zip.dll
0x000007fefe770000 - 0x000007feff4f8000 	C:\Windows\system32\SHELL32.dll
0x000007fefd780000 - 0x000007fefd983000 	C:\Windows\system32\ole32.dll
0x000007fefd140000 - 0x000007fefd14f000 	C:\Windows\system32\profapi.dll
0x000007fee7f30000 - 0x000007fee7f4a000 	C:\Program Files\Android\Android Studio2\jre\jre\bin\net.dll
0x000007fefc9b0000 - 0x000007fefca05000 	C:\Windows\system32\mswsock.dll
0x000007fefc9a0000 - 0x000007fefc9a7000 	C:\Windows\System32\wship6.dll
0x000007fee7f10000 - 0x000007fee7f21000 	C:\Program Files\Android\Android Studio2\jre\jre\bin\nio.dll
0x000007fefb660000 - 0x000007fefb67e000 	C:\Users\INK\.gradle\native\25\windows-amd64\native-platform.dll
0x000007feeee20000 - 0x000007feeee2d000 	C:\Program Files\Android\Android Studio2\jre\jre\bin\management.dll
0x000007fefca10000 - 0x000007fefca27000 	C:\Windows\system32\CRYPTSP.dll
0x000007fefc710000 - 0x000007fefc757000 	C:\Windows\system32\rsaenh.dll
0x000007fefc490000 - 0x000007fefc4ae000 	C:\Windows\system32\USERENV.dll
0x000007fefd070000 - 0x000007fefd07f000 	C:\Windows\system32\CRYPTBASE.dll
0x000007fef9f30000 - 0x000007fef9f57000 	C:\Windows\system32\IPHLPAPI.DLL
0x000007fef9f10000 - 0x000007fef9f1b000 	C:\Windows\system32\WINNSI.DLL
0x000007fef9df0000 - 0x000007fef9e08000 	C:\Windows\system32\dhcpcsvc.DLL
0x000007fef9c50000 - 0x000007fef9c61000 	C:\Windows\system32\dhcpcsvc6.DLL

VM Arguments:
jvm_args: -Xmx1536m -Dfile.encoding=windows-1252 -Duser.country=US -Duser.language=en -Duser.variant 
java_command: org.gradle.launcher.daemon.bootstrap.GradleDaemon 4.10.3
java_class_path (initial): C:\Users\INK\.gradle\wrapper\dists\gradle-4.10.3-all\81msde2dx9p4vji0mjgtvxkcb\gradle-4.10.3\lib\gradle-launcher-4.10.3.jar
Launcher Type: SUN_STANDARD

Environment Variables:
PATH=C:\Windows\Microsoft.NET\Framework64\v4.0.30319;C:\Program Files\Microsoft SQL Server\110\Tools\Binn\;C:\Program Files (x86)\Windows Kits\8.0\Windows Performance Toolkit\
USERNAME=INK
OS=Windows_NT
PROCESSOR_IDENTIFIER=Intel64 Family 6 Model 37 Stepping 5, GenuineIntel



---------------  S Y S T E M  ---------------

OS: Windows 7 , 64 bit Build 7601 (6.1.7601.17514)

CPU:total 4 (initial active 4) (2 cores per cpu, 2 threads per core) family 6 model 37 stepping 5, cmov, cx8, fxsr, mmx, sse, sse2, sse3, ssse3, sse4.1, sse4.2, popcnt, ht, tsc, tscinvbit

Memory: 4k page, physical 3857112k(403060k free), swap 3855268k(5200k free)

vm_info: OpenJDK 64-Bit Server VM (25.152-b01) for windows-amd64 JRE (1.8.0_152-release-1343-b01), built by "builder" with MS VC++ 10.0 (VS2010)

time: Tue Aug 13 21:38:38 2019
elapsed time: 28 seconds (0d 0h 0m 28s)

