#
# There is insufficient memory for the Java Runtime Environment to continue.
# Native memory allocation (malloc) failed to allocate 32744 bytes for ChunkPool::allocate
# Possible reasons:
#   The system is out of physical RAM or swap space
#   In 32 bit mode, the process size limit was hit
# Possible solutions:
#   Reduce memory load on the system
#   Increase physical memory or swap space
#   Check if swap backing store is full
#   Use 64 bit Java on a 64 bit OS
#   Decrease Java heap size (-Xmx/-Xms)
#   Decrease number of Java threads
#   Decrease Java thread stack sizes (-Xss)
#   Set larger code cache with -XX:ReservedCodeCacheSize=
# This output file may be truncated or incomplete.
#
#  Out of Memory Error (allocation.cpp:273), pid=4344, tid=0x000000000000052c
#
# JRE version: OpenJDK Runtime Environment (8.0_152-b01) (build 1.8.0_152-release-1343-b01)
# Java VM: OpenJDK 64-Bit Server VM (25.152-b01 mixed mode windows-amd64 compressed oops)
# Failed to write core dump. Minidumps are not enabled by default on client versions of Windows
#

---------------  T H R E A D  ---------------

Current thread (0x00000000576e2800):  JavaThread "C2 CompilerThread0" daemon [_thread_in_native, id=1324, stack(0x0000000057f80000,0x0000000058080000)]

Stack: [0x0000000057f80000,0x0000000058080000]
[error occurred during error reporting (printing stack bounds), id 0xc0000005]

Native frames: (J=compiled Java code, j=interpreted, Vv=VM code, C=native code)


Current CompileTask:
C2: 492927 17705       4       com.android.tools.r8.ir.optimize.DeadCodeRemover::removeDeadInstructions (141 bytes)


---------------  P R O C E S S  ---------------

Java Threads: ( => current thread )
  0x000000005d0b2000 JavaThread "ForkJoinPool-6-worker-1" daemon [_thread_in_native, id=3912, stack(0x0000000063a40000,0x0000000063b40000)]
  0x000000005d425000 JavaThread "ForkJoinPool.commonPool-worker-2" daemon [_thread_blocked, id=4920, stack(0x0000000063e60000,0x0000000063f60000)]
  0x000000005d425800 JavaThread "ForkJoinPool.commonPool-worker-1" daemon [_thread_blocked, id=1432, stack(0x0000000064870000,0x0000000064970000)]
  0x000000005d0b1800 JavaThread "ForkJoinPool.commonPool-worker-0" daemon [_thread_blocked, id=968, stack(0x0000000064750000,0x0000000064850000)]
  0x0000000057919000 JavaThread "Cache worker for Java compile cache (C:\Users\INK\Desktop\AA\HealthFitnessPlanner\.gradle\4.10.3\javaCompile)" [_thread_blocked, id=4848, stack(0x0000000063d00000,0x0000000063e00000)]
  0x000000005f027800 JavaThread "Cache worker for Build Output Cleanup Cache (C:\Users\INK\Desktop\AA\HealthFitnessPlanner\.gradle\buildOutputCleanup)" [_thread_blocked, id=2556, stack(0x0000000063120000,0x0000000063220000)]
  0x000000005f029000 JavaThread "Cache worker for task history cache (C:\Users\INK\Desktop\AA\HealthFitnessPlanner\.gradle\4.10.3\taskHistory)" [_thread_blocked, id=4660, stack(0x0000000063b50000,0x0000000063c50000)]
  0x000000005f028800 JavaThread "Task worker for ':' Thread 3" [_thread_blocked, id=4652, stack(0x000000005c530000,0x000000005c630000)]
  0x000000005f022000 JavaThread "Task worker for ':' Thread 2" [_thread_blocked, id=4024, stack(0x0000000063690000,0x0000000063790000)]
  0x000000005f023000 JavaThread "Task worker for ':'" [_thread_blocked, id=4972, stack(0x0000000063260000,0x0000000063360000)]
  0x0000000059e9c800 JavaThread "Cache worker for file content cache (C:\Users\INK\Desktop\AA\HealthFitnessPlanner\.gradle\4.10.3\fileContent)" [_thread_blocked, id=992, stack(0x0000000063010000,0x0000000063110000)]
  0x0000000059e9e000 JavaThread "Build operations Thread 4" [_thread_blocked, id=3228, stack(0x0000000061ed0000,0x0000000061fd0000)]
  0x0000000059e9c000 JavaThread "Build operations Thread 3" [_thread_blocked, id=528, stack(0x0000000062c90000,0x0000000062d90000)]
  0x0000000059e93800 JavaThread "Build operations Thread 2" [_thread_blocked, id=3932, stack(0x0000000060f40000,0x0000000061040000)]
  0x0000000059e90000 JavaThread "Build operations" [_thread_blocked, id=4752, stack(0x00000000610a0000,0x00000000611a0000)]
  0x0000000059e95000 JavaThread "Cache worker for cache directory md-rule (C:\Users\INK\.gradle\caches\4.10.3\md-rule)" [_thread_blocked, id=1440, stack(0x0000000060e30000,0x0000000060f30000)]
  0x000000005efca800 JavaThread "Cache worker for cache directory md-supplier (C:\Users\INK\.gradle\caches\4.10.3\md-supplier)" [_thread_blocked, id=5340, stack(0x000000005a990000,0x000000005aa90000)]
  0x000000005efce800 JavaThread "Cache worker for file hash cache (C:\Users\INK\Desktop\AA\HealthFitnessPlanner\.gradle\4.10.3\fileHashes)" [_thread_blocked, id=3984, stack(0x0000000060650000,0x0000000060750000)]
  0x000000005efcc000 JavaThread "Stdin handler" [_thread_blocked, id=3504, stack(0x00000000604c0000,0x00000000605c0000)]
  0x000000005efcd800 JavaThread "Asynchronous log dispatcher for DefaultDaemonConnection: socket connection from /127.0.0.1:58432 to /127.0.0.1:58474" [_thread_blocked, id=5672, stack(0x0000000060220000,0x0000000060320000)]
  0x000000005efca000 JavaThread "Daemon worker Thread 2" [_thread_blocked, id=4036, stack(0x000000005ae70000,0x000000005af70000)]
  0x000000005efd0000 JavaThread "Cancel handler" [_thread_blocked, id=5436, stack(0x000000005aae0000,0x000000005abe0000)]
  0x000000005efd0800 JavaThread "Handler for socket connection from /127.0.0.1:58432 to /127.0.0.1:58474" [_thread_in_native, id=5280, stack(0x000000005a740000,0x000000005a840000)]
  0x000000005efcb800 JavaThread "Daemon Thread 2" [_thread_blocked, id=4888, stack(0x000000005a4f0000,0x000000005a5f0000)]
  0x0000000059e93000 JavaThread "pool-1-thread-1" [_thread_blocked, id=3436, stack(0x000000005ecc0000,0x000000005edc0000)]
  0x000000005f027000 JavaThread "Cache worker for Java compile cache (C:\Users\INK\.gradle\caches\4.10.3\javaCompile)" [_thread_blocked, id=5016, stack(0x000000005b010000,0x000000005b110000)]
  0x0000000059e9b000 JavaThread "Cache worker for file content cache (C:\Users\INK\.gradle\caches\4.10.3\fileContent)" [_thread_blocked, id=4868, stack(0x000000005c330000,0x000000005c430000)]
  0x0000000059e99800 JavaThread "Memory manager" [_thread_blocked, id=4776, stack(0x0000000062350000,0x0000000062450000)]
  0x0000000059e94800 JavaThread "Cache worker for Artifact transforms cache (C:\Users\INK\.gradle\caches\transforms-1)" [_thread_blocked, id=4152, stack(0x00000000603c0000,0x00000000604c0000)]
  0x0000000059e90800 JavaThread "Cache worker for journal cache (C:\Users\INK\.gradle\caches\journal-1)" [_thread_blocked, id=4200, stack(0x000000005a860000,0x000000005a960000)]
  0x0000000059e8f000 JavaThread "File lock request listener" [_thread_in_native, id=4268, stack(0x000000005c430000,0x000000005c530000)]
  0x000000005b522800 JavaThread "Cache worker for file hash cache (C:\Users\INK\.gradle\caches\4.10.3\fileHashes)" [_thread_blocked, id=1668, stack(0x000000005a5f0000,0x000000005a6f0000)]
  0x000000005980e000 JavaThread "Daemon periodic checks" [_thread_blocked, id=4620, stack(0x000000005a3f0000,0x000000005a4f0000)]
  0x0000000059813000 JavaThread "Incoming local TCP Connector on port 58432" [_thread_in_native, id=3316, stack(0x000000005a220000,0x000000005a320000)]
  0x0000000057750000 JavaThread "Service Thread" daemon [_thread_blocked, id=1768, stack(0x0000000058300000,0x0000000058400000)]
  0x00000000561e8800 JavaThread "C1 CompilerThread2" daemon [_thread_blocked, id=4684, stack(0x0000000058140000,0x0000000058240000)]
  0x00000000576eb800 JavaThread "C2 CompilerThread1" daemon [_thread_in_native, id=5400, stack(0x0000000057e60000,0x0000000057f60000)]
=>0x00000000576e2800 JavaThread "C2 CompilerThread0" daemon [_thread_in_native, id=1324, stack(0x0000000057f80000,0x0000000058080000)]
  0x00000000561e3800 JavaThread "Attach Listener" daemon [_thread_blocked, id=5036, stack(0x0000000057ce0000,0x0000000057de0000)]
  0x00000000561e2800 JavaThread "Signal Dispatcher" daemon [_thread_blocked, id=4444, stack(0x0000000057b60000,0x0000000057c60000)]
  0x00000000561cb800 JavaThread "Finalizer" daemon [_thread_blocked, id=1444, stack(0x00000000575e0000,0x00000000576e0000)]
  0x0000000056185000 JavaThread "Reference Handler" daemon [_thread_blocked, id=3944, stack(0x0000000057460000,0x0000000057560000)]
  0x000000000029e800 JavaThread "main" [_thread_blocked, id=3540, stack(0x0000000002260000,0x0000000002360000)]

Other Threads:
  0x0000000056179800 VMThread [stack: 0x0000000057250000,0x0000000057350000] [id=4900]
  0x00000000561ef000 WatcherThread [stack: 0x00000000584e0000,0x00000000585e0000] [id=5428]

VM state:not at safepoint (normal execution)

VM Mutex/Monitor currently owned by a thread: None

Heap:
 PSYoungGen      total 330752K, used 254632K [0x00000000e0000000, 0x00000000f8300000, 0x0000000100000000)
  eden space 295936K, 85% used [0x00000000e0000000,0x00000000ef5e9ec8,0x00000000f2100000)
  from space 34816K, 8% used [0x00000000f2100000,0x00000000f23c01b0,0x00000000f4300000)
  to   space 34304K, 0% used [0x00000000f6180000,0x00000000f6180000,0x00000000f8300000)
 ParOldGen       total 82432K, used 63797K [0x00000000a0000000, 0x00000000a5080000, 0x00000000e0000000)
  object space 82432K, 77% used [0x00000000a0000000,0x00000000a3e4d570,0x00000000a5080000)
 Metaspace       used 84519K, capacity 87609K, committed 87856K, reserved 1126400K
  class space    used 10796K, capacity 11465K, committed 11568K, reserved 1048576K

Card table byte_map: [0x00000000119f0000,0x0000000011d00000] byte_map_base: 0x00000000114f0000

Marking Bits: (ParMarkBitMap*) 0x000000006dc75aa0
 Begin Bits: [0x00000000124f0000, 0x0000000013cf0000)
 End Bits:   [0x0000000013cf0000, 0x00000000154f0000)

Polling page: 0x0000000000250000

CodeCache: size=245760Kb used=46941Kb max_used=46941Kb free=198818Kb
 bounds [0x0000000002630000, 0x0000000005450000, 0x0000000011630000]
 total_blobs=15238 nmethods=14376 adapters=775
 compilation: enabled

Compilation events (10 events):
Event: 492.624 Thread 0x00000000561e8800 17761       1       com.android.ide.common.util.ReferenceHolder::getValue (5 bytes)
Event: 492.624 Thread 0x00000000561e8800 nmethod 17761 0x00000000054411d0 code [0x0000000005441320, 0x0000000005441430]
Event: 492.624 Thread 0x00000000561e8800 17762       2       java.util.ArrayList::spliterator (12 bytes)
Event: 492.625 Thread 0x00000000561e8800 nmethod 17762 0x0000000005441490 code [0x00000000054415e0, 0x00000000054417b0]
Event: 492.625 Thread 0x00000000561e8800 17763       2       java.util.ArrayList$ArrayListSpliterator::<init> (26 bytes)
Event: 492.625 Thread 0x00000000561e8800 nmethod 17763 0x0000000005441850 code [0x00000000054419a0, 0x0000000005441b10]
Event: 492.625 Thread 0x00000000561e8800 17764       2       com.google.gson.internal.bind.ObjectTypeAdapter$1::create (20 bytes)
Event: 492.625 Thread 0x00000000561e8800 nmethod 17764 0x0000000005441b90 code [0x0000000005441d00, 0x0000000005441ef0]
Event: 492.639 Thread 0x00000000561e8800 17765  s    2       com.android.build.gradle.internal.pipeline.IntermediateFolderUtils::getContentLocation (228 bytes)
Event: 492.641 Thread 0x00000000561e8800 nmethod 17765 0x0000000005441fd0 code [0x0000000005442280, 0x0000000005442f48]

GC Heap History (10 events):
Event: 117.037 GC heap before
{Heap before GC invocations=20 (full 3):
 PSYoungGen      total 304640K, used 288468K [0x00000000e0000000, 0x00000000f5600000, 0x0000000100000000)
  eden space 279040K, 100% used [0x00000000e0000000,0x00000000f1080000,0x00000000f1080000)
  from space 25600K, 36% used [0x00000000f2800000,0x00000000f31350d0,0x00000000f4100000)
  to   space 24064K, 0% used [0x00000000f1080000,0x00000000f1080000,0x00000000f2800000)
 ParOldGen       total 82432K, used 53855K [0x00000000a0000000, 0x00000000a5080000, 0x00000000e0000000)
  object space 82432K, 65% used [0x00000000a0000000,0x00000000a3497c30,0x00000000a5080000)
 Metaspace       used 78091K, capacity 81317K, committed 81456K, reserved 1120256K
  class space    used 10279K, capacity 10949K, committed 11056K, reserved 1048576K
Event: 117.082 GC heap after
Heap after GC invocations=20 (full 3):
 PSYoungGen      total 303104K, used 9445K [0x00000000e0000000, 0x00000000f5980000, 0x0000000100000000)
  eden space 279040K, 0% used [0x00000000e0000000,0x00000000e0000000,0x00000000f1080000)
  from space 24064K, 39% used [0x00000000f1080000,0x00000000f19b9658,0x00000000f2800000)
  to   space 23040K, 0% used [0x00000000f4300000,0x00000000f4300000,0x00000000f5980000)
 ParOldGen       total 82432K, used 53863K [0x00000000a0000000, 0x00000000a5080000, 0x00000000e0000000)
  object space 82432K, 65% used [0x00000000a0000000,0x00000000a3499c30,0x00000000a5080000)
 Metaspace       used 78091K, capacity 81317K, committed 81456K, reserved 1120256K
  class space    used 10279K, capacity 10949K, committed 11056K, reserved 1048576K
}
Event: 124.090 GC heap before
{Heap before GC invocations=21 (full 3):
 PSYoungGen      total 303104K, used 288460K [0x00000000e0000000, 0x00000000f5980000, 0x0000000100000000)
  eden space 279040K, 99% used [0x00000000e0000000,0x00000000f1079d80,0x00000000f1080000)
  from space 24064K, 39% used [0x00000000f1080000,0x00000000f19b9658,0x00000000f2800000)
  to   space 23040K, 0% used [0x00000000f4300000,0x00000000f4300000,0x00000000f5980000)
 ParOldGen       total 82432K, used 53863K [0x00000000a0000000, 0x00000000a5080000, 0x00000000e0000000)
  object space 82432K, 65% used [0x00000000a0000000,0x00000000a3499c30,0x00000000a5080000)
 Metaspace       used 79600K, capacity 82947K, committed 83120K, reserved 1122304K
  class space    used 10408K, capacity 11108K, committed 11184K, reserved 1048576K
Event: 124.183 GC heap after
Heap after GC invocations=21 (full 3):
 PSYoungGen      total 318976K, used 23023K [0x00000000e0000000, 0x00000000f7300000, 0x0000000100000000)
  eden space 295936K, 0% used [0x00000000e0000000,0x00000000e0000000,0x00000000f2100000)
  from space 23040K, 99% used [0x00000000f4300000,0x00000000f597bcb8,0x00000000f5980000)
  to   space 34816K, 0% used [0x00000000f2100000,0x00000000f2100000,0x00000000f4300000)
 ParOldGen       total 82432K, used 76196K [0x00000000a0000000, 0x00000000a5080000, 0x00000000e0000000)
  object space 82432K, 92% used [0x00000000a0000000,0x00000000a4a69388,0x00000000a5080000)
 Metaspace       used 79600K, capacity 82947K, committed 83120K, reserved 1122304K
  class space    used 10408K, capacity 11108K, committed 11184K, reserved 1048576K
}
Event: 124.183 GC heap before
{Heap before GC invocations=22 (full 4):
 PSYoungGen      total 318976K, used 23023K [0x00000000e0000000, 0x00000000f7300000, 0x0000000100000000)
  eden space 295936K, 0% used [0x00000000e0000000,0x00000000e0000000,0x00000000f2100000)
  from space 23040K, 99% used [0x00000000f4300000,0x00000000f597bcb8,0x00000000f5980000)
  to   space 34816K, 0% used [0x00000000f2100000,0x00000000f2100000,0x00000000f4300000)
 ParOldGen       total 82432K, used 76196K [0x00000000a0000000, 0x00000000a5080000, 0x00000000e0000000)
  object space 82432K, 92% used [0x00000000a0000000,0x00000000a4a69388,0x00000000a5080000)
 Metaspace       used 79600K, capacity 82947K, committed 83120K, reserved 1122304K
  class space    used 10408K, capacity 11108K, committed 11184K, reserved 1048576K
Event: 125.128 GC heap after
Heap after GC invocations=22 (full 4):
 PSYoungGen      total 318976K, used 4579K [0x00000000e0000000, 0x00000000f7300000, 0x0000000100000000)
  eden space 295936K, 0% used [0x00000000e0000000,0x00000000e0000000,0x00000000f2100000)
  from space 23040K, 19% used [0x00000000f4300000,0x00000000f4778c18,0x00000000f5980000)
  to   space 34816K, 0% used [0x00000000f2100000,0x00000000f2100000,0x00000000f4300000)
 ParOldGen       total 82432K, used 82105K [0x00000000a0000000, 0x00000000a5080000, 0x00000000e0000000)
  object space 82432K, 99% used [0x00000000a0000000,0x00000000a502e5f8,0x00000000a5080000)
 Metaspace       used 79328K, capacity 82203K, committed 83120K, reserved 1122304K
  class space    used 10314K, capacity 10946K, committed 11184K, reserved 1048576K
}
Event: 138.584 GC heap before
{Heap before GC invocations=23 (full 5):
 PSYoungGen      total 318976K, used 300136K [0x00000000e0000000, 0x00000000f7300000, 0x0000000100000000)
  eden space 295936K, 99% used [0x00000000e0000000,0x00000000f20a14b8,0x00000000f2100000)
  from space 23040K, 19% used [0x00000000f4300000,0x00000000f4778c18,0x00000000f5980000)
  to   space 34816K, 0% used [0x00000000f2100000,0x00000000f2100000,0x00000000f4300000)
 ParOldGen       total 82432K, used 82105K [0x00000000a0000000, 0x00000000a5080000, 0x00000000e0000000)
  object space 82432K, 99% used [0x00000000a0000000,0x00000000a502e5f8,0x00000000a5080000)
 Metaspace       used 80300K, capacity 83243K, committed 84016K, reserved 1122304K
  class space    used 10429K, capacity 11068K, committed 11312K, reserved 1048576K
Event: 138.827 GC heap after
Heap after GC invocations=23 (full 5):
 PSYoungGen      total 318976K, used 0K [0x00000000e0000000, 0x00000000f7300000, 0x0000000100000000)
  eden space 295936K, 0% used [0x00000000e0000000,0x00000000e0000000,0x00000000f2100000)
  from space 23040K, 0% used [0x00000000f4300000,0x00000000f4300000,0x00000000f5980000)
  to   space 34816K, 0% used [0x00000000f2100000,0x00000000f2100000,0x00000000f4300000)
 ParOldGen       total 82432K, used 63789K [0x00000000a0000000, 0x00000000a5080000, 0x00000000e0000000)
  object space 82432K, 77% used [0x00000000a0000000,0x00000000a3e4b570,0x00000000a5080000)
 Metaspace       used 80300K, capacity 83243K, committed 84016K, reserved 1122304K
  class space    used 10429K, capacity 11068K, committed 11312K, reserved 1048576K
}
Event: 139.094 GC heap before
{Heap before GC invocations=24 (full 5):
 PSYoungGen      total 318976K, used 295263K [0x00000000e0000000, 0x00000000f7300000, 0x0000000100000000)
  eden space 295936K, 99% used [0x00000000e0000000,0x00000000f2057ff8,0x00000000f2100000)
  from space 23040K, 0% used [0x00000000f4300000,0x00000000f4300000,0x00000000f5980000)
  to   space 34816K, 0% used [0x00000000f2100000,0x00000000f2100000,0x00000000f4300000)
 ParOldGen       total 82432K, used 63789K [0x00000000a0000000, 0x00000000a5080000, 0x00000000e0000000)
  object space 82432K, 77% used [0x00000000a0000000,0x00000000a3e4b570,0x00000000a5080000)
 Metaspace       used 80322K, capacity 83243K, committed 84016K, reserved 1122304K
  class space    used 10429K, capacity 11068K, committed 11312K, reserved 1048576K
Event: 139.100 GC heap after
Heap after GC invocations=24 (full 5):
 PSYoungGen      total 330752K, used 2816K [0x00000000e0000000, 0x00000000f8300000, 0x0000000100000000)
  eden space 295936K, 0% used [0x00000000e0000000,0x00000000e0000000,0x00000000f2100000)
  from space 34816K, 8% used [0x00000000f2100000,0x00000000f23c01b0,0x00000000f4300000)
  to   space 34304K, 0% used [0x00000000f6180000,0x00000000f6180000,0x00000000f8300000)
 ParOldGen       total 82432K, used 63797K [0x00000000a0000000, 0x00000000a5080000, 0x00000000e0000000)
  object space 82432K, 77% used [0x00000000a0000000,0x00000000a3e4d570,0x00000000a5080000)
 Metaspace       used 80322K, capacity 83243K, committed 84016K, reserved 1122304K
  class space    used 10429K, capacity 11068K, committed 11312K, reserved 1048576K
}

Deoptimization events (10 events):
Event: 492.030 Thread 0x000000005d0b1800 Uncommon trap: reason=bimorphic action=maybe_recompile pc=0x00000000044f2f40 method=java.util.function.Predicate.lambda$and$0(Ljava/util/function/Predicate;Ljava/lang/Object;)Z @ 12
Event: 492.030 Thread 0x000000005d0b1800 Uncommon trap: reason=bimorphic action=maybe_recompile pc=0x00000000044f2f40 method=java.util.function.Predicate.lambda$and$0(Ljava/util/function/Predicate;Ljava/lang/Object;)Z @ 12
Event: 492.030 Thread 0x000000005d0b1800 Uncommon trap: reason=bimorphic action=maybe_recompile pc=0x00000000044f2f40 method=java.util.function.Predicate.lambda$and$0(Ljava/util/function/Predicate;Ljava/lang/Object;)Z @ 12
Event: 492.030 Thread 0x000000005d0b1800 Uncommon trap: reason=bimorphic action=maybe_recompile pc=0x00000000044f2f40 method=java.util.function.Predicate.lambda$and$0(Ljava/util/function/Predicate;Ljava/lang/Object;)Z @ 12
Event: 492.144 Thread 0x000000005f023000 Uncommon trap: reason=class_check action=maybe_recompile pc=0x0000000004cb0430 method=java.util.Collections$SetFromMap.size()I @ 4
Event: 492.153 Thread 0x000000005d0b1800 Uncommon trap: reason=class_check action=maybe_recompile pc=0x0000000004ef2eac method=com.android.tools.r8.ir.conversion.IRConverter.convertMethodToDex(Lcom/android/tools/r8/graph/DexEncodedMethod;)V @ 58
Event: 492.163 Thread 0x000000005d0b1800 Uncommon trap: reason=class_check action=maybe_recompile pc=0x0000000004ef2eac method=com.android.tools.r8.ir.conversion.IRConverter.convertMethodToDex(Lcom/android/tools/r8/graph/DexEncodedMethod;)V @ 58
Event: 492.345 Thread 0x000000005d0b1800 Uncommon trap: reason=class_check action=maybe_recompile pc=0x0000000004ef2eac method=com.android.tools.r8.ir.conversion.IRConverter.convertMethodToDex(Lcom/android/tools/r8/graph/DexEncodedMethod;)V @ 58
Event: 492.347 Thread 0x000000005d0b1800 Uncommon trap: reason=class_check action=maybe_recompile pc=0x0000000004ef2eac method=com.android.tools.r8.ir.conversion.IRConverter.convertMethodToDex(Lcom/android/tools/r8/graph/DexEncodedMethod;)V @ 58
Event: 492.350 Thread 0x000000005d0b1800 Uncommon trap: reason=class_check action=maybe_recompile pc=0x0000000004eeb054 method=com.android.tools.r8.ir.conversion.IRConverter.convertMethodToDex(Lcom/android/tools/r8/graph/DexEncodedMethod;)V @ 58

Classes redefined (0 events):
No events

Internal exceptions (10 events):
Event: 140.661 Thread 0x0000000059a32800 Exception <a 'java/lang/NoSuchMethodError': <clinit>> (0x00000000e443f6c8) thrown at [D:\src\AOSP-openjdk-cygwin\jdk8u\hotspot\src\share\vm\prims\jni.cpp, line 1613]
Event: 140.662 Thread 0x0000000059a32800 Exception <a 'java/lang/NoSuchMethodError': <clinit>> (0x00000000e4448ef0) thrown at [D:\src\AOSP-openjdk-cygwin\jdk8u\hotspot\src\share\vm\prims\jni.cpp, line 1613]
Event: 140.666 Thread 0x0000000059a32800 Exception <a 'java/lang/NoSuchMethodError': <clinit>> (0x00000000e4464c38) thrown at [D:\src\AOSP-openjdk-cygwin\jdk8u\hotspot\src\share\vm\prims\jni.cpp, line 1613]
Event: 140.668 Thread 0x0000000059a32800 Exception <a 'java/lang/NoSuchMethodError': <clinit>> (0x00000000e4475048) thrown at [D:\src\AOSP-openjdk-cygwin\jdk8u\hotspot\src\share\vm\prims\jni.cpp, line 1613]
Event: 140.670 Thread 0x0000000059a32800 Exception <a 'java/lang/NoSuchMethodError': <clinit>> (0x00000000e447ac48) thrown at [D:\src\AOSP-openjdk-cygwin\jdk8u\hotspot\src\share\vm\prims\jni.cpp, line 1613]
Event: 465.613 Thread 0x000000005efca000 Exception <a 'sun/nio/fs/WindowsException'> (0x00000000e61b1ad0) thrown at [D:\src\AOSP-openjdk-cygwin\jdk8u\hotspot\src\share\vm\prims\jni.cpp, line 709]
Event: 482.124 Thread 0x000000005f022000 Implicit null exception at 0x000000000445b67c to 0x000000000445bd5d
Event: 492.150 Thread 0x000000005d0b1800 Exception <a 'sun/nio/fs/WindowsException'> (0x00000000ee233cd0) thrown at [D:\src\AOSP-openjdk-cygwin\jdk8u\hotspot\src\share\vm\prims\jni.cpp, line 709]
Event: 492.367 Thread 0x000000005d0b1800 Exception <a 'sun/nio/fs/WindowsException'> (0x00000000eefacbe0) thrown at [D:\src\AOSP-openjdk-cygwin\jdk8u\hotspot\src\share\vm\prims\jni.cpp, line 709]
Event: 492.383 Thread 0x000000005d0b1800 Exception <a 'sun/nio/fs/WindowsException'> (0x00000000eefb5a48) thrown at [D:\src\AOSP-openjdk-cygwin\jdk8u\hotspot\src\share\vm\prims\jni.cpp, line 709]

Events (10 events):
Event: 492.348 Thread 0x000000005d0b1800 DEOPT PACKING pc=0x0000000004ef2eac sp=0x000000006484e2a0
Event: 492.348 Thread 0x000000005d0b1800 DEOPT UNPACKING pc=0x000000000267557b sp=0x000000006484e1b0 mode 2
Event: 492.350 Thread 0x000000005d0b1800 Uncommon trap: trap_request=0xffffffde fr.pc=0x0000000004eeb054
Event: 492.350 Thread 0x000000005d0b1800 DEOPT PACKING pc=0x0000000004eeb054 sp=0x000000006484e1c0
Event: 492.350 Thread 0x000000005d0b1800 DEOPT UNPACKING pc=0x000000000267557b sp=0x000000006484e1a0 mode 2
Event: 492.466 Thread 0x000000005f023000 DEOPT PACKING pc=0x00000000045b7b1b sp=0x000000006335ca80
Event: 492.466 Thread 0x000000005f023000 DEOPT UNPACKING pc=0x00000000026771d0 sp=0x000000006335c870 mode 0
Event: 492.639 Thread 0x000000005d0b2000 Thread added: 0x000000005d0b2000
Event: 492.639 loading class com/android/build/api/transform/JarInput
Event: 492.639 loading class com/android/build/api/transform/JarInput done


Dynamic libraries:
0x000000013f690000 - 0x000000013f6c1000 	C:\Program Files\Android\Android Studio2\jre\bin\java.exe
0x00000000771f0000 - 0x0000000077399000 	C:\Windows\SYSTEM32\ntdll.dll
0x0000000076fd0000 - 0x00000000770ef000 	C:\Windows\system32\kernel32.dll
0x000007fefd1f0000 - 0x000007fefd25b000 	C:\Windows\system32\KERNELBASE.dll
0x000007fefe2c0000 - 0x000007fefe39b000 	C:\Windows\system32\ADVAPI32.dll
0x000007fefdaf0000 - 0x000007fefdb8f000 	C:\Windows\system32\msvcrt.dll
0x000007fefe540000 - 0x000007fefe55f000 	C:\Windows\SYSTEM32\sechost.dll
0x000007fefd9c0000 - 0x000007fefdaed000 	C:\Windows\system32\RPCRT4.dll
0x00000000770f0000 - 0x00000000771ea000 	C:\Windows\system32\USER32.dll
0x000007fefdb90000 - 0x000007fefdbf7000 	C:\Windows\system32\GDI32.dll
0x000007fefd510000 - 0x000007fefd51e000 	C:\Windows\system32\LPK.dll
0x000007fefe410000 - 0x000007fefe4d9000 	C:\Windows\system32\USP10.dll
0x000007fefbad0000 - 0x000007fefbcc4000 	C:\Windows\WinSxS\amd64_microsoft.windows.common-controls_6595b64144ccf1df_6.0.7601.17514_none_fa396087175ac9ac\COMCTL32.dll
0x000007fefdc00000 - 0x000007fefdc71000 	C:\Windows\system32\SHLWAPI.dll
0x000007fefd990000 - 0x000007fefd9be000 	C:\Windows\system32\IMM32.DLL
0x000007fefe0d0000 - 0x000007fefe1d9000 	C:\Windows\system32\MSCTF.dll
0x0000000071760000 - 0x0000000071832000 	C:\Program Files\Android\Android Studio2\jre\jre\bin\msvcr100.dll
0x000000006d4b0000 - 0x000000006dcf1000 	C:\Program Files\Android\Android Studio2\jre\jre\bin\server\jvm.dll
0x000007fefb2e0000 - 0x000007fefb2e9000 	C:\Windows\system32\WSOCK32.dll
0x000007fefe3a0000 - 0x000007fefe3ed000 	C:\Windows\system32\WS2_32.dll
0x000007fefe560000 - 0x000007fefe568000 	C:\Windows\system32\NSI.dll
0x000007fef9490000 - 0x000007fef94cb000 	C:\Windows\system32\WINMM.dll
0x000007fefc2a0000 - 0x000007fefc2ac000 	C:\Windows\system32\VERSION.dll
0x00000000773b0000 - 0x00000000773b7000 	C:\Windows\system32\PSAPI.DLL
0x000007fefb2d0000 - 0x000007fefb2df000 	C:\Program Files\Android\Android Studio2\jre\jre\bin\verify.dll
0x000007fefb0b0000 - 0x000007fefb0d9000 	C:\Program Files\Android\Android Studio2\jre\jre\bin\java.dll
0x000007fefb0f0000 - 0x000007fefb106000 	C:\Program Files\Android\Android Studio2\jre\jre\bin\zip.dll
0x000007fefe770000 - 0x000007feff4f8000 	C:\Windows\system32\SHELL32.dll
0x000007fefd780000 - 0x000007fefd983000 	C:\Windows\system32\ole32.dll
0x000007fefd140000 - 0x000007fefd14f000 	C:\Windows\system32\profapi.dll
0x000007fefb090000 - 0x000007fefb0aa000 	C:\Program Files\Android\Android Studio2\jre\jre\bin\net.dll
0x000007fefc9b0000 - 0x000007fefca05000 	C:\Windows\system32\mswsock.dll
0x000007fefc9a0000 - 0x000007fefc9a7000 	C:\Windows\System32\wship6.dll
0x000007fefab60000 - 0x000007fefab71000 	C:\Program Files\Android\Android Studio2\jre\jre\bin\nio.dll
0x000007fefb3d0000 - 0x000007fefb3ee000 	C:\Users\INK\.gradle\native\25\windows-amd64\native-platform.dll
0x000007fefb2c0000 - 0x000007fefb2cd000 	C:\Program Files\Android\Android Studio2\jre\jre\bin\management.dll
0x000007fefca10000 - 0x000007fefca27000 	C:\Windows\system32\CRYPTSP.dll
0x000007fefc710000 - 0x000007fefc757000 	C:\Windows\system32\rsaenh.dll
0x000007fefc490000 - 0x000007fefc4ae000 	C:\Windows\system32\USERENV.dll
0x000007fefd070000 - 0x000007fefd07f000 	C:\Windows\system32\CRYPTBASE.dll
0x000007fef9f30000 - 0x000007fef9f57000 	C:\Windows\system32\IPHLPAPI.DLL
0x000007fef9f10000 - 0x000007fef9f1b000 	C:\Windows\system32\WINNSI.DLL
0x000007fef9df0000 - 0x000007fef9e08000 	C:\Windows\system32\dhcpcsvc.DLL
0x000007fef9c50000 - 0x000007fef9c61000 	C:\Windows\system32\dhcpcsvc6.DLL
0x000007fefd010000 - 0x000007fefd067000 	C:\Windows\system32\apphelp.dll

VM Arguments:
jvm_args: -Xmx1536m -Dfile.encoding=windows-1252 -Duser.country=US -Duser.language=en -Duser.variant 
java_command: org.gradle.launcher.daemon.bootstrap.GradleDaemon 4.10.3
java_class_path (initial): C:\Users\INK\.gradle\wrapper\dists\gradle-4.10.3-all\81msde2dx9p4vji0mjgtvxkcb\gradle-4.10.3\lib\gradle-launcher-4.10.3.jar
Launcher Type: SUN_STANDARD

Environment Variables:
PATH=C:\Windows\Microsoft.NET\Framework64\v4.0.30319;C:\Program Files\Microsoft SQL Server\110\Tools\Binn\;C:\Program Files (x86)\Windows Kits\8.0\Windows Performance Toolkit\
USERNAME=INK
OS=Windows_NT
PROCESSOR_IDENTIFIER=Intel64 Family 6 Model 37 Stepping 5, GenuineIntel



---------------  S Y S T E M  ---------------

OS: Windows 7 , 64 bit Build 7601 (6.1.7601.17514)

CPU:total 4 (initial active 4) (2 cores per cpu, 2 threads per core) family 6 model 37 stepping 5, cmov, cx8, fxsr, mmx, sse, sse2, sse3, ssse3, sse4.1, sse4.2, popcnt, ht, tsc, tscinvbit

Memory: 4k page, physical 3857112k(182708k free), swap 3855268k(5212k free)

vm_info: OpenJDK 64-Bit Server VM (25.152-b01) for windows-amd64 JRE (1.8.0_152-release-1343-b01), built by "builder" with MS VC++ 10.0 (VS2010)

time: Thu Aug 15 09:03:20 2019
elapsed time: 492 seconds (0d 0h 8m 12s)

