#
# There is insufficient memory for the Java Runtime Environment to continue.
# Native memory allocation (malloc) failed to allocate 32744 bytes for ChunkPool::allocate
# Possible reasons:
#   The system is out of physical RAM or swap space
#   In 32 bit mode, the process size limit was hit
# Possible solutions:
#   Reduce memory load on the system
#   Increase physical memory or swap space
#   Check if swap backing store is full
#   Use 64 bit Java on a 64 bit OS
#   Decrease Java heap size (-Xmx/-Xms)
#   Decrease number of Java threads
#   Decrease Java thread stack sizes (-Xss)
#   Set larger code cache with -XX:ReservedCodeCacheSize=
# This output file may be truncated or incomplete.
#
#  Out of Memory Error (allocation.cpp:273), pid=2504, tid=0x0000000000000cd4
#
# JRE version: OpenJDK Runtime Environment (8.0_152-b01) (build 1.8.0_152-release-1343-b01)
# Java VM: OpenJDK 64-Bit Server VM (25.152-b01 mixed mode windows-amd64 compressed oops)
# Failed to write core dump. Minidumps are not enabled by default on client versions of Windows
#

---------------  T H R E A D  ---------------

Current thread (0x0000000055f2e800):  JavaThread "C2 CompilerThread0" daemon [_thread_in_native, id=3284, stack(0x0000000057570000,0x0000000057670000)]

Stack: [0x0000000057570000,0x0000000057670000]
[error occurred during error reporting (printing stack bounds), id 0xc0000005]

Native frames: (J=compiled Java code, j=interpreted, Vv=VM code, C=native code)


Current CompileTask:
C2:1625704 26241       4       sun.nio.fs.WindowsPath::startsWith (105 bytes)


---------------  P R O C E S S  ---------------

Java Threads: ( => current thread )
  0x000000005d7b3000 JavaThread "Cache worker for Build Output Cleanup Cache (C:\Users\INK\Desktop\AA\HealthFitnessPlanner\.gradle\buildOutputCleanup)" [_thread_blocked, id=2088, stack(0x0000000064d90000,0x0000000064e90000)]
  0x000000005d7b5000 JavaThread "Cache worker for task history cache (C:\Users\INK\Desktop\AA\HealthFitnessPlanner\.gradle\4.10.3\taskHistory)" [_thread_blocked, id=2276, stack(0x0000000061860000,0x0000000061960000)]
  0x000000005d7b3800 JavaThread "Task worker for ':' Thread 3" [_thread_in_native, id=3632, stack(0x0000000065f00000,0x0000000066000000)]
  0x000000005d7b6000 JavaThread "Task worker for ':' Thread 2" [_thread_in_native, id=644, stack(0x0000000064c80000,0x0000000064d80000)]
  0x000000005d7b4800 JavaThread "Task worker for ':'" [_thread_blocked, id=2360, stack(0x000000005a4c0000,0x000000005a5c0000)]
  0x000000006589a000 JavaThread "Cache worker for file content cache (C:\Users\INK\Desktop\AA\HealthFitnessPlanner\.gradle\4.10.3\fileContent)" [_thread_blocked, id=4940, stack(0x0000000063450000,0x0000000063550000)]
  0x0000000065895000 JavaThread "Build operations Thread 4" [_thread_blocked, id=4880, stack(0x0000000061110000,0x0000000061210000)]
  0x0000000065899800 JavaThread "Build operations Thread 3" [_thread_blocked, id=2420, stack(0x0000000061700000,0x0000000061800000)]
  0x0000000065896800 JavaThread "Build operations Thread 2" [_thread_blocked, id=3480, stack(0x000000005a060000,0x000000005a160000)]
  0x0000000065898000 JavaThread "Build operations" [_thread_blocked, id=4132, stack(0x0000000060f90000,0x0000000061090000)]
  0x0000000065897000 JavaThread "Cache worker for cache directory md-rule (C:\Users\INK\.gradle\caches\4.10.3\md-rule)" [_thread_blocked, id=2596, stack(0x0000000060d30000,0x0000000060e30000)]
  0x0000000065895800 JavaThread "Cache worker for cache directory md-supplier (C:\Users\INK\.gradle\caches\4.10.3\md-supplier)" [_thread_blocked, id=5028, stack(0x000000005a900000,0x000000005aa00000)]
  0x000000005ae71800 JavaThread "Cache worker for file hash cache (C:\Users\INK\Desktop\AA\HealthFitnessPlanner\.gradle\4.10.3\fileHashes)" [_thread_blocked, id=2340, stack(0x00000000609e0000,0x0000000060ae0000)]
  0x000000005ae77800 JavaThread "Stdin handler" [_thread_blocked, id=3380, stack(0x000000005ecb0000,0x000000005edb0000)]
  0x000000005ae6c000 JavaThread "Asynchronous log dispatcher for DefaultDaemonConnection: socket connection from /127.0.0.1:49679 to /127.0.0.1:49855" [_thread_blocked, id=3800, stack(0x000000005d2f0000,0x000000005d3f0000)]
  0x000000005ae76800 JavaThread "Daemon worker Thread 6" [_thread_in_native, id=2228, stack(0x000000005abd0000,0x000000005acd0000)]
  0x000000005ae7b000 JavaThread "Cancel handler" [_thread_blocked, id=5012, stack(0x000000005a5e0000,0x000000005a6e0000)]
  0x000000005ae73000 JavaThread "Handler for socket connection from /127.0.0.1:49679 to /127.0.0.1:49855" [_thread_in_native, id=4492, stack(0x000000005a3a0000,0x000000005a4a0000)]
  0x000000005ae76000 JavaThread "Daemon Thread 6" [_thread_blocked, id=568, stack(0x000000005a160000,0x000000005a260000)]
  0x000000005b2a0800 JavaThread "Cache worker for Java compile cache (C:\Users\INK\.gradle\caches\4.10.3\javaCompile)" [_thread_blocked, id=3496, stack(0x0000000066d60000,0x0000000066e60000)]
  0x000000005cb39000 JavaThread "Cache worker for file content cache (C:\Users\INK\.gradle\caches\4.10.3\fileContent)" [_thread_blocked, id=424, stack(0x0000000063020000,0x0000000063120000)]
  0x000000005ae70800 JavaThread "pool-1-thread-1" [_thread_blocked, id=4164, stack(0x000000005aa50000,0x000000005ab50000)]
  0x000000005ae79800 JavaThread "Memory manager" [_thread_blocked, id=4152, stack(0x0000000062a60000,0x0000000062b60000)]
  0x000000005ae72000 JavaThread "Cache worker for Artifact transforms cache (C:\Users\INK\.gradle\caches\transforms-1)" [_thread_blocked, id=4104, stack(0x000000005d3f0000,0x000000005d4f0000)]
  0x000000005ae6d000 JavaThread "Cache worker for journal cache (C:\Users\INK\.gradle\caches\journal-1)" [_thread_blocked, id=2540, stack(0x000000005d4f0000,0x000000005d5f0000)]
  0x0000000059c36000 JavaThread "File lock request listener" [_thread_in_native, id=3580, stack(0x000000005c0f0000,0x000000005c1f0000)]
  0x0000000059c64800 JavaThread "Cache worker for file hash cache (C:\Users\INK\.gradle\caches\4.10.3\fileHashes)" [_thread_blocked, id=1424, stack(0x000000005bf00000,0x000000005c000000)]
  0x000000005965d000 JavaThread "Daemon periodic checks" [_thread_blocked, id=3616, stack(0x0000000059f60000,0x000000005a060000)]
  0x000000005965a800 JavaThread "Incoming local TCP Connector on port 49679" [_thread_in_native, id=2404, stack(0x0000000058ab0000,0x0000000058bb0000)]
  0x0000000057804800 JavaThread "Service Thread" daemon [_thread_blocked, id=3436, stack(0x0000000058000000,0x0000000058100000)]
  0x0000000057793000 JavaThread "C1 CompilerThread2" daemon [_thread_blocked, id=3096, stack(0x0000000057c00000,0x0000000057d00000)]
  0x0000000057792800 JavaThread "C2 CompilerThread1" daemon [_thread_in_native, id=4524, stack(0x0000000057d70000,0x0000000057e70000)]
=>0x0000000055f2e800 JavaThread "C2 CompilerThread0" daemon [_thread_in_native, id=3284, stack(0x0000000057570000,0x0000000057670000)]
  0x0000000055f2d000 JavaThread "Attach Listener" daemon [_thread_blocked, id=4256, stack(0x0000000057330000,0x0000000057430000)]
  0x0000000055f2b800 JavaThread "Signal Dispatcher" daemon [_thread_blocked, id=4716, stack(0x0000000057690000,0x0000000057790000)]
  0x0000000055f08000 JavaThread "Finalizer" daemon [_thread_blocked, id=4144, stack(0x0000000057450000,0x0000000057550000)]
  0x0000000055ec1000 JavaThread "Reference Handler" daemon [_thread_blocked, id=3728, stack(0x00000000571b0000,0x00000000572b0000)]
  0x0000000001bfe800 JavaThread "main" [_thread_blocked, id=4652, stack(0x00000000020c0000,0x00000000021c0000)]

Other Threads:
  0x0000000055eb9800 VMThread [stack: 0x0000000057010000,0x0000000057110000] [id=2900]
  0x000000005782d800 WatcherThread [stack: 0x00000000581a0000,0x00000000582a0000] [id=1836]

VM state:not at safepoint (normal execution)

VM Mutex/Monitor currently owned by a thread: None

Heap:
 PSYoungGen      total 494080K, used 29373K [0x00000000e0000000, 0x0000000100000000, 0x0000000100000000)
  eden space 463872K, 5% used [0x00000000e0000000,0x00000000e174bae0,0x00000000fc500000)
  from space 30208K, 18% used [0x00000000fc500000,0x00000000fca63a38,0x00000000fe280000)
  to   space 29184K, 0% used [0x00000000fe380000,0x00000000fe380000,0x0000000100000000)
 ParOldGen       total 124416K, used 56735K [0x00000000a0000000, 0x00000000a7980000, 0x00000000e0000000)
  object space 124416K, 45% used [0x00000000a0000000,0x00000000a3767f50,0x00000000a7980000)
 Metaspace       used 98963K, capacity 103586K, committed 103768K, reserved 1140736K
  class space    used 12240K, capacity 13177K, committed 13184K, reserved 1048576K

Card table byte_map: [0x0000000011850000,0x0000000011b60000] byte_map_base: 0x0000000011350000

Marking Bits: (ParMarkBitMap*) 0x000000006d0a5aa0
 Begin Bits: [0x0000000012230000, 0x0000000013a30000)
 End Bits:   [0x0000000013a30000, 0x0000000015230000)

Polling page: 0x0000000000330000

CodeCache: size=245760Kb used=70193Kb max_used=70205Kb free=175566Kb
 bounds [0x0000000002490000, 0x0000000006980000, 0x0000000011490000]
 total_blobs=20999 nmethods=20083 adapters=828
 compilation: enabled

Compilation events (10 events):
Event: 1624.341 Thread 0x0000000057793000 26237       3       com.sun.org.apache.xerces.internal.util.XMLAttributesImpl::refresh (30 bytes)
Event: 1624.342 Thread 0x0000000057793000 nmethod 26237 0x0000000006972450 code [0x00000000069725c0, 0x00000000069728c8]
Event: 1624.342 Thread 0x0000000055f2e800 nmethod 26236 0x00000000068c5950 code [0x00000000068c5a80, 0x00000000068c5af8]
Event: 1624.342 Thread 0x0000000057793000 26238       3       java.lang.String::valueOf (5 bytes)
Event: 1624.343 Thread 0x0000000057793000 nmethod 26238 0x00000000069720d0 code [0x0000000006972240, 0x00000000069723a8]
Event: 1624.440 Thread 0x0000000057793000 26239   !   3       java.util.concurrent.LinkedBlockingQueue::signalNotEmpty (33 bytes)
Event: 1624.440 Thread 0x0000000055f2e800 26240   !   4       org.gradle.api.internal.artifacts.ivyservice.resolveengine.artifact.ArtifactBackedResolvedVariant$DownloadArtifactFile::run (50 bytes)
Event: 1624.442 Thread 0x0000000057793000 nmethod 26239 0x00000000069710d0 code [0x00000000069712c0, 0x0000000006971bd8]
Event: 1624.456 Thread 0x0000000055f2e800 nmethod 26240 0x0000000006979b90 code [0x0000000006979d20, 0x000000000697a2e8]
Event: 1625.018 Thread 0x0000000055f2e800 26241       4       sun.nio.fs.WindowsPath::startsWith (105 bytes)

GC Heap History (10 events):
Event: 930.762 GC heap before
{Heap before GC invocations=37 (full 4):
 PSYoungGen      total 497152K, used 474404K [0x00000000e0000000, 0x00000000fff00000, 0x0000000100000000)
  eden space 472064K, 100% used [0x00000000e0000000,0x00000000fcd00000,0x00000000fcd00000)
  from space 25088K, 9% used [0x00000000fe680000,0x00000000fe8c93f0,0x00000000fff00000)
  to   space 25600K, 0% used [0x00000000fcd00000,0x00000000fcd00000,0x00000000fe600000)
 ParOldGen       total 124416K, used 56274K [0x00000000a0000000, 0x00000000a7980000, 0x00000000e0000000)
  object space 124416K, 45% used [0x00000000a0000000,0x00000000a36f49c0,0x00000000a7980000)
 Metaspace       used 95966K, capacity 100110K, committed 100312K, reserved 1136640K
  class space    used 11936K, capacity 12789K, committed 12800K, reserved 1048576K
Event: 930.772 GC heap after
Heap after GC invocations=37 (full 4):
 PSYoungGen      total 497664K, used 2548K [0x00000000e0000000, 0x00000000fff80000, 0x0000000100000000)
  eden space 472064K, 0% used [0x00000000e0000000,0x00000000e0000000,0x00000000fcd00000)
  from space 25600K, 9% used [0x00000000fcd00000,0x00000000fcf7d0e8,0x00000000fe600000)
  to   space 25088K, 0% used [0x00000000fe700000,0x00000000fe700000,0x00000000fff80000)
 ParOldGen       total 124416K, used 56639K [0x00000000a0000000, 0x00000000a7980000, 0x00000000e0000000)
  object space 124416K, 45% used [0x00000000a0000000,0x00000000a374ffe8,0x00000000a7980000)
 Metaspace       used 95966K, capacity 100110K, committed 100312K, reserved 1136640K
  class space    used 11936K, capacity 12789K, committed 12800K, reserved 1048576K
}
Event: 940.554 GC heap before
{Heap before GC invocations=38 (full 4):
 PSYoungGen      total 497664K, used 474612K [0x00000000e0000000, 0x00000000fff80000, 0x0000000100000000)
  eden space 472064K, 100% used [0x00000000e0000000,0x00000000fcd00000,0x00000000fcd00000)
  from space 25600K, 9% used [0x00000000fcd00000,0x00000000fcf7d0e8,0x00000000fe600000)
  to   space 25088K, 0% used [0x00000000fe700000,0x00000000fe700000,0x00000000fff80000)
 ParOldGen       total 124416K, used 56639K [0x00000000a0000000, 0x00000000a7980000, 0x00000000e0000000)
  object space 124416K, 45% used [0x00000000a0000000,0x00000000a374ffe8,0x00000000a7980000)
 Metaspace       used 96083K, capacity 100240K, committed 100312K, reserved 1136640K
  class space    used 11950K, capacity 12800K, committed 12800K, reserved 1048576K
Event: 940.608 GC heap after
Heap after GC invocations=38 (full 4):
 PSYoungGen      total 496640K, used 5624K [0x00000000e0000000, 0x00000000ffd80000, 0x0000000100000000)
  eden space 473600K, 0% used [0x00000000e0000000,0x00000000e0000000,0x00000000fce80000)
  from space 23040K, 24% used [0x00000000fe700000,0x00000000fec7e318,0x00000000ffd80000)
  to   space 24064K, 0% used [0x00000000fce80000,0x00000000fce80000,0x00000000fe600000)
 ParOldGen       total 124416K, used 56711K [0x00000000a0000000, 0x00000000a7980000, 0x00000000e0000000)
  object space 124416K, 45% used [0x00000000a0000000,0x00000000a3761f50,0x00000000a7980000)
 Metaspace       used 96083K, capacity 100240K, committed 100312K, reserved 1136640K
  class space    used 11950K, capacity 12800K, committed 12800K, reserved 1048576K
}
Event: 965.340 GC heap before
{Heap before GC invocations=39 (full 4):
 PSYoungGen      total 496640K, used 479224K [0x00000000e0000000, 0x00000000ffd80000, 0x0000000100000000)
  eden space 473600K, 100% used [0x00000000e0000000,0x00000000fce80000,0x00000000fce80000)
  from space 23040K, 24% used [0x00000000fe700000,0x00000000fec7e318,0x00000000ffd80000)
  to   space 24064K, 0% used [0x00000000fce80000,0x00000000fce80000,0x00000000fe600000)
 ParOldGen       total 124416K, used 56711K [0x00000000a0000000, 0x00000000a7980000, 0x00000000e0000000)
  object space 124416K, 45% used [0x00000000a0000000,0x00000000a3761f50,0x00000000a7980000)
 Metaspace       used 96823K, capacity 101068K, committed 101208K, reserved 1138688K
  class space    used 12005K, capacity 12924K, committed 12928K, reserved 1048576K
Event: 965.389 GC heap after
Heap after GC invocations=39 (full 4):
 PSYoungGen      total 494080K, used 20189K [0x00000000e0000000, 0x0000000100000000, 0x0000000100000000)
  eden space 473600K, 0% used [0x00000000e0000000,0x00000000e0000000,0x00000000fce80000)
  from space 20480K, 98% used [0x00000000fce80000,0x00000000fe237610,0x00000000fe280000)
  to   space 27136K, 0% used [0x00000000fe580000,0x00000000fe580000,0x0000000100000000)
 ParOldGen       total 124416K, used 56719K [0x00000000a0000000, 0x00000000a7980000, 0x00000000e0000000)
  object space 124416K, 45% used [0x00000000a0000000,0x00000000a3763f50,0x00000000a7980000)
 Metaspace       used 96823K, capacity 101068K, committed 101208K, reserved 1138688K
  class space    used 12005K, capacity 12924K, committed 12928K, reserved 1048576K
}
Event: 981.597 GC heap before
{Heap before GC invocations=40 (full 4):
 PSYoungGen      total 494080K, used 493178K [0x00000000e0000000, 0x0000000100000000, 0x0000000100000000)
  eden space 473600K, 99% used [0x00000000e0000000,0x00000000fcde7590,0x00000000fce80000)
  from space 20480K, 98% used [0x00000000fce80000,0x00000000fe237610,0x00000000fe280000)
  to   space 27136K, 0% used [0x00000000fe580000,0x00000000fe580000,0x0000000100000000)
 ParOldGen       total 124416K, used 56719K [0x00000000a0000000, 0x00000000a7980000, 0x00000000e0000000)
  object space 124416K, 45% used [0x00000000a0000000,0x00000000a3763f50,0x00000000a7980000)
 Metaspace       used 97670K, capacity 101914K, committed 102104K, reserved 1138688K
  class space    used 12099K, capacity 13003K, committed 13056K, reserved 1048576K
Event: 981.638 GC heap after
Heap after GC invocations=40 (full 4):
 PSYoungGen      total 491008K, used 23048K [0x00000000e0000000, 0x0000000100000000, 0x0000000100000000)
  eden space 463872K, 0% used [0x00000000e0000000,0x00000000e0000000,0x00000000fc500000)
  from space 27136K, 84% used [0x00000000fe580000,0x00000000ffc02090,0x0000000100000000)
  to   space 30208K, 0% used [0x00000000fc500000,0x00000000fc500000,0x00000000fe280000)
 ParOldGen       total 124416K, used 56727K [0x00000000a0000000, 0x00000000a7980000, 0x00000000e0000000)
  object space 124416K, 45% used [0x00000000a0000000,0x00000000a3765f50,0x00000000a7980000)
 Metaspace       used 97670K, capacity 101914K, committed 102104K, reserved 1138688K
  class space    used 12099K, capacity 13003K, committed 13056K, reserved 1048576K
}
Event: 1623.002 GC heap before
{Heap before GC invocations=41 (full 4):
 PSYoungGen      total 491008K, used 486920K [0x00000000e0000000, 0x0000000100000000, 0x0000000100000000)
  eden space 463872K, 100% used [0x00000000e0000000,0x00000000fc500000,0x00000000fc500000)
  from space 27136K, 84% used [0x00000000fe580000,0x00000000ffc02090,0x0000000100000000)
  to   space 30208K, 0% used [0x00000000fc500000,0x00000000fc500000,0x00000000fe280000)
 ParOldGen       total 124416K, used 56727K [0x00000000a0000000, 0x00000000a7980000, 0x00000000e0000000)
  object space 124416K, 45% used [0x00000000a0000000,0x00000000a3765f50,0x00000000a7980000)
 Metaspace       used 98931K, capacity 103516K, committed 103768K, reserved 1140736K
  class space    used 12239K, capacity 13176K, committed 13184K, reserved 1048576K
Event: 1623.016 GC heap after
Heap after GC invocations=41 (full 4):
 PSYoungGen      total 494080K, used 5518K [0x00000000e0000000, 0x0000000100000000, 0x0000000100000000)
  eden space 463872K, 0% used [0x00000000e0000000,0x00000000e0000000,0x00000000fc500000)
  from space 30208K, 18% used [0x00000000fc500000,0x00000000fca63a38,0x00000000fe280000)
  to   space 29184K, 0% used [0x00000000fe380000,0x00000000fe380000,0x0000000100000000)
 ParOldGen       total 124416K, used 56735K [0x00000000a0000000, 0x00000000a7980000, 0x00000000e0000000)
  object space 124416K, 45% used [0x00000000a0000000,0x00000000a3767f50,0x00000000a7980000)
 Metaspace       used 98931K, capacity 103516K, committed 103768K, reserved 1140736K
  class space    used 12239K, capacity 13176K, committed 13184K, reserved 1048576K
}

Deoptimization events (10 events):
Event: 1381.618 Thread 0x000000005ae7b000 Uncommon trap: reason=class_check action=maybe_recompile pc=0x00000000049d9f18 method=java.lang.reflect.Array.newInstance(Ljava/lang/Class;I)Ljava/lang/Object; @ 2
Event: 1382.853 Thread 0x000000005d7b3800 Uncommon trap: reason=unstable_if action=reinterpret pc=0x00000000065f5260 method=java.util.concurrent.ConcurrentHashMap.addCount(JI)V @ 168
Event: 1383.941 Thread 0x000000005ae73000 Uncommon trap: reason=bimorphic action=maybe_recompile pc=0x0000000005df9118 method=java.util.Collection.removeIf(Ljava/util/function/Predicate;)Z @ 8
Event: 1384.319 Thread 0x000000005ae73000 Uncommon trap: reason=bimorphic action=maybe_recompile pc=0x0000000005df9118 method=java.util.Collection.removeIf(Ljava/util/function/Predicate;)Z @ 8
Event: 1384.448 Thread 0x000000005ae73000 Uncommon trap: reason=bimorphic action=maybe_recompile pc=0x00000000056c42e8 method=com.google.common.cache.LocalCache$Segment.storeLoadedValue(Ljava/lang/Object;ILcom/google/common/cache/LocalCache$LoadingValueReference;Ljava/lang/Object;)Z @ 286
Event: 1388.508 Thread 0x0000000065896800 Uncommon trap: reason=class_check action=maybe_recompile pc=0x000000000339d4a4 method=com.google.common.collect.Iterators$5.hasNext()Z @ 7
Event: 1388.512 Thread 0x0000000065896800 Uncommon trap: reason=class_check action=maybe_recompile pc=0x000000000339d4a4 method=com.google.common.collect.Iterators$5.hasNext()Z @ 7
Event: 1388.513 Thread 0x0000000065896800 Uncommon trap: reason=class_check action=maybe_recompile pc=0x000000000339d4a4 method=com.google.common.collect.Iterators$5.hasNext()Z @ 7
Event: 1388.514 Thread 0x0000000065896800 Uncommon trap: reason=class_check action=maybe_recompile pc=0x000000000339d4a4 method=com.google.common.collect.Iterators$5.hasNext()Z @ 7
Event: 1620.915 Thread 0x000000005ae73000 Uncommon trap: reason=class_check action=maybe_recompile pc=0x00000000049d9f18 method=java.lang.reflect.Array.newInstance(Ljava/lang/Class;I)Ljava/lang/Object; @ 2

Classes redefined (0 events):
No events

Internal exceptions (10 events):
Event: 967.051 Thread 0x00000000646f1000 Exception <a 'sun/nio/fs/WindowsException'> (0x00000000e48795d0) thrown at [D:\src\AOSP-openjdk-cygwin\jdk8u\hotspot\src\share\vm\prims\jni.cpp, line 709]
Event: 968.151 Thread 0x00000000646ef800 Exception <a 'sun/nio/fs/WindowsException'> (0x00000000ea9ecaf8) thrown at [D:\src\AOSP-openjdk-cygwin\jdk8u\hotspot\src\share\vm\prims\jni.cpp, line 709]
Event: 968.373 Thread 0x000000005d7b3800 Exception <a 'sun/nio/fs/WindowsException'> (0x00000000eaadef98) thrown at [D:\src\AOSP-openjdk-cygwin\jdk8u\hotspot\src\share\vm\prims\jni.cpp, line 709]
Event: 977.052 Thread 0x000000005d7b3800 Exception <a 'sun/nio/fs/WindowsException'> (0x00000000ee5e1e30) thrown at [D:\src\AOSP-openjdk-cygwin\jdk8u\hotspot\src\share\vm\prims\jni.cpp, line 709]
Event: 977.428 Thread 0x000000005ae77800 Implicit null exception at 0x0000000005bb288d to 0x0000000005bb2965
Event: 977.580 Thread 0x000000005d7b3800 Exception <a 'sun/nio/fs/WindowsException'> (0x00000000f3541410) thrown at [D:\src\AOSP-openjdk-cygwin\jdk8u\hotspot\src\share\vm\prims\jni.cpp, line 709]
Event: 984.306 Thread 0x000000005d7b3800 Exception <a 'java/io/FileNotFoundException'> (0x00000000ef414848) thrown at [D:\src\AOSP-openjdk-cygwin\jdk8u\hotspot\src\share\vm\prims\jni.cpp, line 709]
Event: 1134.310 Thread 0x000000005ae7b000 Exception <a 'sun/nio/fs/WindowsException'> (0x00000000f181a5a0) thrown at [D:\src\AOSP-openjdk-cygwin\jdk8u\hotspot\src\share\vm\prims\jni.cpp, line 709]
Event: 1383.155 Thread 0x000000005ae73000 Exception <a 'sun/nio/fs/WindowsException'> (0x00000000f6c06f28) thrown at [D:\src\AOSP-openjdk-cygwin\jdk8u\hotspot\src\share\vm\prims\jni.cpp, line 709]
Event: 1622.786 Thread 0x000000005ae76800 Exception <a 'sun/nio/fs/WindowsException'> (0x00000000fc0c11a0) thrown at [D:\src\AOSP-openjdk-cygwin\jdk8u\hotspot\src\share\vm\prims\jni.cpp, line 709]

Events (10 events):
Event: 1623.461 Thread 0x0000000057793000 flushing nmethod 0x00000000048d1250
Event: 1623.462 Thread 0x0000000057793000 flushing nmethod 0x0000000004921110
Event: 1623.510 Thread 0x0000000057793000 flushing nmethod 0x0000000005df7e50
Event: 1624.216 Thread 0x000000005d7b4800 Thread added: 0x000000005d7b4800
Event: 1624.219 Executing VM operation: RevokeBias
Event: 1624.219 Thread 0x000000005d7b6000 Thread added: 0x000000005d7b6000
Event: 1624.220 Executing VM operation: RevokeBias done
Event: 1624.221 Thread 0x000000005d7b3800 Thread added: 0x000000005d7b3800
Event: 1624.221 Thread 0x000000005d7b5000 Thread added: 0x000000005d7b5000
Event: 1624.236 Thread 0x000000005d7b3000 Thread added: 0x000000005d7b3000


Dynamic libraries:
0x000000013f170000 - 0x000000013f1a1000 	C:\Program Files\Android\Android Studio2\jre\bin\java.exe
0x0000000077a30000 - 0x0000000077bd9000 	C:\Windows\SYSTEM32\ntdll.dll
0x0000000077910000 - 0x0000000077a2f000 	C:\Windows\system32\kernel32.dll
0x000007fefdb70000 - 0x000007fefdbdb000 	C:\Windows\system32\KERNELBASE.dll
0x000007feff3d0000 - 0x000007feff4ab000 	C:\Windows\system32\ADVAPI32.dll
0x000007fefef20000 - 0x000007fefefbf000 	C:\Windows\system32\msvcrt.dll
0x000007feff8b0000 - 0x000007feff8cf000 	C:\Windows\SYSTEM32\sechost.dll
0x000007feff0e0000 - 0x000007feff20d000 	C:\Windows\system32\RPCRT4.dll
0x0000000077810000 - 0x000000007790a000 	C:\Windows\system32\USER32.dll
0x000007feff210000 - 0x000007feff277000 	C:\Windows\system32\GDI32.dll
0x000007fefe180000 - 0x000007fefe18e000 	C:\Windows\system32\LPK.dll
0x000007feff300000 - 0x000007feff3c9000 	C:\Windows\system32\USP10.dll
0x000007fefc340000 - 0x000007fefc534000 	C:\Windows\WinSxS\amd64_microsoft.windows.common-controls_6595b64144ccf1df_6.0.7601.17514_none_fa396087175ac9ac\COMCTL32.dll
0x000007feff280000 - 0x000007feff2f1000 	C:\Windows\system32\SHLWAPI.dll
0x000007feff4d0000 - 0x000007feff4fe000 	C:\Windows\system32\IMM32.DLL
0x000007fefefd0000 - 0x000007feff0d9000 	C:\Windows\system32\MSCTF.dll
0x000000006f790000 - 0x000000006f862000 	C:\Program Files\Android\Android Studio2\jre\jre\bin\msvcr100.dll
0x000000006c8e0000 - 0x000000006d121000 	C:\Program Files\Android\Android Studio2\jre\jre\bin\server\jvm.dll
0x000007fefb190000 - 0x000007fefb199000 	C:\Windows\system32\WSOCK32.dll
0x000007feff7c0000 - 0x000007feff80d000 	C:\Windows\system32\WS2_32.dll
0x000007fefefc0000 - 0x000007fefefc8000 	C:\Windows\system32\NSI.dll
0x000007fefb3f0000 - 0x000007fefb42b000 	C:\Windows\system32\WINMM.dll
0x000007fefc930000 - 0x000007fefc93c000 	C:\Windows\system32\VERSION.dll
0x0000000077c00000 - 0x0000000077c07000 	C:\Windows\system32\PSAPI.DLL
0x000007fefc310000 - 0x000007fefc31f000 	C:\Program Files\Android\Android Studio2\jre\jre\bin\verify.dll
0x000007fef6050000 - 0x000007fef6079000 	C:\Program Files\Android\Android Studio2\jre\jre\bin\java.dll
0x000007fefb1b0000 - 0x000007fefb1c6000 	C:\Program Files\Android\Android Studio2\jre\jre\bin\zip.dll
0x000007fefe190000 - 0x000007fefef18000 	C:\Windows\system32\SHELL32.dll
0x000007fefdf70000 - 0x000007fefe173000 	C:\Windows\system32\ole32.dll
0x000007fefd980000 - 0x000007fefd98f000 	C:\Windows\system32\profapi.dll
0x000007fef6170000 - 0x000007fef618a000 	C:\Program Files\Android\Android Studio2\jre\jre\bin\net.dll
0x000007fefd1f0000 - 0x000007fefd245000 	C:\Windows\system32\mswsock.dll
0x000007fefd1e0000 - 0x000007fefd1e7000 	C:\Windows\System32\wship6.dll
0x000007feedc40000 - 0x000007feedc51000 	C:\Program Files\Android\Android Studio2\jre\jre\bin\nio.dll
0x000007feedc80000 - 0x000007feedc9e000 	C:\Users\INK\.gradle\native\25\windows-amd64\native-platform.dll
0x000007fefb200000 - 0x000007fefb20d000 	C:\Program Files\Android\Android Studio2\jre\jre\bin\management.dll
0x000007fefd250000 - 0x000007fefd267000 	C:\Windows\system32\CRYPTSP.dll
0x000007fefcf50000 - 0x000007fefcf97000 	C:\Windows\system32\rsaenh.dll
0x000007fefccd0000 - 0x000007fefccee000 	C:\Windows\system32\USERENV.dll
0x000007fefd8b0000 - 0x000007fefd8bf000 	C:\Windows\system32\CRYPTBASE.dll
0x000007fefabc0000 - 0x000007fefabe7000 	C:\Windows\system32\IPHLPAPI.DLL
0x000007fefaaf0000 - 0x000007fefaafb000 	C:\Windows\system32\WINNSI.DLL
0x000007fefa9d0000 - 0x000007fefa9e8000 	C:\Windows\system32\dhcpcsvc.DLL
0x000007fefa810000 - 0x000007fefa821000 	C:\Windows\system32\dhcpcsvc6.DLL
0x000007feed740000 - 0x000007feed764000 	C:\Program Files\Android\Android Studio2\jre\jre\bin\sunec.dll
0x000007fefcbb0000 - 0x000007fefcbb7000 	C:\Windows\System32\wshtcpip.dll
0x000007fefd070000 - 0x000007fefd0cb000 	C:\Windows\system32\DNSAPI.dll
0x00000000736b0000 - 0x00000000736d6000 	C:\Program Files\Bonjour\mdnsNSP.dll
0x000007fef8380000 - 0x000007fef8388000 	C:\Windows\system32\rasadhlp.dll
0x000007fefa840000 - 0x000007fefa893000 	C:\Windows\System32\fwpuclnt.dll
0x000007fefb240000 - 0x000007fefb24b000 	C:\Program Files\Android\Android Studio2\jre\jre\bin\sunmscapi.dll
0x000007fefdbe0000 - 0x000007fefdd47000 	C:\Windows\system32\CRYPT32.dll
0x000007fefda20000 - 0x000007fefda2f000 	C:\Windows\system32\MSASN1.dll
0x000007fefd850000 - 0x000007fefd8a7000 	C:\Windows\system32\apphelp.dll

VM Arguments:
jvm_args: -Xmx1536m -Dfile.encoding=windows-1252 -Duser.country=US -Duser.language=en -Duser.variant 
java_command: org.gradle.launcher.daemon.bootstrap.GradleDaemon 4.10.3
java_class_path (initial): C:\Users\INK\.gradle\wrapper\dists\gradle-4.10.3-all\81msde2dx9p4vji0mjgtvxkcb\gradle-4.10.3\lib\gradle-launcher-4.10.3.jar
Launcher Type: SUN_STANDARD

Environment Variables:
PATH=C:\Windows\Microsoft.NET\Framework64\v4.0.30319;C:\Program Files\Microsoft SQL Server\110\Tools\Binn\;C:\Program Files (x86)\Windows Kits\8.0\Windows Performance Toolkit\
USERNAME=INK
OS=Windows_NT
PROCESSOR_IDENTIFIER=Intel64 Family 6 Model 37 Stepping 5, GenuineIntel



---------------  S Y S T E M  ---------------

OS: Windows 7 , 64 bit Build 7601 (6.1.7601.17514)

CPU:total 4 (initial active 4) (2 cores per cpu, 2 threads per core) family 6 model 37 stepping 5, cmov, cx8, fxsr, mmx, sse, sse2, sse3, ssse3, sse4.1, sse4.2, popcnt, ht, tsc, tscinvbit

Memory: 4k page, physical 3857112k(160832k free), swap 3855268k(5044k free)

vm_info: OpenJDK 64-Bit Server VM (25.152-b01) for windows-amd64 JRE (1.8.0_152-release-1343-b01), built by "builder" with MS VC++ 10.0 (VS2010)

time: Thu Aug 08 09:06:01 2019
elapsed time: 1625 seconds (0d 0h 27m 5s)

