#
# There is insufficient memory for the Java Runtime Environment to continue.
# Native memory allocation (malloc) failed to allocate 1048976 bytes for Chunk::new
# Possible reasons:
#   The system is out of physical RAM or swap space
#   In 32 bit mode, the process size limit was hit
# Possible solutions:
#   Reduce memory load on the system
#   Increase physical memory or swap space
#   Check if swap backing store is full
#   Use 64 bit Java on a 64 bit OS
#   Decrease Java heap size (-Xmx/-Xms)
#   Decrease number of Java threads
#   Decrease Java thread stack sizes (-Xss)
#   Set larger code cache with -XX:ReservedCodeCacheSize=
# This output file may be truncated or incomplete.
#
#  Out of Memory Error (allocation.cpp:390), pid=3632, tid=0x0000000000000e20
#
# JRE version: OpenJDK Runtime Environment (8.0_152-b01) (build 1.8.0_152-release-1343-b01)
# Java VM: OpenJDK 64-Bit Server VM (25.152-b01 mixed mode windows-amd64 compressed oops)
# Failed to write core dump. Minidumps are not enabled by default on client versions of Windows
#

---------------  T H R E A D  ---------------

Current thread (0x00000000577cb000):  JavaThread "C2 CompilerThread1" daemon [_thread_in_native, id=3616, stack(0x00000000580d0000,0x00000000581d0000)]

Stack: [0x00000000580d0000,0x00000000581d0000]
[error occurred during error reporting (printing stack bounds), id 0xc0000005]

Native frames: (J=compiled Java code, j=interpreted, Vv=VM code, C=native code)


Current CompileTask:
C2:  32751 5344       4       org.codehaus.groovy.runtime.metaclass.MetaMethodIndex::copyNonPrivateNonNewMetaMethods (171 bytes)


---------------  P R O C E S S  ---------------

Java Threads: ( => current thread )
  0x000000005b058800 JavaThread "Memory manager" [_thread_blocked, id=4240, stack(0x00000000622d0000,0x00000000623d0000)]
  0x000000005b054800 JavaThread "Build operations Thread 4" [_thread_blocked, id=4852, stack(0x0000000060cc0000,0x0000000060dc0000)]
  0x000000005b054000 JavaThread "Build operations Thread 3" [_thread_blocked, id=5612, stack(0x0000000060ac0000,0x0000000060bc0000)]
  0x000000005b053000 JavaThread "Build operations Thread 2" [_thread_blocked, id=5960, stack(0x0000000060760000,0x0000000060860000)]
  0x000000005b052800 JavaThread "Build operations" [_thread_blocked, id=1780, stack(0x00000000602a0000,0x00000000603a0000)]
  0x000000005b051800 JavaThread "Cache worker for Artifact transforms cache (C:\Users\INK\.gradle\caches\transforms-1)" [_thread_blocked, id=5416, stack(0x0000000060860000,0x0000000060960000)]
  0x000000005b051000 JavaThread "Cache worker for cache directory md-rule (C:\Users\INK\.gradle\caches\4.10.3\md-rule)" [_thread_blocked, id=6140, stack(0x00000000604a0000,0x00000000605a0000)]
  0x000000005b050000 JavaThread "Cache worker for cache directory md-supplier (C:\Users\INK\.gradle\caches\4.10.3\md-supplier)" [_thread_blocked, id=776, stack(0x00000000605c0000,0x00000000606c0000)]
  0x000000005b04e000 JavaThread "Cache worker for journal cache (C:\Users\INK\.gradle\caches\journal-1)" [_thread_blocked, id=4036, stack(0x000000005d470000,0x000000005d570000)]
  0x000000005b70b000 JavaThread "Cache worker for file hash cache (C:\Users\INK\Desktop\AA\HealthFitnessPlanner\.gradle\4.10.3\fileHashes)" [_thread_blocked, id=1960, stack(0x000000005bfb0000,0x000000005c0b0000)]
  0x000000005b849000 JavaThread "File lock request listener" [_thread_in_native, id=5636, stack(0x000000005c340000,0x000000005c440000)]
  0x0000000059d9e800 JavaThread "Cache worker for file hash cache (C:\Users\INK\.gradle\caches\4.10.3\fileHashes)" [_thread_blocked, id=5680, stack(0x000000005c180000,0x000000005c280000)]
  0x00000000597fa800 JavaThread "Stdin handler" [_thread_blocked, id=5196, stack(0x000000005abc0000,0x000000005acc0000)]
  0x00000000597f9800 JavaThread "Asynchronous log dispatcher for DefaultDaemonConnection: socket connection from /127.0.0.1:56933 to /127.0.0.1:56934" [_thread_blocked, id=4132, stack(0x000000005ace0000,0x000000005ade0000)]
  0x0000000059817800 JavaThread "Daemon worker" [_thread_in_native, id=2188, stack(0x000000005a560000,0x000000005a660000)]
  0x000000005983e000 JavaThread "Cancel handler" [_thread_blocked, id=3296, stack(0x000000005a870000,0x000000005a970000)]
  0x00000000597f1000 JavaThread "Handler for socket connection from /127.0.0.1:56933 to /127.0.0.1:56934" [_thread_in_native, id=5520, stack(0x000000005a6b0000,0x000000005a7b0000)]
  0x00000000597e9800 JavaThread "Daemon" [_thread_blocked, id=5852, stack(0x000000005a420000,0x000000005a520000)]
  0x0000000059760800 JavaThread "Daemon periodic checks" [_thread_blocked, id=4272, stack(0x000000005a300000,0x000000005a400000)]
  0x000000005977d800 JavaThread "Incoming local TCP Connector on port 56933" [_thread_in_native, id=5320, stack(0x0000000059fd0000,0x000000005a0d0000)]
  0x00000000563af000 JavaThread "Service Thread" daemon [_thread_blocked, id=3436, stack(0x00000000584d0000,0x00000000585d0000)]
  0x00000000563a8800 JavaThread "C1 CompilerThread2" daemon [_thread_blocked, id=4704, stack(0x0000000058240000,0x0000000058340000)]
=>0x00000000577cb000 JavaThread "C2 CompilerThread1" daemon [_thread_in_native, id=3616, stack(0x00000000580d0000,0x00000000581d0000)]
  0x00000000577c2800 JavaThread "C2 CompilerThread0" daemon [_thread_in_native, id=3520, stack(0x0000000057f20000,0x0000000058020000)]
  0x00000000563a3800 JavaThread "Attach Listener" daemon [_thread_blocked, id=1216, stack(0x0000000057bf0000,0x0000000057cf0000)]
  0x00000000563a2800 JavaThread "Signal Dispatcher" daemon [_thread_blocked, id=5092, stack(0x0000000057d70000,0x0000000057e70000)]
  0x000000005638b800 JavaThread "Finalizer" daemon [_thread_blocked, id=5788, stack(0x0000000057560000,0x0000000057660000)]
  0x0000000056345000 JavaThread "Reference Handler" daemon [_thread_blocked, id=5572, stack(0x00000000576c0000,0x00000000577c0000)]
  0x000000000234e800 JavaThread "main" [_thread_blocked, id=2904, stack(0x00000000023e0000,0x00000000024e0000)]

Other Threads:
  0x0000000056339800 VMThread [stack: 0x0000000057450000,0x0000000057550000] [id=488]
  0x000000005783d800 WatcherThread [stack: 0x0000000058350000,0x0000000058450000] [id=1988]

VM state:not at safepoint (normal execution)

VM Mutex/Monitor currently owned by a thread: None

Heap:
 PSYoungGen      total 127488K, used 81839K [0x00000000e0000000, 0x00000000e9000000, 0x0000000100000000)
  eden space 112640K, 63% used [0x00000000e0000000,0x00000000e4644940,0x00000000e6e00000)
  from space 14848K, 66% used [0x00000000e6e00000,0x00000000e77a7498,0x00000000e7c80000)
  to   space 15360K, 0% used [0x00000000e8100000,0x00000000e8100000,0x00000000e9000000)
 ParOldGen       total 49664K, used 22210K [0x00000000a0000000, 0x00000000a3080000, 0x00000000e0000000)
  object space 49664K, 44% used [0x00000000a0000000,0x00000000a15b0b58,0x00000000a3080000)
 Metaspace       used 54823K, capacity 56364K, committed 56496K, reserved 1099776K
  class space    used 7537K, capacity 7985K, committed 8112K, reserved 1048576K

Card table byte_map: [0x0000000011b70000,0x0000000011e80000] byte_map_base: 0x0000000011670000

Marking Bits: (ParMarkBitMap*) 0x000000006d2a5aa0
 Begin Bits: [0x00000000126b0000, 0x0000000013eb0000)
 End Bits:   [0x0000000013eb0000, 0x00000000156b0000)

Polling page: 0x0000000000130000

CodeCache: size=245760Kb used=17300Kb max_used=17300Kb free=228459Kb
 bounds [0x00000000027b0000, 0x00000000038b0000, 0x00000000117b0000]
 total_blobs=5835 nmethods=5051 adapters=697
 compilation: enabled

Compilation events (10 events):
Event: 32.652 Thread 0x00000000563a8800 5432       3       org.gradle.api.internal.artifacts.dependencies.AbstractVersionConstraint::hashCode (36 bytes)
Event: 32.653 Thread 0x00000000563a8800 nmethod 5432 0x000000000389e810 code [0x000000000389ea00, 0x000000000389f3c8]
Event: 32.653 Thread 0x00000000563a8800 5435       1       org.gradle.internal.component.local.model.DefaultLocalComponentMetadata$DefaultLocalConfigurationMetadata::getName (5 bytes)
Event: 32.653 Thread 0x00000000563a8800 nmethod 5435 0x000000000389f650 code [0x000000000389f7a0, 0x000000000389f8b0]
Event: 32.653 Thread 0x00000000563a8800 5433       3       org.gradle.api.internal.artifacts.dependencies.DefaultImmutableVersionConstraint::<init> (152 bytes)
Event: 32.654 Thread 0x00000000563a8800 nmethod 5433 0x000000000389f910 code [0x000000000389fb60, 0x00000000038a0748]
Event: 32.654 Thread 0x00000000563a8800 5434       3       org.gradle.internal.component.external.model.DefaultModuleComponentSelector::newSelector (66 bytes)
Event: 32.655 Thread 0x00000000563a8800 nmethod 5434 0x00000000038a0cd0 code [0x00000000038a0e80, 0x00000000038a1298]
Event: 32.656 Thread 0x00000000563a8800 5436       3       org.gradle.internal.component.external.model.DefaultModuleComponentIdentifier::<init> (124 bytes)
Event: 32.656 Thread 0x00000000563a8800 nmethod 5436 0x00000000038a1410 code [0x00000000038a15a0, 0x00000000038a1b08]

GC Heap History (10 events):
Event: 26.637 GC heap before
{Heap before GC invocations=13 (full 2):
 PSYoungGen      total 126464K, used 94782K [0x00000000e0000000, 0x00000000eb380000, 0x0000000100000000)
  eden space 115200K, 82% used [0x00000000e0000000,0x00000000e5c8f978,0x00000000e7080000)
  from space 11264K, 0% used [0x00000000e7c80000,0x00000000e7c80000,0x00000000e8780000)
  to   space 12288K, 0% used [0x00000000e7080000,0x00000000e7080000,0x00000000e7c80000)
 ParOldGen       total 49664K, used 16059K [0x00000000a0000000, 0x00000000a3080000, 0x00000000e0000000)
  object space 49664K, 32% used [0x00000000a0000000,0x00000000a0faee78,0x00000000a3080000)
 Metaspace       used 42183K, capacity 43106K, committed 43312K, reserved 1091584K
  class space    used 5728K, capacity 6068K, committed 6192K, reserved 1048576K
Event: 26.675 GC heap after
Heap after GC invocations=13 (full 2):
 PSYoungGen      total 127488K, used 12282K [0x00000000e0000000, 0x00000000eb380000, 0x0000000100000000)
  eden space 115200K, 0% used [0x00000000e0000000,0x00000000e0000000,0x00000000e7080000)
  from space 12288K, 99% used [0x00000000e7080000,0x00000000e7c7eb60,0x00000000e7c80000)
  to   space 11264K, 0% used [0x00000000e7c80000,0x00000000e7c80000,0x00000000e8780000)
 ParOldGen       total 49664K, used 17500K [0x00000000a0000000, 0x00000000a3080000, 0x00000000e0000000)
  object space 49664K, 35% used [0x00000000a0000000,0x00000000a1117180,0x00000000a3080000)
 Metaspace       used 42183K, capacity 43106K, committed 43312K, reserved 1091584K
  class space    used 5728K, capacity 6068K, committed 6192K, reserved 1048576K
}
Event: 26.675 GC heap before
{Heap before GC invocations=14 (full 3):
 PSYoungGen      total 127488K, used 12282K [0x00000000e0000000, 0x00000000eb380000, 0x0000000100000000)
  eden space 115200K, 0% used [0x00000000e0000000,0x00000000e0000000,0x00000000e7080000)
  from space 12288K, 99% used [0x00000000e7080000,0x00000000e7c7eb60,0x00000000e7c80000)
  to   space 11264K, 0% used [0x00000000e7c80000,0x00000000e7c80000,0x00000000e8780000)
 ParOldGen       total 49664K, used 17500K [0x00000000a0000000, 0x00000000a3080000, 0x00000000e0000000)
  object space 49664K, 35% used [0x00000000a0000000,0x00000000a1117180,0x00000000a3080000)
 Metaspace       used 42183K, capacity 43106K, committed 43312K, reserved 1091584K
  class space    used 5728K, capacity 6068K, committed 6192K, reserved 1048576K
Event: 27.037 GC heap after
Heap after GC invocations=14 (full 3):
 PSYoungGen      total 127488K, used 0K [0x00000000e0000000, 0x00000000eb380000, 0x0000000100000000)
  eden space 115200K, 0% used [0x00000000e0000000,0x00000000e0000000,0x00000000e7080000)
  from space 12288K, 0% used [0x00000000e7080000,0x00000000e7080000,0x00000000e7c80000)
  to   space 11264K, 0% used [0x00000000e7c80000,0x00000000e7c80000,0x00000000e8780000)
 ParOldGen       total 49664K, used 27574K [0x00000000a0000000, 0x00000000a3080000, 0x00000000e0000000)
  object space 49664K, 55% used [0x00000000a0000000,0x00000000a1aed8a0,0x00000000a3080000)
 Metaspace       used 42183K, capacity 43106K, committed 43312K, reserved 1089536K
  class space    used 5728K, capacity 6068K, committed 6192K, reserved 1048576K
}
Event: 27.037 GC heap before
{Heap before GC invocations=15 (full 3):
 PSYoungGen      total 127488K, used 0K [0x00000000e0000000, 0x00000000eb380000, 0x0000000100000000)
  eden space 115200K, 0% used [0x00000000e0000000,0x00000000e0000000,0x00000000e7080000)
  from space 12288K, 0% used [0x00000000e7080000,0x00000000e7080000,0x00000000e7c80000)
  to   space 11264K, 0% used [0x00000000e7c80000,0x00000000e7c80000,0x00000000e8780000)
 ParOldGen       total 49664K, used 27574K [0x00000000a0000000, 0x00000000a3080000, 0x00000000e0000000)
  object space 49664K, 55% used [0x00000000a0000000,0x00000000a1aed8a0,0x00000000a3080000)
 Metaspace       used 42183K, capacity 43106K, committed 43312K, reserved 1093632K
  class space    used 5728K, capacity 6068K, committed 6192K, reserved 1048576K
Event: 27.039 GC heap after
Heap after GC invocations=15 (full 3):
 PSYoungGen      total 123904K, used 0K [0x00000000e0000000, 0x00000000e9e00000, 0x0000000100000000)
  eden space 112640K, 0% used [0x00000000e0000000,0x00000000e0000000,0x00000000e6e00000)
  from space 11264K, 0% used [0x00000000e7c80000,0x00000000e7c80000,0x00000000e8780000)
  to   space 14848K, 0% used [0x00000000e6e00000,0x00000000e6e00000,0x00000000e7c80000)
 ParOldGen       total 49664K, used 27574K [0x00000000a0000000, 0x00000000a3080000, 0x00000000e0000000)
  object space 49664K, 55% used [0x00000000a0000000,0x00000000a1aed8a0,0x00000000a3080000)
 Metaspace       used 42183K, capacity 43106K, committed 43312K, reserved 1093632K
  class space    used 5728K, capacity 6068K, committed 6192K, reserved 1048576K
}
Event: 27.039 GC heap before
{Heap before GC invocations=16 (full 4):
 PSYoungGen      total 123904K, used 0K [0x00000000e0000000, 0x00000000e9e00000, 0x0000000100000000)
  eden space 112640K, 0% used [0x00000000e0000000,0x00000000e0000000,0x00000000e6e00000)
  from space 11264K, 0% used [0x00000000e7c80000,0x00000000e7c80000,0x00000000e8780000)
  to   space 14848K, 0% used [0x00000000e6e00000,0x00000000e6e00000,0x00000000e7c80000)
 ParOldGen       total 49664K, used 27574K [0x00000000a0000000, 0x00000000a3080000, 0x00000000e0000000)
  object space 49664K, 55% used [0x00000000a0000000,0x00000000a1aed8a0,0x00000000a3080000)
 Metaspace       used 42183K, capacity 43106K, committed 43312K, reserved 1093632K
  class space    used 5728K, capacity 6068K, committed 6192K, reserved 1048576K
Event: 27.290 GC heap after
Heap after GC invocations=16 (full 4):
 PSYoungGen      total 123904K, used 0K [0x00000000e0000000, 0x00000000e9e00000, 0x0000000100000000)
  eden space 112640K, 0% used [0x00000000e0000000,0x00000000e0000000,0x00000000e6e00000)
  from space 11264K, 0% used [0x00000000e7c80000,0x00000000e7c80000,0x00000000e8780000)
  to   space 14848K, 0% used [0x00000000e6e00000,0x00000000e6e00000,0x00000000e7c80000)
 ParOldGen       total 49664K, used 22138K [0x00000000a0000000, 0x00000000a3080000, 0x00000000e0000000)
  object space 49664K, 44% used [0x00000000a0000000,0x00000000a159eb48,0x00000000a3080000)
 Metaspace       used 41910K, capacity 42650K, committed 43312K, reserved 1089536K
  class space    used 5674K, capacity 5970K, committed 6192K, reserved 1048576K
}
Event: 31.245 GC heap before
{Heap before GC invocations=17 (full 4):
 PSYoungGen      total 123904K, used 112640K [0x00000000e0000000, 0x00000000e9e00000, 0x0000000100000000)
  eden space 112640K, 100% used [0x00000000e0000000,0x00000000e6e00000,0x00000000e6e00000)
  from space 11264K, 0% used [0x00000000e7c80000,0x00000000e7c80000,0x00000000e8780000)
  to   space 14848K, 0% used [0x00000000e6e00000,0x00000000e6e00000,0x00000000e7c80000)
 ParOldGen       total 49664K, used 22138K [0x00000000a0000000, 0x00000000a3080000, 0x00000000e0000000)
  object space 49664K, 44% used [0x00000000a0000000,0x00000000a159eb48,0x00000000a3080000)
 Metaspace       used 51698K, capacity 52956K, committed 53296K, reserved 1097728K
  class space    used 7006K, capacity 7357K, committed 7472K, reserved 1048576K
Event: 31.267 GC heap after
Heap after GC invocations=17 (full 4):
 PSYoungGen      total 127488K, used 9885K [0x00000000e0000000, 0x00000000e9000000, 0x0000000100000000)
  eden space 112640K, 0% used [0x00000000e0000000,0x00000000e0000000,0x00000000e6e00000)
  from space 14848K, 66% used [0x00000000e6e00000,0x00000000e77a7498,0x00000000e7c80000)
  to   space 15360K, 0% used [0x00000000e8100000,0x00000000e8100000,0x00000000e9000000)
 ParOldGen       total 49664K, used 22210K [0x00000000a0000000, 0x00000000a3080000, 0x00000000e0000000)
  object space 49664K, 44% used [0x00000000a0000000,0x00000000a15b0b58,0x00000000a3080000)
 Metaspace       used 51698K, capacity 52956K, committed 53296K, reserved 1097728K
  class space    used 7006K, capacity 7357K, committed 7472K, reserved 1048576K
}

Deoptimization events (10 events):
Event: 31.351 Thread 0x0000000059817800 Uncommon trap: reason=unstable_if action=reinterpret pc=0x0000000003178e68 method=java.lang.ref.SoftReference.get()Ljava/lang/Object; @ 6
Event: 31.356 Thread 0x0000000059817800 Uncommon trap: reason=unstable_if action=reinterpret pc=0x00000000031fb5c8 method=java.lang.ref.SoftReference.get()Ljava/lang/Object; @ 6
Event: 31.864 Thread 0x0000000059817800 Uncommon trap: reason=unstable_if action=reinterpret pc=0x00000000032e3c74 method=java.util.TreeMap.put(Ljava/lang/Object;Ljava/lang/Object;)Ljava/lang/Object; @ 163
Event: 32.127 Thread 0x0000000059817800 Uncommon trap: reason=unstable_if action=reinterpret pc=0x0000000003521698 method=java.util.regex.Pattern$GroupTail.match(Ljava/util/regex/Matcher;ILjava/lang/CharSequence;)Z @ 73
Event: 32.127 Thread 0x0000000059817800 Uncommon trap: reason=unstable_if action=reinterpret pc=0x0000000003521698 method=java.util.regex.Pattern$GroupTail.match(Ljava/util/regex/Matcher;ILjava/lang/CharSequence;)Z @ 73
Event: 32.170 Thread 0x0000000059817800 Uncommon trap: reason=unstable_if action=reinterpret pc=0x00000000037be940 method=java.lang.reflect.AccessibleObject.setAccessible0(Ljava/lang/reflect/AccessibleObject;Z)V @ 23
Event: 32.260 Thread 0x0000000059817800 Uncommon trap: reason=unstable_if action=reinterpret pc=0x00000000038360dc method=java.lang.ClassLoader.defineClassSourceLocation(Ljava/security/ProtectionDomain;)Ljava/lang/String; @ 8
Event: 32.340 Thread 0x0000000059817800 Uncommon trap: reason=unstable_if action=reinterpret pc=0x00000000031deddc method=org.codehaus.groovy.reflection.CachedMethod.compareToMethod(Ljava/lang/reflect/Method;)I @ 111
Event: 32.576 Thread 0x0000000059817800 Uncommon trap: reason=unstable_if action=reinterpret pc=0x000000000335db94 method=org.gradle.internal.reflect.PropertyAccessorType.of(Ljava/lang/reflect/Method;)Lorg/gradle/internal/reflect/PropertyAccessorType; @ 4
Event: 32.673 Thread 0x0000000059817800 Uncommon trap: reason=unstable_if action=reinterpret pc=0x0000000003590494 method=java.util.regex.Pattern.closure(Ljava/util/regex/Pattern$Node;)Ljava/util/regex/Pattern$Node; @ 113

Classes redefined (0 events):
No events

Internal exceptions (10 events):
Event: 32.414 Thread 0x0000000059817800 Exception <a 'java/lang/ClassNotFoundException': groovy/lang/GroovyObjectBeanInfo> (0x00000000e39e0a08) thrown at [D:\src\AOSP-openjdk-cygwin\jdk8u\hotspot\src\share\vm\classfile\systemDictionary.cpp, line 210]
Event: 32.415 Thread 0x0000000059817800 Exception <a 'java/lang/ClassNotFoundException': groovy/lang/GroovyObjectCustomizer> (0x00000000e39f5b00) thrown at [D:\src\AOSP-openjdk-cygwin\jdk8u\hotspot\src\share\vm\classfile\systemDictionary.cpp, line 210]
Event: 32.472 Thread 0x0000000059817800 Exception <a 'java/lang/ClassNotFoundException': com/google/android/gms/dependencies/DependencyAnalyzerBeanInfo> (0x00000000e3bb4450) thrown at [D:\src\AOSP-openjdk-cygwin\jdk8u\hotspot\src\share\vm\classfile\systemDictionary.cpp, line 210]
Event: 32.473 Thread 0x0000000059817800 Exception <a 'java/lang/ClassNotFoundException': com/google/android/gms/dependencies/DependencyAnalyzerCustomizer> (0x00000000e3bcdb10) thrown at [D:\src\AOSP-openjdk-cygwin\jdk8u\hotspot\src\share\vm\classfile\systemDictionary.cpp, line 210]
Event: 32.485 Thread 0x0000000059817800 Exception <a 'java/lang/ClassNotFoundException': com/google/android/gms/dependencies/DependencyInspectorBeanInfo> (0x00000000e3c3f9a0) thrown at [D:\src\AOSP-openjdk-cygwin\jdk8u\hotspot\src\share\vm\classfile\systemDictionary.cpp, line 210]
Event: 32.486 Thread 0x0000000059817800 Exception <a 'java/lang/ClassNotFoundException': com/google/android/gms/dependencies/DependencyInspectorCustomizer> (0x00000000e3c590f0) thrown at [D:\src\AOSP-openjdk-cygwin\jdk8u\hotspot\src\share\vm\classfile\systemDictionary.cpp, line 210]
Event: 32.493 Thread 0x0000000059817800 Exception <a 'java/lang/ClassNotFoundException': org/gradle/invocation/DefaultGradle_DecoratedBeanInfo> (0x00000000e3cbf450) thrown at [D:\src\AOSP-openjdk-cygwin\jdk8u\hotspot\src\share\vm\classfile\systemDictionary.cpp, line 210]
Event: 32.494 Thread 0x0000000059817800 Exception <a 'java/lang/ClassNotFoundException': org/gradle/invocation/DefaultGradleBeanInfo> (0x00000000e3cd2900) thrown at [D:\src\AOSP-openjdk-cygwin\jdk8u\hotspot\src\share\vm\classfile\systemDictionary.cpp, line 210]
Event: 32.494 Thread 0x0000000059817800 Exception <a 'java/lang/ClassNotFoundException': org/gradle/invocation/DefaultGradleCustomizer> (0x00000000e3ce64a8) thrown at [D:\src\AOSP-openjdk-cygwin\jdk8u\hotspot\src\share\vm\classfile\systemDictionary.cpp, line 210]
Event: 32.497 Thread 0x0000000059817800 Exception <a 'java/lang/ClassNotFoundException': org/gradle/invocation/DefaultGradle_DecoratedCustomizer> (0x00000000e3d47c50) thrown at [D:\src\AOSP-openjdk-cygwin\jdk8u\hotspot\src\share\vm\classfile\systemDictionary.cpp, line 210]

Events (10 events):
Event: 32.683 loading class org/gradle/api/internal/artifacts/ivyservice/ivyresolve/CachingModuleComponentRepository$1
Event: 32.683 loading class org/gradle/api/internal/artifacts/ivyservice/ivyresolve/CachingModuleComponentRepository$1 done
Event: 32.684 loading class org/gradle/api/internal/artifacts/ivyservice/modulecache/dynamicversions/ModuleVersionsCacheEntry
Event: 32.684 loading class org/gradle/api/internal/artifacts/ivyservice/modulecache/dynamicversions/ModuleVersionsCacheEntry done
Event: 32.685 loading class org/gradle/api/internal/artifacts/ivyservice/ivyresolve/DynamicVersionResolver$1
Event: 32.685 loading class org/gradle/api/internal/artifacts/ivyservice/ivyresolve/DynamicVersionResolver$1 done
Event: 32.690 loading class org/gradle/api/internal/artifacts/ivyservice/modulecache/dynamicversions/DefaultModuleVersionsCache$ModuleKeySerializer
Event: 32.690 loading class org/gradle/api/internal/artifacts/ivyservice/modulecache/dynamicversions/DefaultModuleVersionsCache$ModuleKeySerializer done
Event: 32.692 loading class org/gradle/api/internal/artifacts/ivyservice/modulecache/dynamicversions/DefaultModuleVersionsCache$ModuleVersionsCacheEntrySerializer
Event: 32.692 loading class org/gradle/api/internal/artifacts/ivyservice/modulecache/dynamicversions/DefaultModuleVersionsCache$ModuleVersionsCacheEntrySerializer done


Dynamic libraries:
0x000000013f3d0000 - 0x000000013f401000 	C:\Program Files\Android\Android Studio2\jre\bin\java.exe
0x00000000771f0000 - 0x0000000077399000 	C:\Windows\SYSTEM32\ntdll.dll
0x0000000076fd0000 - 0x00000000770ef000 	C:\Windows\system32\kernel32.dll
0x000007fefd1f0000 - 0x000007fefd25b000 	C:\Windows\system32\KERNELBASE.dll
0x000007fefe2c0000 - 0x000007fefe39b000 	C:\Windows\system32\ADVAPI32.dll
0x000007fefdaf0000 - 0x000007fefdb8f000 	C:\Windows\system32\msvcrt.dll
0x000007fefe540000 - 0x000007fefe55f000 	C:\Windows\SYSTEM32\sechost.dll
0x000007fefd9c0000 - 0x000007fefdaed000 	C:\Windows\system32\RPCRT4.dll
0x00000000770f0000 - 0x00000000771ea000 	C:\Windows\system32\USER32.dll
0x000007fefdb90000 - 0x000007fefdbf7000 	C:\Windows\system32\GDI32.dll
0x000007fefd510000 - 0x000007fefd51e000 	C:\Windows\system32\LPK.dll
0x000007fefe410000 - 0x000007fefe4d9000 	C:\Windows\system32\USP10.dll
0x000007fefbad0000 - 0x000007fefbcc4000 	C:\Windows\WinSxS\amd64_microsoft.windows.common-controls_6595b64144ccf1df_6.0.7601.17514_none_fa396087175ac9ac\COMCTL32.dll
0x000007fefdc00000 - 0x000007fefdc71000 	C:\Windows\system32\SHLWAPI.dll
0x000007fefd990000 - 0x000007fefd9be000 	C:\Windows\system32\IMM32.DLL
0x000007fefe0d0000 - 0x000007fefe1d9000 	C:\Windows\system32\MSCTF.dll
0x000000006fe40000 - 0x000000006ff12000 	C:\Program Files\Android\Android Studio2\jre\jre\bin\msvcr100.dll
0x000000006cae0000 - 0x000000006d321000 	C:\Program Files\Android\Android Studio2\jre\jre\bin\server\jvm.dll
0x000007fef3970000 - 0x000007fef3979000 	C:\Windows\system32\WSOCK32.dll
0x000007fefe3a0000 - 0x000007fefe3ed000 	C:\Windows\system32\WS2_32.dll
0x000007fefe560000 - 0x000007fefe568000 	C:\Windows\system32\NSI.dll
0x000007fef9490000 - 0x000007fef94cb000 	C:\Windows\system32\WINMM.dll
0x000007fefc2a0000 - 0x000007fefc2ac000 	C:\Windows\system32\VERSION.dll
0x00000000773b0000 - 0x00000000773b7000 	C:\Windows\system32\PSAPI.DLL
0x000007fef3960000 - 0x000007fef396f000 	C:\Program Files\Android\Android Studio2\jre\jre\bin\verify.dll
0x000007fef2b20000 - 0x000007fef2b49000 	C:\Program Files\Android\Android Studio2\jre\jre\bin\java.dll
0x000007fef23d0000 - 0x000007fef23e6000 	C:\Program Files\Android\Android Studio2\jre\jre\bin\zip.dll
0x000007fefe770000 - 0x000007feff4f8000 	C:\Windows\system32\SHELL32.dll
0x000007fefd780000 - 0x000007fefd983000 	C:\Windows\system32\ole32.dll
0x000007fefd140000 - 0x000007fefd14f000 	C:\Windows\system32\profapi.dll
0x000007fee7f30000 - 0x000007fee7f4a000 	C:\Program Files\Android\Android Studio2\jre\jre\bin\net.dll
0x000007fefc9b0000 - 0x000007fefca05000 	C:\Windows\system32\mswsock.dll
0x000007fefc9a0000 - 0x000007fefc9a7000 	C:\Windows\System32\wship6.dll
0x000007fee7f10000 - 0x000007fee7f21000 	C:\Program Files\Android\Android Studio2\jre\jre\bin\nio.dll
0x000007fefb660000 - 0x000007fefb67e000 	C:\Users\INK\.gradle\native\25\windows-amd64\native-platform.dll
0x000007feeee20000 - 0x000007feeee2d000 	C:\Program Files\Android\Android Studio2\jre\jre\bin\management.dll
0x000007fefca10000 - 0x000007fefca27000 	C:\Windows\system32\CRYPTSP.dll
0x000007fefc710000 - 0x000007fefc757000 	C:\Windows\system32\rsaenh.dll
0x000007fefc490000 - 0x000007fefc4ae000 	C:\Windows\system32\USERENV.dll
0x000007fefd070000 - 0x000007fefd07f000 	C:\Windows\system32\CRYPTBASE.dll
0x000007fef9f30000 - 0x000007fef9f57000 	C:\Windows\system32\IPHLPAPI.DLL
0x000007fef9f10000 - 0x000007fef9f1b000 	C:\Windows\system32\WINNSI.DLL
0x000007fef9df0000 - 0x000007fef9e08000 	C:\Windows\system32\dhcpcsvc.DLL
0x000007fef9c50000 - 0x000007fef9c61000 	C:\Windows\system32\dhcpcsvc6.DLL

VM Arguments:
jvm_args: -Xmx1536m -Dfile.encoding=windows-1252 -Duser.country=US -Duser.language=en -Duser.variant 
java_command: org.gradle.launcher.daemon.bootstrap.GradleDaemon 4.10.3
java_class_path (initial): C:\Users\INK\.gradle\wrapper\dists\gradle-4.10.3-all\81msde2dx9p4vji0mjgtvxkcb\gradle-4.10.3\lib\gradle-launcher-4.10.3.jar
Launcher Type: SUN_STANDARD

Environment Variables:
PATH=C:\Windows\Microsoft.NET\Framework64\v4.0.30319;C:\Program Files\Microsoft SQL Server\110\Tools\Binn\;C:\Program Files (x86)\Windows Kits\8.0\Windows Performance Toolkit\
USERNAME=INK
OS=Windows_NT
PROCESSOR_IDENTIFIER=Intel64 Family 6 Model 37 Stepping 5, GenuineIntel



---------------  S Y S T E M  ---------------

OS: Windows 7 , 64 bit Build 7601 (6.1.7601.17514)

CPU:total 4 (initial active 4) (2 cores per cpu, 2 threads per core) family 6 model 37 stepping 5, cmov, cx8, fxsr, mmx, sse, sse2, sse3, ssse3, sse4.1, sse4.2, popcnt, ht, tsc, tscinvbit

Memory: 4k page, physical 3857112k(356604k free), swap 3855268k(5676k free)

vm_info: OpenJDK 64-Bit Server VM (25.152-b01) for windows-amd64 JRE (1.8.0_152-release-1343-b01), built by "builder" with MS VC++ 10.0 (VS2010)

time: Tue Aug 13 21:37:11 2019
elapsed time: 32 seconds (0d 0h 0m 32s)

