JvmtiExport can_access_local_variables 0
JvmtiExport can_hotswap_or_post_breakpoint 0
JvmtiExport can_post_on_exceptions 0
# 849 ciObject found
instanceKlass java/util/stream/StreamSpliterators$WrappingSpliterator$$Lambda$615
instanceKlass java/util/stream/StreamSpliterators$WrappingSpliterator$$Lambda$614
instanceKlass java/util/stream/StreamSpliterators$WrappingSpliterator$$Lambda$612
instanceKlass java/util/stream/StreamSpliterators$WrappingSpliterator$$Lambda$613
instanceKlass java/util/stream/StreamSpliterators$AbstractWrappingSpliterator
instanceKlass java/util/stream/AbstractPipeline$$Lambda$611
instanceKlass java/util/stream/AbstractPipeline$$Lambda$610
instanceKlass com/android/builder/dexing/DirDexArchive
instanceKlass com/android/build/gradle/internal/transforms/DexMergerTransform$$Lambda$609
instanceKlass com/android/build/gradle/internal/transforms/DexMergerTransform$$Lambda$608
instanceKlass com/android/build/gradle/internal/transforms/DexMergerTransform$$Lambda$607
instanceKlass com/android/tools/r8/com/google/common/collect/Iterators$7
instanceKlass com/android/tools/r8/com/google/common/collect/Iterators$2
instanceKlass com/android/tools/r8/dex/VirtualFile$VirtualFileCycler
instanceKlass com/android/tools/r8/dex/VirtualFile$PackageSplitPopulator
instanceKlass com/android/tools/r8/dex/VirtualFile$DistributorBase$$Lambda$606
instanceKlass com/android/tools/r8/dex/VirtualFile$$Lambda$605
instanceKlass com/android/tools/r8/naming/ClassNameMapper
instanceKlass com/android/tools/r8/naming/ProguardMap
instanceKlass com/android/tools/r8/com/google/common/collect/Collections2
instanceKlass com/android/tools/r8/dex/DexParser$$Lambda$604
instanceKlass com/android/tools/r8/it/unimi/dsi/fastutil/ints/Int2IntMap$FastEntrySet
instanceKlass com/android/tools/r8/it/unimi/dsi/fastutil/ints/AbstractInt2IntFunction
instanceKlass com/android/tools/r8/graph/DexItemFactory$$Lambda$603
instanceKlass com/android/tools/r8/code/InstructionFactory$ShortBufferBytecodeStream
instanceKlass com/android/tools/r8/code/BytecodeStream
instanceKlass com/android/tools/r8/dex/DexParser$$Lambda$602
instanceKlass com/android/tools/r8/dex/DexParser$$Lambda$601
instanceKlass com/android/tools/r8/dex/DexParser$$Lambda$600
instanceKlass com/android/tools/r8/dex/DexParser$AttributesAndAnnotations
instanceKlass com/android/tools/r8/dex/DexParser$$Lambda$599
instanceKlass com/android/tools/r8/dex/DexParser$$Lambda$598
instanceKlass com/android/tools/r8/dex/DexParser$$Lambda$597
instanceKlass com/android/tools/r8/dex/DexParser$MemberAnnotationIterator
instanceKlass com/android/tools/r8/dex/DexParser$$Lambda$596
instanceKlass com/android/tools/r8/dex/DexParser$$Lambda$595
instanceKlass com/android/tools/r8/dex/DexParser$$Lambda$594
instanceKlass com/android/tools/r8/code/BaseInstructionFactory
instanceKlass com/android/tools/r8/dex/DexParser$AnnotationsDirectory
instanceKlass com/android/tools/r8/dex/DexParser$$Lambda$593
instanceKlass com/android/tools/r8/dex/ApplicationReader$ClassReader$$Lambda$591
instanceKlass com/android/tools/r8/dex/ApplicationReader$ClassReader$$Lambda$592
instanceKlass com/android/tools/r8/dex/ApplicationReader$ClassReader$$Lambda$590
instanceKlass com/android/tools/r8/dex/DexParser$$Lambda$589
instanceKlass com/android/tools/r8/dex/DexSection
instanceKlass com/android/tools/r8/graph/OffsetToObjectMapping
instanceKlass com/android/tools/r8/dex/DexParser
instanceKlass com/android/tools/r8/com/google/common/io/ByteArrayDataInput
instanceKlass com/android/tools/r8/com/google/common/io/ByteArrayDataOutput
instanceKlass com/android/tools/r8/com/google/common/io/ByteStreams
instanceKlass com/android/tools/r8/utils/StreamUtils
instanceKlass com/android/tools/r8/dex/BinaryReader
instanceKlass com/android/tools/r8/DexIndexedConsumer$ForwardingConsumer
instanceKlass com/android/tools/r8/D8Command$Builder$$Lambda$588
instanceKlass com/android/builder/dexing/DexArchiveEntry
instanceKlass com/android/builder/dexing/NonIncrementalJarDexArchive
instanceKlass com/android/builder/dexing/DexArchives$$Lambda$587
instanceKlass com/android/builder/dexing/DexArchive
instanceKlass com/android/builder/dexing/DexArchives
instanceKlass com/android/builder/dexing/D8DexArchiveMerger$$Lambda$586
instanceKlass com/google/common/collect/Streams
instanceKlass com/android/builder/dexing/D8DexArchiveMerger
instanceKlass com/android/builder/dexing/DexArchiveMerger
instanceKlass com/android/build/gradle/internal/transforms/DexMergerTransformCallable$1
instanceKlass com/android/tools/r8/com/google/common/io/Closer$SuppressingSuppressor
instanceKlass com/android/tools/r8/com/google/common/io/Closer$Suppressor
instanceKlass com/android/tools/r8/com/google/common/io/Closer
instanceKlass sun/nio/fs/AbstractPath$1
instanceKlass java/util/zip/Adler32
instanceKlass com/android/tools/r8/utils/DexVersion$1
instanceKlass com/android/tools/r8/dex/Constants
instanceKlass com/android/tools/r8/dex/FileWriter$$Lambda$585
instanceKlass com/android/tools/r8/dex/FileWriter$$Lambda$584
instanceKlass com/android/tools/r8/dex/FileWriter$$Lambda$583
instanceKlass com/android/tools/r8/dex/FileWriter$$Lambda$582
instanceKlass com/android/tools/r8/dex/FileWriter$$Lambda$581
instanceKlass com/android/tools/r8/dex/FileWriter$$Lambda$580
instanceKlass com/android/tools/r8/dex/FileWriter$$Lambda$579
instanceKlass com/android/tools/r8/dex/FileWriter$$Lambda$578
instanceKlass com/android/tools/r8/dex/FileWriter$$Lambda$577
instanceKlass com/android/tools/r8/dex/FileWriter$$Lambda$576
instanceKlass com/android/tools/r8/dex/FileWriter$$Lambda$575
instanceKlass com/android/tools/r8/dex/FileWriter$$Lambda$574
instanceKlass com/android/tools/r8/dex/FileWriter$$Lambda$573
instanceKlass com/android/tools/r8/dex/FileWriter$$Lambda$572
instanceKlass com/android/tools/r8/dex/FileWriter$$Lambda$570
instanceKlass com/android/tools/r8/dex/FileWriter$$Lambda$571
instanceKlass com/android/tools/r8/dex/FileWriter$$Lambda$568
instanceKlass com/android/tools/r8/dex/FileWriter$$Lambda$569
instanceKlass com/android/tools/r8/dex/FileWriter$$Lambda$566
instanceKlass com/android/tools/r8/dex/FileWriter$$Lambda$567
instanceKlass com/android/tools/r8/dex/FileWriter$$Lambda$565
instanceKlass com/android/tools/r8/dex/FileWriter$$Lambda$564
instanceKlass com/android/tools/r8/dex/FileWriter$$Lambda$563
instanceKlass com/android/tools/r8/dex/FileWriter$$Lambda$562
instanceKlass com/android/tools/r8/dex/FileWriter$$Lambda$561
instanceKlass com/android/tools/r8/dex/FileWriter$$Lambda$560
instanceKlass com/android/tools/r8/dex/FileWriter$$Lambda$559
instanceKlass com/android/tools/r8/dex/FileWriter$$Lambda$558
instanceKlass com/android/tools/r8/dex/FileWriter$$Lambda$557
instanceKlass com/android/tools/r8/dex/FileWriter$$Lambda$556
instanceKlass com/android/tools/r8/dex/FileWriter$$Lambda$555
instanceKlass com/android/tools/r8/dex/FileWriter$$Lambda$554
instanceKlass com/android/tools/r8/dex/FileWriter$$Lambda$553
instanceKlass com/android/tools/r8/dex/FileWriter$$Lambda$552
instanceKlass com/android/tools/r8/utils/EncodedValueUtils
instanceKlass com/android/tools/r8/dex/FileWriter$$Lambda$551
instanceKlass com/android/tools/r8/dex/FileWriter$$Lambda$550
instanceKlass com/android/tools/r8/dex/FileWriter$$Lambda$549
instanceKlass com/android/tools/r8/dex/FileWriter$$Lambda$548
instanceKlass com/android/tools/r8/dex/FileWriter$$Lambda$547
instanceKlass com/android/tools/r8/dex/FileWriter$$Lambda$546
instanceKlass com/android/tools/r8/dex/FileWriter$$Lambda$545
instanceKlass com/android/tools/r8/dex/FileWriter$$Lambda$544
instanceKlass com/android/tools/r8/dex/FileWriter$$Lambda$543
instanceKlass com/android/tools/r8/dex/FileWriter$$Lambda$542
instanceKlass com/android/tools/r8/dex/FileWriter$$Lambda$541
instanceKlass com/android/tools/r8/dex/FileWriter$$Lambda$539
instanceKlass com/android/tools/r8/dex/FileWriter$$Lambda$540
instanceKlass com/android/tools/r8/utils/LebUtils
instanceKlass com/android/tools/r8/dex/DebugBytecodeWriter
instanceKlass com/android/tools/r8/dex/FileWriter$$Lambda$538
instanceKlass com/android/tools/r8/dex/FileWriter$$Lambda$537
instanceKlass com/android/tools/r8/dex/FileWriter$$Lambda$535
instanceKlass com/android/tools/r8/dex/FileWriter$$Lambda$536
instanceKlass java/lang/invoke/LambdaForm$DMH
instanceKlass java/lang/invoke/LambdaForm$DMH
instanceKlass com/android/tools/r8/dex/FileWriter$$Lambda$534
instanceKlass com/android/tools/r8/dex/FileWriter$$Lambda$533
instanceKlass com/android/tools/r8/com/google/common/collect/ImmutableMap$Builder
instanceKlass com/android/tools/r8/utils/DescriptorUtils
instanceKlass com/android/tools/r8/dex/FileWriter$$Lambda$531
instanceKlass com/android/tools/r8/dex/FileWriter$$Lambda$532
instanceKlass com/android/tools/r8/dex/FileWriter$Layout
instanceKlass com/android/tools/r8/utils/OrderedMergingIterator
instanceKlass com/android/tools/r8/graph/DexProgramClass$$Lambda$529
instanceKlass com/android/tools/r8/graph/DexProgramClass$$Lambda$530
instanceKlass com/android/tools/r8/graph/DexProgramClass$$Lambda$528
instanceKlass com/android/tools/r8/graph/DexProgramClass$$Lambda$527
instanceKlass com/android/tools/r8/graph/DexItem$$Lambda$526
instanceKlass com/android/tools/r8/graph/DexItem$$Lambda$525
instanceKlass com/android/tools/r8/it/unimi/dsi/fastutil/objects/Reference2IntLinkedOpenHashMap$MapIterator
instanceKlass com/android/tools/r8/dex/FileWriter$$Lambda$524
instanceKlass com/android/tools/r8/dex/FileWriter$$Lambda$523
instanceKlass com/android/tools/r8/graph/DexProgramClass$$Lambda$521
instanceKlass com/android/tools/r8/graph/DexProgramClass$$Lambda$522
instanceKlass com/android/tools/r8/graph/DexProgramClass$$Lambda$520
instanceKlass com/android/tools/r8/graph/DexProgramClass$$Lambda$519
instanceKlass com/android/tools/r8/it/unimi/dsi/fastutil/objects/Object2IntLinkedOpenHashMap$MapIterator
instanceKlass com/android/tools/r8/dex/FileWriter$$Lambda$517
instanceKlass com/android/tools/r8/dex/FileWriter$$Lambda$518
instanceKlass com/android/tools/r8/graph/ProgramClassVisitor
instanceKlass com/android/tools/r8/it/unimi/dsi/fastutil/objects/Object2IntSortedMap$FastSortedEntrySet
instanceKlass com/android/tools/r8/it/unimi/dsi/fastutil/objects/Object2IntMap$FastEntrySet
instanceKlass com/android/tools/r8/it/unimi/dsi/fastutil/objects/AbstractObject2IntFunction
instanceKlass com/android/tools/r8/it/unimi/dsi/fastutil/objects/Object2IntSortedMap
instanceKlass com/android/tools/r8/it/unimi/dsi/fastutil/objects/Object2IntMap
instanceKlass com/android/tools/r8/it/unimi/dsi/fastutil/objects/Object2IntFunction
instanceKlass com/android/tools/r8/dex/DexOutputBuffer
instanceKlass com/android/tools/r8/dex/FileWriter
instanceKlass com/android/tools/r8/dex/ApplicationWriter$$Lambda$516
instanceKlass com/android/tools/r8/graph/ObjectToOffsetMapping$$Lambda$515
instanceKlass com/android/tools/r8/graph/ObjectToOffsetMapping$$Lambda$514
instanceKlass com/android/tools/r8/graph/ObjectToOffsetMapping$$Lambda$513
instanceKlass com/android/tools/r8/graph/ObjectToOffsetMapping$$Lambda$512
instanceKlass com/android/tools/r8/graph/ObjectToOffsetMapping$$Lambda$510
instanceKlass com/android/tools/r8/graph/ObjectToOffsetMapping$$Lambda$511
instanceKlass com/android/tools/r8/graph/ObjectToOffsetMapping$$Lambda$508
instanceKlass com/android/tools/r8/graph/ObjectToOffsetMapping$$Lambda$509
instanceKlass com/android/tools/r8/it/unimi/dsi/fastutil/objects/Reference2IntSortedMap$FastSortedEntrySet
instanceKlass com/android/tools/r8/it/unimi/dsi/fastutil/objects/ReferenceSortedSet
instanceKlass com/android/tools/r8/it/unimi/dsi/fastutil/objects/Reference2IntSortedMap
instanceKlass com/android/tools/r8/graph/ObjectToOffsetMapping$$Lambda$507
instanceKlass com/android/tools/r8/graph/ObjectToOffsetMapping$$Lambda$506
instanceKlass com/android/tools/r8/graph/ObjectToOffsetMapping$$Lambda$505
instanceKlass com/android/tools/r8/graph/ObjectToOffsetMapping$$Lambda$504
instanceKlass java/util/IdentityHashMap$IdentityHashMapSpliterator
instanceKlass com/android/tools/r8/it/unimi/dsi/fastutil/objects/Reference2IntMap$FastEntrySet
instanceKlass com/android/tools/r8/it/unimi/dsi/fastutil/objects/ReferenceSet
instanceKlass com/android/tools/r8/it/unimi/dsi/fastutil/objects/AbstractReference2IntFunction
instanceKlass com/android/tools/r8/graph/ObjectToOffsetMapping$ProgramClassDepthsMemoized
instanceKlass com/android/tools/r8/dex/ApplicationWriter$$Lambda$503
instanceKlass com/android/tools/r8/graph/ObjectToOffsetMapping
instanceKlass com/android/tools/r8/dex/VirtualFile$IndexedItemTransaction$$Lambda$502
instanceKlass com/android/tools/r8/dex/VirtualFile$IndexedItemTransaction$$Lambda$501
instanceKlass com/android/tools/r8/dex/VirtualFile$IndexedItemTransaction$$Lambda$500
instanceKlass com/android/tools/r8/dex/VirtualFile$IndexedItemTransaction$$Lambda$499
instanceKlass com/android/tools/r8/dex/VirtualFile$IndexedItemTransaction$$Lambda$498
instanceKlass com/android/tools/r8/dex/VirtualFile$IndexedItemTransaction$$Lambda$497
instanceKlass com/android/tools/r8/dex/VirtualFile$IndexedItemTransaction$$Lambda$496
instanceKlass com/android/tools/r8/dex/VirtualFile$IndexedItemTransaction$$Lambda$495
instanceKlass com/android/tools/r8/dex/VirtualFile$IndexedItemTransaction$$Lambda$494
instanceKlass com/android/tools/r8/graph/DexItem$$Lambda$493
instanceKlass com/android/tools/r8/dex/VirtualFile$IndexedItemTransaction
instanceKlass com/android/tools/r8/dex/VirtualFile$VirtualFileIndexedItemCollection
instanceKlass com/android/tools/r8/dex/IndexedItemCollection
instanceKlass com/android/tools/r8/dex/VirtualFile
instanceKlass com/android/tools/r8/graph/DexEncodedAnnotation$$Lambda$492
instanceKlass com/android/tools/r8/graph/DexAnnotationSet$$Lambda$491
instanceKlass com/android/tools/r8/graph/DexItem$$Lambda$490
instanceKlass com/android/tools/r8/dex/ApplicationWriter$$Lambda$489
instanceKlass com/android/tools/r8/graph/DexItemFactory$$Lambda$488
instanceKlass com/android/tools/r8/graph/DexItemFactory$$Lambda$487
instanceKlass com/android/tools/r8/com/google/gson/internal/bind/TypeAdapters$30
instanceKlass com/android/tools/r8/com/google/gson/internal/bind/TypeAdapters$34
instanceKlass com/android/tools/r8/com/google/gson/internal/bind/TypeAdapters$26
instanceKlass com/android/tools/r8/com/google/gson/internal/bind/TypeAdapters$35
instanceKlass com/android/tools/r8/com/google/gson/internal/bind/TypeAdapters$33
instanceKlass com/android/tools/r8/com/google/gson/internal/bind/TypeAdapters$32
instanceKlass com/android/tools/r8/com/google/gson/stream/JsonReader
instanceKlass com/android/tools/r8/com/google/gson/TypeAdapterFactory
instanceKlass com/android/tools/r8/com/google/gson/TypeAdapter
instanceKlass com/android/tools/r8/com/google/gson/internal/bind/TypeAdapters
instanceKlass com/android/tools/r8/com/google/gson/internal/Streams
instanceKlass com/android/tools/r8/com/google/gson/stream/JsonWriter
instanceKlass com/android/tools/r8/com/google/gson/internal/LinkedTreeMap$LinkedTreeMapIterator
instanceKlass com/android/tools/r8/dex/Marker$$Lambda$485
instanceKlass com/android/tools/r8/dex/Marker$$Lambda$486
instanceKlass com/android/tools/r8/dex/Marker$$Lambda$484
instanceKlass com/android/tools/r8/naming/NamingLens
instanceKlass com/android/tools/r8/dex/VirtualFile$Distributor
instanceKlass com/android/tools/r8/dex/MixedSectionCollection
instanceKlass com/android/tools/r8/DataResourceProvider$Visitor
instanceKlass com/android/tools/r8/dex/ApplicationWriter
instanceKlass com/android/tools/r8/com/google/gson/internal/$Gson$Preconditions
instanceKlass com/android/tools/r8/com/google/gson/internal/LinkedTreeMap$Node
instanceKlass com/android/tools/r8/com/google/gson/internal/LinkedTreeMap$1
instanceKlass com/android/tools/r8/com/google/gson/JsonElement
instanceKlass com/android/tools/r8/dex/Marker
instanceKlass com/android/tools/r8/com/google/common/base/ExtraObjectsMethodsForWeb
instanceKlass com/android/tools/r8/com/google/common/collect/Lists$ReverseList$1
instanceKlass com/android/tools/r8/com/google/common/collect/AbstractMapBasedMultimap$AsMap$AsMapIterator
instanceKlass com/android/tools/r8/com/google/common/collect/Lists
instanceKlass com/android/tools/r8/ir/conversion/DexBuilder$$Lambda$483
instanceKlass com/android/tools/r8/ir/conversion/DexBuilder$TryItem
instanceKlass com/android/tools/r8/ir/code/BasicBlock$$Lambda$482
instanceKlass java/lang/invoke/LambdaForm$DMH
instanceKlass com/android/tools/r8/graph/LazyLoadedDexApplication$Builder$$Lambda$481
instanceKlass com/android/tools/r8/org/objectweb/asm/tree/TryCatchBlockNode
instanceKlass com/android/tools/r8/com/google/common/collect/Iterators$ConcatenatedIterator
instanceKlass com/android/tools/r8/com/google/common/base/Optional
instanceKlass com/android/tools/r8/com/google/common/collect/FluentIterable
instanceKlass com/android/tools/r8/ir/code/ArithmeticBinop$1
instanceKlass com/android/tools/r8/ir/code/NumberConversion$1
instanceKlass com/android/tools/r8/ir/regalloc/RegisterMoveScheduler
instanceKlass com/android/tools/r8/ir/regalloc/SpillMoveSet$$Lambda$480
instanceKlass com/android/tools/r8/ir/regalloc/SpillMoveSet$$Lambda$479
instanceKlass com/android/tools/r8/ir/regalloc/SpillMoveSet$$Lambda$478
instanceKlass com/android/tools/r8/ir/regalloc/SpillMoveSet$$Lambda$477
instanceKlass com/android/tools/r8/ir/regalloc/SpillMove
instanceKlass com/android/tools/r8/ir/code/Cmp$1
instanceKlass com/android/tools/r8/com/google/common/collect/Multisets$DecreasingCount
instanceKlass com/android/tools/r8/com/google/common/collect/Multisets$AbstractEntry
instanceKlass com/android/tools/r8/com/google/common/collect/Count
instanceKlass com/android/tools/r8/com/google/common/primitives/Ints
instanceKlass com/android/tools/r8/com/google/common/collect/AbstractMapBasedMultiset$1
instanceKlass com/android/tools/r8/com/google/common/collect/SortedMultiset
instanceKlass com/android/tools/r8/com/google/common/collect/SortedIterable
instanceKlass com/android/tools/r8/com/google/common/collect/SortedMultisetBridge
instanceKlass com/android/tools/r8/com/google/common/collect/Multiset$Entry
instanceKlass com/android/tools/r8/com/google/common/collect/Multisets
instanceKlass com/android/tools/r8/ir/conversion/IRBuilder$ValueList
instanceKlass com/android/tools/r8/graph/DexItemFactory$$Lambda$476
instanceKlass com/android/tools/r8/ir/code/ArrayPut$1
instanceKlass com/android/tools/r8/graph/DexItemFactory$$Lambda$475
instanceKlass com/android/tools/r8/ir/conversion/DexBuilder$1
instanceKlass com/android/tools/r8/ir/optimize/PeepholeOptimizer$$Lambda$474
instanceKlass com/android/tools/r8/ir/optimize/PeepholeOptimizer$$Lambda$473
instanceKlass com/android/tools/r8/ir/code/Return$1
instanceKlass com/android/tools/r8/ir/optimize/CodeRewriter$$Lambda$472
instanceKlass com/android/tools/r8/ir/code/Value$1
instanceKlass com/android/tools/r8/ir/code/InstanceGet$1
instanceKlass com/android/tools/r8/it/unimi/dsi/fastutil/ints/Int2ReferenceAVLTreeMap$2$1
instanceKlass com/android/tools/r8/code/MoveType$1
instanceKlass com/android/tools/r8/ir/code/InstancePut$1
instanceKlass com/android/tools/r8/graph/DexItemFactory$$Lambda$471
instanceKlass com/android/tools/r8/ir/code/StaticPut$1
instanceKlass com/android/tools/r8/ir/conversion/DexBuilder$FillArrayDataInfo
instanceKlass com/android/tools/r8/utils/NumberUtils
instanceKlass com/android/tools/r8/ir/regalloc/LinearScanRegisterAllocator$$Lambda$470
instanceKlass com/android/tools/r8/ir/regalloc/LinearScanRegisterAllocator$$Lambda$469
instanceKlass com/android/tools/r8/ir/regalloc/LinearScanRegisterAllocator$$Lambda$468
instanceKlass com/android/tools/r8/ir/regalloc/LinearScanRegisterAllocator$$Lambda$467
instanceKlass com/android/tools/r8/ir/regalloc/LinearScanRegisterAllocator$$Lambda$466
instanceKlass java/lang/invoke/LambdaForm$DMH
instanceKlass com/android/tools/r8/ir/regalloc/LinearScanRegisterAllocator$$Lambda$465
instanceKlass com/android/tools/r8/ir/regalloc/RegisterPositions$1
instanceKlass com/android/tools/r8/com/google/common/collect/AbstractMultimap
instanceKlass com/android/tools/r8/ir/regalloc/RegisterPositions
instanceKlass com/android/tools/r8/ir/optimize/CodeRewriter$$Lambda$464
instanceKlass com/android/tools/r8/ir/optimize/CodeRewriter$$Lambda$463
instanceKlass com/android/tools/r8/it/unimi/dsi/fastutil/objects/Object2ObjectLinkedOpenCustomHashMap$MapEntry
instanceKlass com/android/tools/r8/it/unimi/dsi/fastutil/objects/Object2ObjectLinkedOpenCustomHashMap$MapIterator
instanceKlass com/android/tools/r8/ir/optimize/ConstantCanonicalizer$$Lambda$462
instanceKlass java/util/stream/SliceOps
instanceKlass com/android/tools/r8/ir/optimize/CodeRewriter$$Lambda$461
instanceKlass com/android/tools/r8/ir/optimize/ConstantCanonicalizer$$Lambda$460
instanceKlass com/android/tools/r8/ir/optimize/ConstantCanonicalizer$$Lambda$458
instanceKlass com/android/tools/r8/ir/code/BasicBlockInstructionIterator$$Lambda$459
instanceKlass com/android/tools/r8/it/unimi/dsi/fastutil/objects/Object2ObjectMap$Entry
instanceKlass com/android/tools/r8/ir/optimize/CodeRewriter$$Lambda$457
instanceKlass com/android/tools/r8/ir/optimize/CodeRewriter$$Lambda$456
instanceKlass com/android/tools/r8/graph/AppInfo$EmptyResult
instanceKlass com/android/tools/r8/graph/AppInfo$MultiResultBuilder
instanceKlass com/android/tools/r8/ir/code/ValueType$1
instanceKlass com/android/tools/r8/ir/code/WideConstant
instanceKlass com/android/tools/r8/ir/code/SingleConstant
instanceKlass com/android/tools/r8/org/objectweb/asm/Handle
instanceKlass com/android/tools/r8/graph/DexEncodedMethod$1
instanceKlass com/android/tools/r8/ir/optimize/Inliner
instanceKlass com/android/tools/r8/graph/DexDebugEventVisitor
instanceKlass com/android/tools/r8/ir/conversion/DexBuilder$TryInfo
instanceKlass com/android/tools/r8/graph/DexItemFactory$$Lambda$454
instanceKlass com/android/tools/r8/graph/DexItemFactory$$Lambda$455
instanceKlass java/lang/invoke/LambdaForm$DMH
instanceKlass java/lang/invoke/LambdaForm$DMH
instanceKlass com/android/tools/r8/graph/DexDebugEventBuilder
instanceKlass com/android/tools/r8/it/unimi/dsi/fastutil/ints/Int2ReferenceMaps
instanceKlass com/android/tools/r8/ir/conversion/DexBuilder$Info
instanceKlass com/android/tools/r8/ir/conversion/DexBuilder
instanceKlass com/android/tools/r8/ir/optimize/MoveEliminator$$Lambda$453
instanceKlass com/android/tools/r8/ir/optimize/MoveEliminator$$Lambda$452
instanceKlass java/lang/invoke/LambdaForm$DMH
instanceKlass java/lang/invoke/LambdaForm$DMH
instanceKlass com/android/tools/r8/ir/optimize/MoveEliminator
instanceKlass com/android/tools/r8/ir/optimize/PeepholeOptimizer
instanceKlass com/android/tools/r8/ir/code/Instruction$$Lambda$451
instanceKlass com/android/tools/r8/ir/code/Instruction$$Lambda$450
instanceKlass com/android/tools/r8/ir/code/Instruction$$Lambda$449
instanceKlass com/android/tools/r8/ir/code/Instruction$$Lambda$448
instanceKlass com/android/tools/r8/ir/code/BasicBlock$$Lambda$447
instanceKlass com/android/tools/r8/ir/code/BasicBlock$$Lambda$446
instanceKlass com/android/tools/r8/ir/regalloc/LinearScanRegisterAllocator$$Lambda$445
instanceKlass com/android/tools/r8/ir/regalloc/LinearScanRegisterAllocator$$Lambda$444
instanceKlass com/android/tools/r8/ir/regalloc/LinearScanRegisterAllocator$$Lambda$443
instanceKlass com/android/tools/r8/ir/regalloc/LinearScanRegisterAllocator$$Lambda$442
instanceKlass com/android/tools/r8/ir/regalloc/LinearScanRegisterAllocator$$Lambda$441
instanceKlass com/android/tools/r8/ir/regalloc/LinearScanRegisterAllocator$$Lambda$440
instanceKlass com/android/tools/r8/ir/regalloc/LinearScanRegisterAllocator$$Lambda$439
instanceKlass com/android/tools/r8/ir/regalloc/LinearScanRegisterAllocator$$Lambda$438
instanceKlass com/android/tools/r8/ir/regalloc/LinearScanRegisterAllocator$LocalRange
instanceKlass com/android/tools/r8/ir/regalloc/LinearScanRegisterAllocator$$Lambda$437
instanceKlass com/android/tools/r8/ir/regalloc/LinearScanRegisterAllocator$$Lambda$436
instanceKlass com/android/tools/r8/ir/regalloc/LinearScanRegisterAllocator$$Lambda$435
instanceKlass com/android/tools/r8/ir/regalloc/LinearScanRegisterAllocator$$Lambda$434
instanceKlass java/lang/invoke/LambdaForm$DMH
instanceKlass java/lang/invoke/LambdaForm$DMH
instanceKlass com/android/tools/r8/ir/regalloc/LinearScanRegisterAllocator$$Lambda$432
instanceKlass com/android/tools/r8/ir/regalloc/LinearScanRegisterAllocator$$Lambda$433
instanceKlass com/android/tools/r8/ir/regalloc/LinearScanRegisterAllocator$$Lambda$431
instanceKlass com/android/tools/r8/ir/regalloc/LinearScanRegisterAllocator$$Lambda$430
instanceKlass com/android/tools/r8/utils/ListUtils
instanceKlass com/android/tools/r8/ir/regalloc/LinearScanRegisterAllocator$$Lambda$428
instanceKlass com/android/tools/r8/ir/regalloc/LinearScanRegisterAllocator$$Lambda$429
instanceKlass com/android/tools/r8/ir/regalloc/SpillMoveSet
instanceKlass com/android/tools/r8/ir/regalloc/LiveIntervalsUse
instanceKlass com/android/tools/r8/ir/regalloc/LiveRange
instanceKlass com/android/tools/r8/it/unimi/dsi/fastutil/ints/IntListIterator
instanceKlass com/android/tools/r8/it/unimi/dsi/fastutil/ints/IntBidirectionalIterator
instanceKlass com/android/tools/r8/it/unimi/dsi/fastutil/ints/IntStack
instanceKlass com/android/tools/r8/it/unimi/dsi/fastutil/Stack
instanceKlass com/android/tools/r8/ir/regalloc/LiveIntervals
instanceKlass com/android/tools/r8/it/unimi/dsi/fastutil/objects/Reference2IntMap
instanceKlass com/android/tools/r8/it/unimi/dsi/fastutil/objects/Reference2IntFunction
instanceKlass com/android/tools/r8/com/google/common/collect/Multiset
instanceKlass com/android/tools/r8/ir/regalloc/LinearScanRegisterAllocator
instanceKlass com/android/tools/r8/ir/code/IRCode$BlockMarker
instanceKlass com/android/tools/r8/graph/DexEncodedMethod$ClassInlinerEligibility
instanceKlass com/android/tools/r8/ir/code/IRCode$$Lambda$427
instanceKlass com/android/tools/r8/ir/code/IRCode$$Lambda$426
instanceKlass com/android/tools/r8/ir/optimize/CodeRewriter$$Lambda$424
instanceKlass com/android/tools/r8/ir/optimize/CodeRewriter$$Lambda$425
instanceKlass com/android/tools/r8/com/google/common/base/Suppliers$MemoizingSupplier
instanceKlass com/android/tools/r8/com/google/common/base/Suppliers$NonSerializableMemoizingSupplier
instanceKlass com/android/tools/r8/com/google/common/base/Suppliers
instanceKlass com/android/tools/r8/ir/optimize/CodeRewriter$$Lambda$422
instanceKlass com/android/tools/r8/ir/optimize/CodeRewriter$$Lambda$423
instanceKlass com/android/tools/r8/com/google/common/base/Supplier
instanceKlass com/android/tools/r8/ir/code/DominatorTree
instanceKlass com/android/tools/r8/ir/optimize/ConstantCanonicalizer$1
instanceKlass com/android/tools/r8/it/unimi/dsi/fastutil/objects/Object2ObjectSortedMap$FastSortedEntrySet
instanceKlass com/android/tools/r8/it/unimi/dsi/fastutil/objects/Object2ObjectMap$FastEntrySet
instanceKlass com/android/tools/r8/it/unimi/dsi/fastutil/objects/AbstractObject2ObjectFunction
instanceKlass com/android/tools/r8/it/unimi/dsi/fastutil/objects/Object2ObjectSortedMap
instanceKlass com/android/tools/r8/it/unimi/dsi/fastutil/objects/Object2ObjectMap
instanceKlass com/android/tools/r8/it/unimi/dsi/fastutil/objects/Object2ObjectFunction
instanceKlass com/android/tools/r8/ir/optimize/ConstantCanonicalizer
instanceKlass com/android/tools/r8/ir/optimize/DeadCodeRemover
instanceKlass com/android/tools/r8/ir/code/BasicBlockIterator
instanceKlass com/android/tools/r8/ir/analysis/constant/SparseConditionalConstantPropagation$$Lambda$421
instanceKlass com/android/tools/r8/ir/analysis/constant/SparseConditionalConstantPropagation$$Lambda$420
instanceKlass com/android/tools/r8/ir/analysis/constant/SparseConditionalConstantPropagation$$Lambda$418
instanceKlass com/android/tools/r8/ir/analysis/constant/SparseConditionalConstantPropagation$$Lambda$419
instanceKlass com/android/tools/r8/ir/analysis/constant/SparseConditionalConstantPropagation$$Lambda$417
instanceKlass com/android/tools/r8/ir/analysis/constant/SparseConditionalConstantPropagation$$Lambda$416
instanceKlass com/android/tools/r8/ir/analysis/constant/SparseConditionalConstantPropagation
instanceKlass com/android/tools/r8/ir/analysis/type/TypeLatticeElement
instanceKlass com/android/tools/r8/ir/analysis/type/TypeAnalysis$1
instanceKlass com/android/tools/r8/ir/analysis/type/TypeAnalysis
instanceKlass com/android/tools/r8/graph/DexClass$$Lambda$414
instanceKlass com/android/tools/r8/graph/DexClass$$Lambda$415
instanceKlass com/android/tools/r8/ir/code/IRCode$$Lambda$412
instanceKlass com/android/tools/r8/ir/code/IRCode$$Lambda$413
instanceKlass java/util/LinkedList$LLSpliterator
instanceKlass com/android/tools/r8/ir/code/IRCodeInstructionsIterator
instanceKlass com/android/tools/r8/ir/code/BasicBlockInstructionIterator
instanceKlass com/android/tools/r8/ir/code/Invoke$1
instanceKlass com/android/tools/r8/code/Instruction
instanceKlass java/lang/invoke/LambdaForm$MH
instanceKlass java/lang/invoke/LambdaForm$MH
instanceKlass com/android/tools/r8/ir/conversion/JarSourceCode$$Lambda$411
instanceKlass com/android/tools/r8/ir/conversion/JarSourceCode$$Lambda$410
instanceKlass com/android/tools/r8/cf/code/CfInstruction
instanceKlass com/android/tools/r8/ir/conversion/JarSourceCode$$Lambda$409
instanceKlass com/android/tools/r8/ir/conversion/JarSourceCode$$Lambda$408
instanceKlass com/android/tools/r8/ir/conversion/IRBuilder$WorklistItem
instanceKlass com/android/tools/r8/ir/conversion/JarSourceCode$$Lambda$407
instanceKlass com/android/tools/r8/ir/conversion/JarSourceCode$$Lambda$406
instanceKlass com/android/tools/r8/ir/conversion/JarSourceCode$$Lambda$405
instanceKlass com/android/tools/r8/ir/conversion/JarSourceCode$$Lambda$404
instanceKlass com/android/tools/r8/it/unimi/dsi/fastutil/ints/AbstractIntIterator
instanceKlass com/android/tools/r8/ir/conversion/JarState$Snapshot
instanceKlass com/android/tools/r8/ir/conversion/JarSourceCode$JarStateWorklistItem
instanceKlass com/android/tools/r8/ir/analysis/constant/LatticeElement
instanceKlass com/android/tools/r8/ir/code/Value$DebugData
instanceKlass com/android/tools/r8/ir/conversion/JarState$Slot
instanceKlass com/android/tools/r8/it/unimi/dsi/fastutil/ints/Int2ReferenceOpenHashMap$MapEntry
instanceKlass com/android/tools/r8/it/unimi/dsi/fastutil/ints/Int2ReferenceOpenHashMap$MapIterator
instanceKlass com/android/tools/r8/utils/Pair
instanceKlass com/android/tools/r8/graph/JarApplicationReader$$Lambda$403
instanceKlass com/android/tools/r8/graph/JarApplicationReader$$Lambda$402
instanceKlass com/android/tools/r8/ir/code/Position
instanceKlass com/android/tools/r8/it/unimi/dsi/fastutil/ints/IntArrays$ArrayHashStrategy
instanceKlass com/android/tools/r8/it/unimi/dsi/fastutil/ints/IntArrays$Segment
instanceKlass com/android/tools/r8/it/unimi/dsi/fastutil/Hash$Strategy
instanceKlass com/android/tools/r8/it/unimi/dsi/fastutil/ints/IntArrays
instanceKlass com/android/tools/r8/it/unimi/dsi/fastutil/ints/IntIterator
instanceKlass com/android/tools/r8/ir/code/CatchHandlers
instanceKlass com/android/tools/r8/ir/code/InstructionListIterator
instanceKlass com/android/tools/r8/ir/code/InstructionIterator
instanceKlass com/android/tools/r8/ir/code/NextUntilIterator
instanceKlass com/android/tools/r8/ir/code/BasicBlock
instanceKlass com/android/tools/r8/ir/conversion/IRBuilder$BlockInfo
instanceKlass com/android/tools/r8/ir/code/ValueNumberGenerator
instanceKlass com/android/tools/r8/ir/conversion/IRBuilder
instanceKlass com/android/tools/r8/it/unimi/dsi/fastutil/ints/Int2ReferenceAVLTreeMap$TreeIterator
instanceKlass com/android/tools/r8/it/unimi/dsi/fastutil/objects/ObjectListIterator
instanceKlass com/android/tools/r8/it/unimi/dsi/fastutil/objects/ObjectBidirectionalIterator
instanceKlass com/android/tools/r8/it/unimi/dsi/fastutil/BidirectionalIterator
instanceKlass com/android/tools/r8/it/unimi/dsi/fastutil/objects/ObjectIterator
instanceKlass com/android/tools/r8/ir/conversion/JarState$LocalNodeInfo
instanceKlass com/android/tools/r8/com/google/common/base/Equivalence$Wrapper
instanceKlass com/android/tools/r8/graph/DebugLocalInfo
instanceKlass com/android/tools/r8/it/unimi/dsi/fastutil/ints/AbstractInt2ReferenceMap$BasicEntry
instanceKlass com/android/tools/r8/it/unimi/dsi/fastutil/ints/Int2ReferenceMap$Entry
instanceKlass com/android/tools/r8/ir/conversion/JarState$LocalsAtOffset
instanceKlass com/android/tools/r8/it/unimi/dsi/fastutil/ints/IntComparator
instanceKlass com/android/tools/r8/it/unimi/dsi/fastutil/objects/ObjectSortedSet
instanceKlass com/android/tools/r8/it/unimi/dsi/fastutil/ints/IntSortedSet
instanceKlass com/android/tools/r8/ir/conversion/JarState$Local
instanceKlass com/android/tools/r8/com/google/common/base/Predicate
instanceKlass com/android/tools/r8/com/google/common/base/Equivalence
instanceKlass com/android/tools/r8/it/unimi/dsi/fastutil/ints/Int2ReferenceSortedMap
instanceKlass com/android/tools/r8/ir/conversion/JarState
instanceKlass com/android/tools/r8/it/unimi/dsi/fastutil/ints/Int2ReferenceMap$FastEntrySet
instanceKlass com/android/tools/r8/it/unimi/dsi/fastutil/objects/ReferenceCollection
instanceKlass com/android/tools/r8/it/unimi/dsi/fastutil/ints/AbstractInt2ReferenceFunction
instanceKlass com/android/tools/r8/ir/conversion/JarSourceCode$TryCatchBlock
instanceKlass com/android/tools/r8/it/unimi/dsi/fastutil/ints/Int2ReferenceMap
instanceKlass com/android/tools/r8/it/unimi/dsi/fastutil/ints/Int2ReferenceFunction
instanceKlass com/android/tools/r8/ir/conversion/JarSourceCode
instanceKlass com/android/tools/r8/org/objectweb/asm/tree/InsnList$InsnListIterator
instanceKlass com/android/tools/r8/org/objectweb/asm/tree/LocalVariableNode
instanceKlass com/android/tools/r8/org/objectweb/asm/ModuleVisitor
instanceKlass com/android/tools/r8/org/objectweb/asm/Label
instanceKlass com/android/tools/r8/org/objectweb/asm/tree/InsnList
instanceKlass com/android/tools/r8/org/objectweb/asm/tree/AbstractInsnNode
instanceKlass com/android/tools/r8/org/objectweb/asm/Opcodes
instanceKlass com/android/tools/r8/ir/conversion/IRConverter$$Lambda$401
instanceKlass com/android/tools/r8/ir/conversion/IRConverter$$Lambda$400
instanceKlass com/android/tools/r8/ir/code/IRCode
instanceKlass com/android/tools/r8/ir/optimize/Outliner
instanceKlass com/android/tools/r8/ir/conversion/IRConverter$$Lambda$398
instanceKlass com/android/tools/r8/ir/conversion/IRConverter$$Lambda$399
instanceKlass com/android/tools/r8/ir/conversion/IRConverter$$Lambda$397
instanceKlass com/android/tools/r8/ir/conversion/IRConverter$$Lambda$396
instanceKlass com/android/tools/r8/ir/conversion/IRConverter$$Lambda$395
instanceKlass com/android/tools/r8/ir/conversion/IRConverter$$Lambda$394
instanceKlass com/android/tools/r8/graph/DexApplication$$Lambda$392
instanceKlass com/android/tools/r8/graph/DexApplication$$Lambda$393
instanceKlass com/android/tools/r8/ir/desugar/CovariantReturnTypeAnnotationTransformer
instanceKlass com/android/tools/r8/ir/desugar/StringConcatRewriter
instanceKlass com/android/tools/r8/ir/conversion/IRConverter$$Lambda$391
instanceKlass com/android/tools/r8/ir/conversion/IRConverter$$Lambda$390
instanceKlass com/android/tools/r8/ir/conversion/IRConverter$$Lambda$388
instanceKlass com/android/tools/r8/ir/conversion/IRConverter$$Lambda$389
instanceKlass com/android/tools/r8/it/unimi/dsi/fastutil/ints/IntList
instanceKlass com/android/tools/r8/it/unimi/dsi/fastutil/ints/Int2IntMap
instanceKlass com/android/tools/r8/it/unimi/dsi/fastutil/ints/Int2IntFunction
instanceKlass com/android/tools/r8/ir/code/Value
instanceKlass com/android/tools/r8/ir/optimize/CodeRewriter
instanceKlass com/android/tools/r8/graph/GraphLense
instanceKlass com/android/tools/r8/ir/conversion/OptimizationFeedbackSimple
instanceKlass com/android/tools/r8/ir/conversion/OptimizationFeedbackIgnore
instanceKlass com/android/tools/r8/ir/analysis/type/TypeEnvironment
instanceKlass com/android/tools/r8/ir/regalloc/RegisterAllocator
instanceKlass com/android/tools/r8/ir/conversion/CallSiteInformation
instanceKlass com/android/tools/r8/com/google/common/collect/ListMultimap
instanceKlass com/android/tools/r8/com/google/common/collect/Multimap
instanceKlass com/android/tools/r8/ir/conversion/OptimizationFeedback
instanceKlass com/android/tools/r8/ir/conversion/IRConverter
instanceKlass com/android/tools/r8/utils/ProgramClassCollection$$Lambda$387
instanceKlass com/android/tools/r8/utils/ThreadUtils
instanceKlass java/lang/invoke/LambdaForm$MH
instanceKlass com/android/tools/r8/graph/JarClassFileReader$$Lambda$385
instanceKlass java/lang/invoke/LambdaForm$DMH
instanceKlass java/lang/invoke/LambdaForm$DMH
instanceKlass com/android/tools/r8/graph/JarClassFileReader$$Lambda$386
instanceKlass java/lang/invoke/LambdaForm$DMH
instanceKlass com/android/tools/r8/com/google/common/base/MoreObjects
instanceKlass com/android/tools/r8/graph/DexEncodedMethod$OptimizationInfo
instanceKlass com/android/tools/r8/naming/MemberNaming$Signature
instanceKlass com/android/tools/r8/graph/AppInfo
instanceKlass com/android/tools/r8/ir/conversion/SourceCode
instanceKlass com/android/tools/r8/org/objectweb/asm/util/Printer
instanceKlass com/android/tools/r8/ir/code/Instruction
instanceKlass com/android/tools/r8/graph/InnerClassAttribute
instanceKlass com/android/tools/r8/graph/JarApplicationReader$$Lambda$384
instanceKlass com/android/tools/r8/graph/JarApplicationReader$$Lambda$383
instanceKlass com/android/tools/r8/graph/JarApplicationReader$$Lambda$381
instanceKlass com/android/tools/r8/graph/JarApplicationReader$$Lambda$382
instanceKlass com/android/tools/r8/org/objectweb/asm/Type
instanceKlass com/android/tools/r8/org/objectweb/asm/Context
instanceKlass com/android/tools/r8/org/objectweb/asm/Attribute
instanceKlass com/android/tools/r8/graph/JarClassFileReader$ReparseContext
instanceKlass com/android/tools/r8/org/objectweb/asm/MethodVisitor
instanceKlass com/android/tools/r8/org/objectweb/asm/FieldVisitor
instanceKlass com/android/tools/r8/org/objectweb/asm/ClassReader
instanceKlass com/android/tools/r8/graph/ClassKind$$Lambda$380
