JvmtiExport can_access_local_variables 0
JvmtiExport can_hotswap_or_post_breakpoint 0
JvmtiExport can_post_on_exceptions 0
# 136 ciObject found
instanceKlass com/android/build/gradle/internal/transforms/DexMergerTransform$$Lambda$686
instanceKlass com/android/build/gradle/internal/transforms/DexMergerTransform$$Lambda$685
instanceKlass com/android/build/gradle/internal/transforms/DexMergerTransform$$Lambda$684
instanceKlass com/android/builder/dexing/DirDexArchive
instanceKlass com/android/tools/r8/dex/DexParser$$Lambda$683
instanceKlass com/android/tools/r8/it/unimi/dsi/fastutil/ints/Int2IntMap$FastEntrySet
instanceKlass com/android/tools/r8/it/unimi/dsi/fastutil/ints/AbstractInt2IntFunction
instanceKlass com/android/tools/r8/code/InstructionFactory$ShortBufferBytecodeStream
instanceKlass com/android/tools/r8/code/BytecodeStream
instanceKlass com/android/tools/r8/dex/DexParser$$Lambda$682
instanceKlass com/android/tools/r8/dex/DexParser$$Lambda$681
instanceKlass com/android/tools/r8/dex/DexParser$$Lambda$680
instanceKlass com/android/tools/r8/dex/DexParser$AttributesAndAnnotations
instanceKlass com/android/tools/r8/dex/DexParser$$Lambda$679
instanceKlass com/android/tools/r8/dex/DexParser$$Lambda$678
instanceKlass com/android/tools/r8/dex/DexParser$$Lambda$677
instanceKlass com/android/tools/r8/dex/DexParser$MemberAnnotationIterator
instanceKlass com/android/tools/r8/dex/DexParser$$Lambda$676
instanceKlass com/android/tools/r8/dex/DexParser$$Lambda$675
instanceKlass com/android/tools/r8/dex/DexParser$$Lambda$674
instanceKlass com/android/tools/r8/dex/DexParser$AnnotationsDirectory
instanceKlass com/android/tools/r8/code/BaseInstructionFactory
instanceKlass com/android/tools/r8/dex/DexParser$$Lambda$673
instanceKlass com/android/tools/r8/dex/ApplicationReader$ClassReader$$Lambda$672
instanceKlass com/android/tools/r8/dex/ApplicationReader$ClassReader$$Lambda$671
instanceKlass com/android/tools/r8/dex/DexParser$$Lambda$670
instanceKlass com/android/tools/r8/dex/DexSection
instanceKlass com/android/tools/r8/graph/OffsetToObjectMapping
instanceKlass com/android/tools/r8/dex/DexParser
instanceKlass com/android/tools/r8/com/google/common/io/ByteArrayDataOutput
instanceKlass com/android/tools/r8/com/google/common/io/ByteArrayDataInput
instanceKlass com/android/tools/r8/com/google/common/io/ByteStreams
instanceKlass com/android/tools/r8/utils/StreamUtils
instanceKlass com/android/tools/r8/dex/BinaryReader
instanceKlass com/android/tools/r8/D8Command$Builder$$Lambda$669
instanceKlass com/android/builder/dexing/DexArchiveEntry
instanceKlass com/android/builder/dexing/NonIncrementalJarDexArchive
instanceKlass com/android/builder/dexing/DexArchives$$Lambda$668
instanceKlass com/android/builder/dexing/DexArchive
instanceKlass com/android/builder/dexing/DexArchives
instanceKlass com/android/builder/dexing/D8DexArchiveMerger$$Lambda$667
instanceKlass com/google/common/collect/Streams
instanceKlass com/android/builder/dexing/D8DexArchiveMerger
instanceKlass com/android/builder/dexing/DexArchiveMerger
instanceKlass com/android/build/gradle/internal/transforms/DexMergerTransformCallable$1
instanceKlass com/android/tools/r8/it/unimi/dsi/fastutil/objects/AbstractObjectIterator
instanceKlass com/android/tools/r8/it/unimi/dsi/fastutil/objects/ObjectList
instanceKlass com/android/tools/r8/it/unimi/dsi/fastutil/objects/ObjectIterators
instanceKlass com/android/tools/r8/it/unimi/dsi/fastutil/objects/ObjectSets
instanceKlass com/android/tools/r8/graph/JarClassFileReader$CreateAnnotationVisitor$$Lambda$666
instanceKlass com/android/tools/r8/utils/ZipUtils
instanceKlass com/android/tools/r8/com/google/common/collect/Iterators$7
instanceKlass com/android/tools/r8/com/google/common/collect/Iterators$2
instanceKlass com/android/tools/r8/dex/VirtualFile$VirtualFileCycler
instanceKlass com/android/tools/r8/dex/VirtualFile$PackageSplitPopulator
instanceKlass com/android/tools/r8/dex/VirtualFile$DistributorBase$$Lambda$665
instanceKlass com/android/tools/r8/dex/VirtualFile$$Lambda$664
instanceKlass com/android/tools/r8/naming/ClassNameMapper
instanceKlass com/android/tools/r8/naming/ProguardMap
instanceKlass com/android/tools/r8/com/google/common/collect/Collections2
instanceKlass com/android/tools/r8/ir/regalloc/SpillMoveSet$$Lambda$663
instanceKlass com/android/tools/r8/graph/DexItemFactory$$Lambda$662
instanceKlass com/android/tools/r8/utils/ArchiveBuilder
instanceKlass com/android/tools/r8/DexIndexedConsumer$ForwardingConsumer
instanceKlass com/android/builder/dexing/NoCacheJarClassFileEntry
instanceKlass com/android/builder/dexing/JarClassFileInput$$Lambda$661
instanceKlass com/android/builder/dexing/JarClassFileInput
instanceKlass com/android/tools/r8/com/google/common/base/ExtraObjectsMethodsForWeb
instanceKlass com/android/tools/r8/com/google/common/collect/Lists$ReverseList$1
instanceKlass com/android/tools/r8/com/google/common/collect/Lists
instanceKlass com/android/tools/r8/ir/conversion/DexBuilder$$Lambda$660
instanceKlass com/android/tools/r8/ir/conversion/DexBuilder$TryItem
instanceKlass com/android/tools/r8/ir/code/BasicBlock$$Lambda$659
instanceKlass java/lang/invoke/LambdaForm$DMH
instanceKlass com/android/tools/r8/org/objectweb/asm/tree/TryCatchBlockNode
instanceKlass com/android/tools/r8/com/google/common/collect/Iterators$ConcatenatedIterator
instanceKlass com/android/tools/r8/com/google/common/base/Optional
instanceKlass com/android/tools/r8/com/google/common/collect/FluentIterable
instanceKlass com/android/tools/r8/ir/code/ArithmeticBinop$1
instanceKlass com/android/tools/r8/ir/code/NumberConversion$1
instanceKlass com/android/tools/r8/ir/regalloc/SpillMoveSet$$Lambda$658
instanceKlass com/android/tools/r8/com/google/common/collect/Multisets$DecreasingCount
instanceKlass com/android/tools/r8/com/google/common/collect/Multisets$AbstractEntry
instanceKlass com/android/tools/r8/com/google/common/collect/Count
instanceKlass com/android/tools/r8/com/google/common/collect/AbstractMapBasedMultiset$1
instanceKlass com/android/tools/r8/com/google/common/collect/SortedMultiset
instanceKlass com/android/tools/r8/com/google/common/collect/SortedIterable
instanceKlass com/android/tools/r8/com/google/common/collect/SortedMultisetBridge
instanceKlass com/android/tools/r8/com/google/common/collect/Multiset$Entry
instanceKlass com/android/tools/r8/com/google/common/collect/Multisets
instanceKlass com/android/tools/r8/ir/conversion/IRBuilder$ValueList
instanceKlass com/android/tools/r8/graph/DexItemFactory$$Lambda$657
instanceKlass com/android/tools/r8/ir/code/Value$1
instanceKlass com/android/tools/r8/ir/code/Cmp$1
instanceKlass com/android/tools/r8/ir/code/InstanceGet$1
instanceKlass com/android/tools/r8/it/unimi/dsi/fastutil/ints/Int2ReferenceAVLTreeMap$2$1
instanceKlass com/android/tools/r8/graph/DexItemFactory$$Lambda$656
instanceKlass com/android/tools/r8/ir/code/InstancePut$1
instanceKlass com/android/tools/r8/ir/code/BasicBlockInstructionIterator$$Lambda$655
instanceKlass com/android/tools/r8/graph/AppInfo$EmptyResult
instanceKlass com/android/tools/r8/graph/AppInfo$MultiResultBuilder
instanceKlass com/android/tools/r8/ir/optimize/PeepholeOptimizer$$Lambda$654
instanceKlass com/android/tools/r8/ir/code/If$1
instanceKlass com/android/tools/r8/ir/optimize/CodeRewriter$$Lambda$653
instanceKlass com/android/tools/r8/ir/optimize/CodeRewriter$InstructionBuilder
instanceKlass com/android/tools/r8/ir/code/Return$1
instanceKlass com/android/tools/r8/ir/conversion/DexBuilder$SwitchPayloadInfo
instanceKlass com/android/tools/r8/ir/regalloc/RegisterMove
instanceKlass com/android/tools/r8/ir/regalloc/RegisterMoveScheduler
instanceKlass com/android/tools/r8/ir/regalloc/SpillMoveSet$$Lambda$652
instanceKlass com/android/tools/r8/ir/regalloc/SpillMoveSet$$Lambda$651
instanceKlass com/android/tools/r8/ir/regalloc/SpillMoveSet$$Lambda$650
instanceKlass com/android/tools/r8/ir/regalloc/SpillMove
instanceKlass com/android/tools/r8/ir/regalloc/SpillMoveSet$$Lambda$649
instanceKlass com/android/tools/r8/com/google/common/primitives/Ints
instanceKlass com/android/tools/r8/ir/conversion/DexBuilder$1
instanceKlass com/android/tools/r8/ir/code/ArrayGet$1
instanceKlass com/android/tools/r8/code/MoveType$1
instanceKlass com/android/tools/r8/ir/code/ArrayPut$1
instanceKlass com/android/tools/r8/ir/code/StaticGet$1
instanceKlass com/android/tools/r8/ir/optimize/PeepholeOptimizer$$Lambda$648
instanceKlass com/android/tools/r8/ir/optimize/CodeRewriter$$Lambda$647
instanceKlass com/android/tools/r8/ir/optimize/CodeRewriter$$Lambda$646
instanceKlass java/lang/invoke/LambdaForm$MH
instanceKlass java/lang/invoke/LambdaForm$DMH
instanceKlass java/lang/invoke/LambdaForm$DMH
instanceKlass com/android/tools/r8/graph/JarClassFileReader$$Lambda$645
instanceKlass java/lang/invoke/LambdaForm$DMH
instanceKlass com/android/tools/r8/dex/FileWriter$$Lambda$644
instanceKlass com/android/tools/r8/dex/FileWriter$$Lambda$643
instanceKlass com/android/tools/r8/dex/FileWriter$$Lambda$642
instanceKlass com/android/tools/r8/utils/EncodedValueUtils
instanceKlass com/android/tools/r8/utils/OrderedMergingIterator
instanceKlass com/android/tools/r8/graph/DexEncodedAnnotation$$Lambda$641
instanceKlass com/android/tools/r8/graph/DexItemFactory$$Lambda$640
instanceKlass com/android/tools/r8/ir/code/StaticPut$1
instanceKlass com/android/tools/r8/ir/conversion/DexBuilder$FillArrayDataInfo
instanceKlass com/android/tools/r8/utils/NumberUtils
instanceKlass com/android/tools/r8/ir/regalloc/LinearScanRegisterAllocator$$Lambda$639
instanceKlass com/android/tools/r8/ir/regalloc/LinearScanRegisterAllocator$$Lambda$638
instanceKlass com/android/tools/r8/ir/regalloc/LinearScanRegisterAllocator$$Lambda$637
instanceKlass com/android/tools/r8/ir/regalloc/LinearScanRegisterAllocator$$Lambda$636
instanceKlass com/android/tools/r8/ir/regalloc/LinearScanRegisterAllocator$$Lambda$635
instanceKlass java/lang/invoke/LambdaForm$DMH
instanceKlass com/android/tools/r8/ir/regalloc/LinearScanRegisterAllocator$$Lambda$634
instanceKlass com/android/tools/r8/ir/regalloc/RegisterPositions$1
instanceKlass com/android/tools/r8/ir/regalloc/RegisterPositions
instanceKlass com/android/tools/r8/ir/optimize/CodeRewriter$$Lambda$633
instanceKlass com/android/tools/r8/ir/optimize/CodeRewriter$$Lambda$632
instanceKlass com/android/tools/r8/it/unimi/dsi/fastutil/objects/Object2ObjectLinkedOpenCustomHashMap$MapEntry
instanceKlass com/android/tools/r8/it/unimi/dsi/fastutil/objects/Object2ObjectLinkedOpenCustomHashMap$MapIterator
instanceKlass com/android/tools/r8/ir/optimize/ConstantCanonicalizer$$Lambda$631
instanceKlass java/util/stream/SliceOps
instanceKlass com/android/tools/r8/ir/optimize/ConstantCanonicalizer$$Lambda$630
instanceKlass com/android/tools/r8/ir/optimize/ConstantCanonicalizer$$Lambda$629
instanceKlass com/android/tools/r8/it/unimi/dsi/fastutil/objects/Object2ObjectMap$Entry
instanceKlass com/android/tools/r8/ir/optimize/CodeRewriter$$Lambda$628
instanceKlass com/android/tools/r8/ir/optimize/CodeRewriter$$Lambda$627
instanceKlass com/android/tools/r8/ir/code/ValueType$1
instanceKlass com/android/tools/r8/com/google/common/io/Closer$SuppressingSuppressor
instanceKlass com/android/tools/r8/com/google/common/io/Closer$Suppressor
instanceKlass com/android/tools/r8/com/google/common/io/Closer
instanceKlass com/android/tools/r8/ir/code/WideConstant
instanceKlass sun/nio/fs/AbstractPath$1
instanceKlass java/util/zip/Adler32
instanceKlass com/android/tools/r8/utils/DexVersion$1
instanceKlass com/android/tools/r8/ir/code/SingleConstant
instanceKlass com/android/tools/r8/dex/Constants
instanceKlass com/android/tools/r8/dex/FileWriter$$Lambda$626
instanceKlass com/android/tools/r8/dex/FileWriter$$Lambda$625
instanceKlass com/android/tools/r8/dex/FileWriter$$Lambda$624
instanceKlass com/android/tools/r8/dex/FileWriter$$Lambda$623
instanceKlass com/android/tools/r8/dex/FileWriter$$Lambda$622
instanceKlass com/android/tools/r8/dex/FileWriter$$Lambda$621
instanceKlass com/android/tools/r8/dex/FileWriter$$Lambda$620
instanceKlass com/android/tools/r8/org/objectweb/asm/Handle
instanceKlass com/android/tools/r8/dex/FileWriter$$Lambda$619
instanceKlass com/android/tools/r8/dex/FileWriter$$Lambda$618
instanceKlass com/android/tools/r8/dex/FileWriter$$Lambda$617
instanceKlass com/android/tools/r8/dex/FileWriter$$Lambda$616
instanceKlass com/android/tools/r8/dex/FileWriter$$Lambda$615
instanceKlass com/android/tools/r8/dex/FileWriter$$Lambda$614
instanceKlass com/android/tools/r8/dex/FileWriter$$Lambda$613
instanceKlass com/android/tools/r8/dex/FileWriter$$Lambda$612
instanceKlass com/android/tools/r8/dex/FileWriter$$Lambda$611
instanceKlass com/android/tools/r8/dex/FileWriter$$Lambda$610
instanceKlass com/android/tools/r8/dex/FileWriter$$Lambda$609
instanceKlass com/android/tools/r8/dex/FileWriter$$Lambda$608
instanceKlass com/android/tools/r8/dex/FileWriter$$Lambda$607
instanceKlass com/android/tools/r8/dex/FileWriter$$Lambda$606
instanceKlass com/android/tools/r8/dex/FileWriter$$Lambda$605
instanceKlass com/android/tools/r8/dex/FileWriter$$Lambda$604
instanceKlass com/android/tools/r8/dex/FileWriter$$Lambda$603
instanceKlass com/android/tools/r8/dex/FileWriter$$Lambda$602
instanceKlass com/android/tools/r8/dex/FileWriter$$Lambda$601
instanceKlass com/android/tools/r8/utils/LebUtils
instanceKlass com/android/tools/r8/dex/DebugBytecodeWriter
instanceKlass com/android/tools/r8/dex/FileWriter$$Lambda$600
instanceKlass com/android/tools/r8/dex/FileWriter$$Lambda$599
instanceKlass java/lang/invoke/LambdaForm$DMH
instanceKlass com/android/tools/r8/dex/FileWriter$$Lambda$598
instanceKlass com/android/tools/r8/com/google/common/collect/ImmutableMap$Builder
instanceKlass com/android/tools/r8/utils/DescriptorUtils
instanceKlass com/android/tools/r8/dex/FileWriter$$Lambda$597
instanceKlass com/android/tools/r8/dex/FileWriter$Layout
instanceKlass com/android/tools/r8/graph/DexProgramClass$$Lambda$596
instanceKlass com/android/tools/r8/graph/DexProgramClass$$Lambda$595
instanceKlass com/android/tools/r8/graph/DexItem$$Lambda$594
instanceKlass com/android/tools/r8/it/unimi/dsi/fastutil/objects/Reference2IntLinkedOpenHashMap$MapIterator
instanceKlass com/android/tools/r8/graph/InnerClassAttribute
instanceKlass com/android/tools/r8/dex/FileWriter$$Lambda$593
instanceKlass com/android/tools/r8/graph/DexProgramClass$$Lambda$592
instanceKlass com/android/tools/r8/graph/DexProgramClass$$Lambda$591
instanceKlass com/android/tools/r8/it/unimi/dsi/fastutil/objects/Object2IntLinkedOpenHashMap$MapIterator
instanceKlass com/android/tools/r8/dex/FileWriter$$Lambda$590
instanceKlass com/android/tools/r8/graph/ProgramClassVisitor
instanceKlass com/android/tools/r8/it/unimi/dsi/fastutil/objects/Object2IntSortedMap$FastSortedEntrySet
instanceKlass com/android/tools/r8/it/unimi/dsi/fastutil/objects/Object2IntMap$FastEntrySet
instanceKlass com/android/tools/r8/it/unimi/dsi/fastutil/objects/AbstractObject2IntFunction
instanceKlass com/android/tools/r8/it/unimi/dsi/fastutil/objects/Object2IntSortedMap
instanceKlass com/android/tools/r8/it/unimi/dsi/fastutil/objects/Object2IntMap
instanceKlass com/android/tools/r8/it/unimi/dsi/fastutil/objects/Object2IntFunction
instanceKlass com/android/tools/r8/dex/DexOutputBuffer
instanceKlass com/android/tools/r8/dex/FileWriter
instanceKlass com/android/tools/r8/dex/ApplicationWriter$$Lambda$589
instanceKlass com/android/tools/r8/graph/ObjectToOffsetMapping$$Lambda$588
instanceKlass com/android/tools/r8/graph/ObjectToOffsetMapping$$Lambda$587
instanceKlass com/android/tools/r8/graph/ObjectToOffsetMapping$$Lambda$586
instanceKlass com/android/tools/r8/graph/ObjectToOffsetMapping$$Lambda$585
instanceKlass com/android/tools/r8/graph/ObjectToOffsetMapping$$Lambda$584
instanceKlass com/android/tools/r8/graph/ObjectToOffsetMapping$$Lambda$583
instanceKlass com/android/tools/r8/it/unimi/dsi/fastutil/objects/Reference2IntSortedMap$FastSortedEntrySet
instanceKlass com/android/tools/r8/it/unimi/dsi/fastutil/objects/ReferenceSortedSet
instanceKlass com/android/tools/r8/it/unimi/dsi/fastutil/objects/Reference2IntSortedMap
instanceKlass com/android/tools/r8/graph/ObjectToOffsetMapping$$Lambda$582
instanceKlass com/android/tools/r8/graph/ObjectToOffsetMapping$$Lambda$581
instanceKlass java/util/IdentityHashMap$IdentityHashMapSpliterator
instanceKlass com/android/tools/r8/it/unimi/dsi/fastutil/objects/Reference2IntMap$FastEntrySet
instanceKlass com/android/tools/r8/it/unimi/dsi/fastutil/objects/ReferenceSet
instanceKlass com/android/tools/r8/it/unimi/dsi/fastutil/objects/AbstractReference2IntFunction
instanceKlass com/android/tools/r8/graph/ObjectToOffsetMapping$ProgramClassDepthsMemoized
instanceKlass com/android/tools/r8/dex/ApplicationWriter$$Lambda$580
instanceKlass com/android/tools/r8/graph/ObjectToOffsetMapping
instanceKlass com/android/tools/r8/dex/VirtualFile$IndexedItemTransaction$$Lambda$579
instanceKlass com/android/tools/r8/dex/VirtualFile$IndexedItemTransaction$$Lambda$578
instanceKlass com/android/tools/r8/dex/VirtualFile$IndexedItemTransaction$$Lambda$577
instanceKlass com/android/tools/r8/dex/VirtualFile$IndexedItemTransaction$$Lambda$576
instanceKlass com/android/tools/r8/dex/VirtualFile$IndexedItemTransaction$$Lambda$575
instanceKlass com/android/tools/r8/dex/VirtualFile$IndexedItemTransaction$$Lambda$574
instanceKlass com/android/tools/r8/dex/VirtualFile$IndexedItemTransaction$$Lambda$573
instanceKlass com/android/tools/r8/dex/VirtualFile$IndexedItemTransaction$$Lambda$572
instanceKlass com/android/tools/r8/dex/VirtualFile$IndexedItemTransaction$$Lambda$571
instanceKlass com/android/tools/r8/graph/DexItem$$Lambda$570
instanceKlass com/android/tools/r8/dex/VirtualFile$IndexedItemTransaction
instanceKlass com/android/tools/r8/dex/VirtualFile$VirtualFileIndexedItemCollection
instanceKlass com/android/tools/r8/dex/IndexedItemCollection
instanceKlass com/android/tools/r8/dex/VirtualFile
instanceKlass com/android/tools/r8/graph/DexAnnotationSet$$Lambda$569
instanceKlass com/android/tools/r8/graph/DexItem$$Lambda$568
instanceKlass com/android/tools/r8/dex/ApplicationWriter$$Lambda$567
instanceKlass com/android/tools/r8/graph/DexItemFactory$$Lambda$566
instanceKlass com/android/tools/r8/com/google/gson/internal/bind/TypeAdapters$30
instanceKlass com/android/tools/r8/com/google/gson/internal/bind/TypeAdapters$34
instanceKlass com/android/tools/r8/com/google/gson/internal/bind/TypeAdapters$26
instanceKlass com/android/tools/r8/com/google/gson/internal/bind/TypeAdapters$35
instanceKlass com/android/tools/r8/com/google/gson/internal/bind/TypeAdapters$33
instanceKlass com/android/tools/r8/com/google/gson/internal/bind/TypeAdapters$32
instanceKlass com/android/tools/r8/com/google/gson/stream/JsonReader
instanceKlass com/android/tools/r8/com/google/gson/TypeAdapterFactory
instanceKlass com/android/tools/r8/com/google/gson/TypeAdapter
instanceKlass com/android/tools/r8/com/google/gson/internal/bind/TypeAdapters
instanceKlass com/android/tools/r8/com/google/gson/internal/Streams
instanceKlass com/android/tools/r8/com/google/gson/stream/JsonWriter
instanceKlass com/android/tools/r8/com/google/gson/internal/LinkedTreeMap$LinkedTreeMapIterator
instanceKlass com/android/tools/r8/dex/Marker$$Lambda$565
instanceKlass com/android/tools/r8/dex/Marker$$Lambda$564
instanceKlass com/android/tools/r8/naming/NamingLens
instanceKlass com/android/tools/r8/DataResourceProvider$Visitor
instanceKlass com/android/tools/r8/dex/MixedSectionCollection
instanceKlass com/android/tools/r8/dex/VirtualFile$Distributor
instanceKlass com/android/tools/r8/dex/ApplicationWriter
instanceKlass com/android/tools/r8/com/google/gson/internal/$Gson$Preconditions
instanceKlass com/android/tools/r8/com/google/gson/internal/LinkedTreeMap$Node
instanceKlass com/android/tools/r8/com/google/gson/internal/LinkedTreeMap$1
instanceKlass com/android/tools/r8/com/google/gson/JsonElement
instanceKlass com/android/tools/r8/dex/Marker
instanceKlass com/android/tools/r8/com/google/common/collect/AbstractMapBasedMultimap$AsMap$AsMapIterator
instanceKlass com/android/tools/r8/com/google/common/collect/AbstractMultimap
instanceKlass com/android/tools/r8/graph/LazyLoadedDexApplication$Builder$$Lambda$563
instanceKlass com/android/tools/r8/graph/DexEncodedMethod$1
instanceKlass com/android/tools/r8/ir/optimize/Inliner
instanceKlass com/android/tools/r8/graph/DexDebugEventVisitor
instanceKlass com/android/tools/r8/ir/conversion/DexBuilder$TryInfo
instanceKlass com/android/tools/r8/graph/DexItemFactory$$Lambda$562
instanceKlass java/lang/invoke/LambdaForm$DMH
instanceKlass com/android/tools/r8/graph/DexDebugEventBuilder
instanceKlass com/android/tools/r8/it/unimi/dsi/fastutil/ints/Int2ReferenceMaps
instanceKlass com/android/tools/r8/ir/conversion/DexBuilder$Info
instanceKlass com/android/tools/r8/ir/conversion/DexBuilder
instanceKlass com/android/tools/r8/ir/optimize/MoveEliminator$$Lambda$561
instanceKlass java/lang/invoke/LambdaForm$DMH
instanceKlass com/android/tools/r8/ir/optimize/MoveEliminator
instanceKlass com/android/tools/r8/ir/optimize/PeepholeOptimizer
instanceKlass com/android/tools/r8/ir/code/Instruction$$Lambda$560
instanceKlass com/android/tools/r8/ir/code/Instruction$$Lambda$559
instanceKlass com/android/tools/r8/ir/code/BasicBlock$$Lambda$558
instanceKlass com/android/tools/r8/ir/regalloc/LinearScanRegisterAllocator$$Lambda$557
instanceKlass com/android/tools/r8/ir/regalloc/LinearScanRegisterAllocator$$Lambda$556
instanceKlass com/android/tools/r8/ir/regalloc/LinearScanRegisterAllocator$$Lambda$555
instanceKlass com/android/tools/r8/ir/regalloc/LinearScanRegisterAllocator$$Lambda$554
instanceKlass com/android/tools/r8/ir/regalloc/LinearScanRegisterAllocator$LocalRange
instanceKlass com/android/tools/r8/ir/regalloc/LinearScanRegisterAllocator$$Lambda$553
instanceKlass com/android/tools/r8/ir/regalloc/LinearScanRegisterAllocator$$Lambda$552
instanceKlass com/android/tools/r8/ir/regalloc/LinearScanRegisterAllocator$$Lambda$551
instanceKlass com/android/tools/r8/ir/regalloc/LinearScanRegisterAllocator$$Lambda$550
instanceKlass com/android/tools/r8/utils/ListUtils
instanceKlass com/android/tools/r8/ir/regalloc/LinearScanRegisterAllocator$$Lambda$549
instanceKlass com/android/tools/r8/ir/regalloc/SpillMoveSet
instanceKlass com/android/tools/r8/ir/regalloc/LiveIntervalsUse
instanceKlass com/android/tools/r8/ir/regalloc/LiveRange
instanceKlass com/android/tools/r8/it/unimi/dsi/fastutil/ints/IntListIterator
instanceKlass com/android/tools/r8/it/unimi/dsi/fastutil/ints/IntBidirectionalIterator
instanceKlass com/android/tools/r8/it/unimi/dsi/fastutil/ints/IntStack
instanceKlass com/android/tools/r8/it/unimi/dsi/fastutil/Stack
instanceKlass com/android/tools/r8/ir/regalloc/LiveIntervals
instanceKlass com/android/tools/r8/it/unimi/dsi/fastutil/objects/Reference2IntMap
instanceKlass com/android/tools/r8/it/unimi/dsi/fastutil/objects/Reference2IntFunction
instanceKlass com/android/tools/r8/com/google/common/collect/Multiset
instanceKlass com/android/tools/r8/ir/regalloc/LinearScanRegisterAllocator
instanceKlass com/android/tools/r8/ir/code/IRCode$BlockMarker
instanceKlass com/android/tools/r8/graph/DexEncodedMethod$ClassInlinerEligibility
instanceKlass com/android/tools/r8/ir/code/IRCode$$Lambda$548
instanceKlass com/android/tools/r8/ir/optimize/CodeRewriter$$Lambda$547
instanceKlass com/android/tools/r8/com/google/common/base/Suppliers$MemoizingSupplier
instanceKlass com/android/tools/r8/com/google/common/base/Suppliers$NonSerializableMemoizingSupplier
instanceKlass com/android/tools/r8/com/google/common/base/Suppliers
instanceKlass com/android/tools/r8/ir/optimize/CodeRewriter$$Lambda$546
instanceKlass com/android/tools/r8/com/google/common/base/Supplier
instanceKlass com/android/tools/r8/ir/code/DominatorTree
instanceKlass com/android/tools/r8/ir/optimize/ConstantCanonicalizer$1
instanceKlass com/android/tools/r8/it/unimi/dsi/fastutil/objects/Object2ObjectSortedMap$FastSortedEntrySet
instanceKlass com/android/tools/r8/it/unimi/dsi/fastutil/objects/Object2ObjectMap$FastEntrySet
instanceKlass com/android/tools/r8/it/unimi/dsi/fastutil/objects/AbstractObject2ObjectFunction
instanceKlass com/android/tools/r8/it/unimi/dsi/fastutil/objects/Object2ObjectSortedMap
instanceKlass com/android/tools/r8/it/unimi/dsi/fastutil/objects/Object2ObjectMap
instanceKlass com/android/tools/r8/it/unimi/dsi/fastutil/objects/Object2ObjectFunction
instanceKlass com/android/tools/r8/ir/optimize/ConstantCanonicalizer
instanceKlass com/android/tools/r8/ir/optimize/DeadCodeRemover
instanceKlass com/android/tools/r8/ir/code/BasicBlockIterator
instanceKlass com/android/tools/r8/ir/analysis/constant/SparseConditionalConstantPropagation$$Lambda$545
instanceKlass com/android/tools/r8/ir/analysis/constant/SparseConditionalConstantPropagation$$Lambda$544
instanceKlass com/android/tools/r8/ir/analysis/constant/SparseConditionalConstantPropagation$$Lambda$543
instanceKlass com/android/tools/r8/ir/analysis/constant/SparseConditionalConstantPropagation
instanceKlass com/android/tools/r8/ir/analysis/type/TypeLatticeElement
instanceKlass com/android/tools/r8/ir/analysis/type/TypeAnalysis$1
instanceKlass com/android/tools/r8/ir/analysis/type/TypeAnalysis
instanceKlass com/android/tools/r8/graph/DexClass$$Lambda$542
instanceKlass com/android/tools/r8/ir/code/IRCode$$Lambda$541
instanceKlass java/util/LinkedList$LLSpliterator
instanceKlass com/android/tools/r8/ir/code/IRCodeInstructionsIterator
instanceKlass com/android/tools/r8/ir/code/BasicBlockInstructionIterator
instanceKlass com/android/tools/r8/ir/code/Invoke$1
instanceKlass com/android/tools/r8/code/Instruction
instanceKlass com/android/tools/r8/ir/conversion/JarSourceCode$$Lambda$540
instanceKlass com/android/tools/r8/cf/code/CfInstruction
instanceKlass com/android/tools/r8/ir/conversion/JarSourceCode$$Lambda$539
instanceKlass com/android/tools/r8/ir/conversion/IRBuilder$WorklistItem
instanceKlass com/android/tools/r8/ir/conversion/JarSourceCode$$Lambda$538
instanceKlass com/android/tools/r8/ir/conversion/JarSourceCode$$Lambda$537
instanceKlass com/android/tools/r8/it/unimi/dsi/fastutil/ints/AbstractIntIterator
instanceKlass com/android/tools/r8/ir/conversion/JarState$Snapshot
instanceKlass com/android/tools/r8/ir/conversion/JarSourceCode$JarStateWorklistItem
instanceKlass com/android/tools/r8/ir/analysis/constant/LatticeElement
instanceKlass com/android/tools/r8/ir/code/Value$DebugData
instanceKlass com/android/tools/r8/ir/conversion/JarState$Slot
instanceKlass com/android/tools/r8/it/unimi/dsi/fastutil/ints/Int2ReferenceOpenHashMap$MapEntry
instanceKlass com/android/tools/r8/it/unimi/dsi/fastutil/ints/Int2ReferenceOpenHashMap$MapIterator
instanceKlass com/android/tools/r8/utils/Pair
instanceKlass com/android/tools/r8/graph/JarApplicationReader$$Lambda$536
instanceKlass com/android/tools/r8/ir/code/Position
instanceKlass com/android/tools/r8/it/unimi/dsi/fastutil/ints/IntArrays$ArrayHashStrategy
instanceKlass com/android/tools/r8/it/unimi/dsi/fastutil/ints/IntArrays$Segment
instanceKlass com/android/tools/r8/it/unimi/dsi/fastutil/Hash$Strategy
instanceKlass com/android/tools/r8/it/unimi/dsi/fastutil/ints/IntArrays
instanceKlass com/android/tools/r8/it/unimi/dsi/fastutil/ints/IntIterator
instanceKlass com/android/tools/r8/ir/code/CatchHandlers
instanceKlass com/android/tools/r8/ir/code/InstructionListIterator
instanceKlass com/android/tools/r8/ir/code/InstructionIterator
instanceKlass com/android/tools/r8/ir/code/NextUntilIterator
instanceKlass com/android/tools/r8/ir/code/BasicBlock
instanceKlass com/android/tools/r8/ir/conversion/IRBuilder$BlockInfo
instanceKlass com/android/tools/r8/ir/code/ValueNumberGenerator
instanceKlass com/android/tools/r8/ir/conversion/IRBuilder
instanceKlass com/android/tools/r8/it/unimi/dsi/fastutil/ints/Int2ReferenceAVLTreeMap$TreeIterator
instanceKlass com/android/tools/r8/it/unimi/dsi/fastutil/objects/ObjectListIterator
instanceKlass com/android/tools/r8/it/unimi/dsi/fastutil/objects/ObjectBidirectionalIterator
instanceKlass com/android/tools/r8/it/unimi/dsi/fastutil/BidirectionalIterator
instanceKlass com/android/tools/r8/it/unimi/dsi/fastutil/objects/ObjectIterator
instanceKlass com/android/tools/r8/ir/conversion/JarState$LocalNodeInfo
instanceKlass com/android/tools/r8/com/google/common/base/Equivalence$Wrapper
instanceKlass com/android/tools/r8/graph/DebugLocalInfo
instanceKlass com/android/tools/r8/it/unimi/dsi/fastutil/ints/AbstractInt2ReferenceMap$BasicEntry
instanceKlass com/android/tools/r8/it/unimi/dsi/fastutil/ints/Int2ReferenceMap$Entry
instanceKlass com/android/tools/r8/ir/conversion/JarState$LocalsAtOffset
instanceKlass com/android/tools/r8/it/unimi/dsi/fastutil/ints/IntComparator
instanceKlass com/android/tools/r8/it/unimi/dsi/fastutil/objects/ObjectSortedSet
instanceKlass com/android/tools/r8/it/unimi/dsi/fastutil/ints/IntSortedSet
instanceKlass com/android/tools/r8/ir/conversion/JarState$Local
instanceKlass com/android/tools/r8/com/google/common/base/Predicate
instanceKlass com/android/tools/r8/com/google/common/base/Equivalence
instanceKlass com/android/tools/r8/it/unimi/dsi/fastutil/ints/Int2ReferenceSortedMap
instanceKlass com/android/tools/r8/ir/conversion/JarState
instanceKlass com/android/tools/r8/it/unimi/dsi/fastutil/ints/Int2ReferenceMap$FastEntrySet
instanceKlass com/android/tools/r8/it/unimi/dsi/fastutil/objects/ReferenceCollection
instanceKlass com/android/tools/r8/it/unimi/dsi/fastutil/ints/AbstractInt2ReferenceFunction
instanceKlass com/android/tools/r8/ir/conversion/JarSourceCode$TryCatchBlock
instanceKlass com/android/tools/r8/it/unimi/dsi/fastutil/ints/Int2ReferenceMap
instanceKlass com/android/tools/r8/it/unimi/dsi/fastutil/ints/Int2ReferenceFunction
instanceKlass com/android/tools/r8/ir/conversion/JarSourceCode
instanceKlass com/android/tools/r8/org/objectweb/asm/tree/InsnList$InsnListIterator
instanceKlass com/android/tools/r8/org/objectweb/asm/tree/LocalVariableNode
instanceKlass com/android/tools/r8/org/objectweb/asm/ModuleVisitor
instanceKlass com/android/tools/r8/org/objectweb/asm/Label
instanceKlass com/android/tools/r8/org/objectweb/asm/tree/InsnList
instanceKlass com/android/tools/r8/org/objectweb/asm/tree/AbstractInsnNode
instanceKlass com/android/tools/r8/org/objectweb/asm/Opcodes
instanceKlass com/android/tools/r8/ir/conversion/IRConverter$$Lambda$535
instanceKlass com/android/tools/r8/ir/code/IRCode
instanceKlass com/android/tools/r8/ir/optimize/Outliner
instanceKlass com/android/tools/r8/ir/conversion/IRConverter$$Lambda$534
instanceKlass com/android/tools/r8/ir/conversion/IRConverter$$Lambda$533
instanceKlass com/android/tools/r8/ir/conversion/IRConverter$$Lambda$532
instanceKlass com/android/tools/r8/graph/DexApplication$$Lambda$531
instanceKlass com/android/tools/r8/ir/desugar/CovariantReturnTypeAnnotationTransformer
instanceKlass com/android/tools/r8/ir/desugar/StringConcatRewriter
instanceKlass com/android/tools/r8/ir/conversion/IRConverter$$Lambda$530
instanceKlass com/android/tools/r8/ir/conversion/IRConverter$$Lambda$529
instanceKlass com/android/tools/r8/ir/code/Value
instanceKlass com/android/tools/r8/it/unimi/dsi/fastutil/ints/IntList
instanceKlass com/android/tools/r8/it/unimi/dsi/fastutil/ints/Int2IntMap
instanceKlass com/android/tools/r8/it/unimi/dsi/fastutil/ints/Int2IntFunction
instanceKlass com/android/tools/r8/ir/optimize/CodeRewriter
instanceKlass com/android/tools/r8/graph/GraphLense
instanceKlass com/android/tools/r8/ir/conversion/OptimizationFeedbackSimple
instanceKlass com/android/tools/r8/ir/conversion/OptimizationFeedbackIgnore
instanceKlass com/android/tools/r8/ir/analysis/type/TypeEnvironment
instanceKlass com/android/tools/r8/ir/code/Instruction
instanceKlass com/android/tools/r8/ir/regalloc/RegisterAllocator
instanceKlass com/android/tools/r8/ir/conversion/CallSiteInformation
instanceKlass com/android/tools/r8/com/google/common/collect/ListMultimap
instanceKlass com/android/tools/r8/com/google/common/collect/Multimap
instanceKlass com/android/tools/r8/ir/conversion/OptimizationFeedback
instanceKlass com/android/tools/r8/ir/conversion/IRConverter
instanceKlass com/android/tools/r8/utils/ProgramClassCollection$$Lambda$528
instanceKlass com/android/tools/r8/utils/ThreadUtils
instanceKlass com/android/tools/r8/com/google/common/base/MoreObjects
instanceKlass com/android/tools/r8/graph/DexEncodedMethod$OptimizationInfo
instanceKlass com/android/tools/r8/naming/MemberNaming$Signature
instanceKlass com/android/tools/r8/graph/AppInfo
instanceKlass com/android/tools/r8/ir/conversion/SourceCode
instanceKlass com/android/tools/r8/org/objectweb/asm/util/Printer
instanceKlass com/android/tools/r8/graph/JarApplicationReader$$Lambda$527
instanceKlass com/android/tools/r8/graph/JarApplicationReader$$Lambda$526
instanceKlass com/android/tools/r8/org/objectweb/asm/Type
instanceKlass com/android/tools/r8/org/objectweb/asm/Context
instanceKlass com/android/tools/r8/org/objectweb/asm/Attribute
instanceKlass com/android/tools/r8/graph/JarClassFileReader$ReparseContext
instanceKlass com/android/tools/r8/org/objectweb/asm/MethodVisitor
instanceKlass com/android/tools/r8/org/objectweb/asm/FieldVisitor
instanceKlass com/android/tools/r8/org/objectweb/asm/ClassReader
instanceKlass com/android/tools/r8/dex/ApplicationReader$ClassReader$$Lambda$525
instanceKlass com/android/tools/r8/graph/ClassKind$$Lambda$524
instanceKlass com/android/tools/r8/dex/ApplicationReader$ClassReader$$Lambda$523
instanceKlass com/android/tools/r8/org/objectweb/asm/AnnotationVisitor
instanceKlass com/android/tools/r8/org/objectweb/asm/ClassVisitor
instanceKlass com/android/tools/r8/graph/JarClassFileReader
instanceKlass com/android/tools/r8/graph/ClassKind$$Lambda$522
instanceKlass com/android/tools/r8/graph/ClassKind$$Lambda$521
instanceKlass com/android/tools/r8/graph/ClassKind$$Lambda$520
instanceKlass com/android/tools/r8/graph/ClassKind$$Lambda$519
instanceKlass com/android/tools/r8/graph/ClassKind$$Lambda$518
instanceKlass com/android/tools/r8/graph/ClassKind$$Lambda$517
instanceKlass com/android/tools/r8/graph/ClassKind$Factory
instanceKlass java/lang/invoke/LambdaForm$DMH
instanceKlass com/android/tools/r8/graph/AppInfo$ResolutionResult
instanceKlass com/android/tools/r8/graph/EnclosingMethodAttribute
instanceKlass com/android/tools/r8/graph/JarApplicationReader
instanceKlass com/android/tools/r8/dex/ApplicationReader$ClassReader
instanceKlass com/android/tools/r8/dex/ApplicationReader$$Lambda$516
instanceKlass com/android/tools/r8/dex/ApplicationReader$ProgramClassConflictResolver
instanceKlass com/android/tools/r8/utils/ClassMap
instanceKlass com/android/tools/r8/graph/DexApplication
instanceKlass com/android/tools/r8/graph/DexApplication$Builder
instanceKlass com/android/tools/r8/dex/ApplicationReader
instanceKlass com/android/tools/r8/utils/Timing$Node
instanceKlass com/android/tools/r8/utils/Timing
instanceKlass com/android/tools/r8/utils/ExceptionUtils
instanceKlass com/android/tools/r8/D8$$Lambda$515
instanceKlass com/android/tools/r8/utils/ExceptionUtils$CompileAction
instanceKlass com/android/tools/r8/shaking/ProguardPathList
instanceKlass com/android/tools/r8/naming/DictionaryReader
instanceKlass com/android/tools/r8/shaking/ProguardMemberRule$Builder
instanceKlass com/android/tools/r8/graph/AccessFlags
instanceKlass com/android/tools/r8/shaking/ProguardMemberRule
instanceKlass com/android/tools/r8/shaking/ProguardClassNameList
instanceKlass com/android/tools/r8/shaking/ProguardWildcard
instanceKlass com/android/tools/r8/shaking/ProguardTypeMatcher
instanceKlass com/android/tools/r8/shaking/ProguardKeepRuleModifiers
instanceKlass com/android/tools/r8/shaking/ProguardAccessFlags
instanceKlass com/android/tools/r8/shaking/ProguardClassSpecification$Builder
instanceKlass com/android/tools/r8/shaking/ProguardConfiguration$Builder$$Lambda$514
instanceKlass com/android/tools/r8/shaking/ProguardKeepRuleModifiers$Builder
instanceKlass com/android/tools/r8/shaking/ProguardKeepAttributes
instanceKlass com/android/tools/r8/shaking/ProguardPathFilter$Builder
instanceKlass com/android/tools/r8/shaking/ProguardPathFilter
instanceKlass com/android/tools/r8/com/google/common/collect/ImmutableCollection$Builder
instanceKlass com/android/tools/r8/shaking/ProguardClassFilter$Builder
instanceKlass com/android/tools/r8/shaking/ProguardClassFilter
instanceKlass com/android/tools/r8/shaking/ProguardClassSpecification
instanceKlass com/android/tools/r8/shaking/ProguardConfiguration$Builder
instanceKlass com/android/tools/r8/shaking/ProguardConfiguration
instanceKlass com/android/tools/r8/utils/InternalOptions$TestingOptions
instanceKlass com/android/tools/r8/utils/OffOrAuto$1
instanceKlass com/android/tools/r8/joptsimple/ValueConverter
instanceKlass com/android/tools/r8/utils/InternalOptions$OutlineOptions
instanceKlass com/android/tools/r8/utils/VersionProperties
instanceKlass com/android/tools/r8/Version
instanceKlass com/android/tools/r8/kotlin/Kotlin$Metadata
instanceKlass com/android/tools/r8/kotlin/Kotlin$Intrinsics
instanceKlass com/android/tools/r8/com/google/common/collect/Maps$EntryTransformer
instanceKlass com/android/tools/r8/com/google/common/base/Converter
instanceKlass com/android/tools/r8/com/google/common/collect/SortedMapDifference
instanceKlass com/android/tools/r8/com/google/common/collect/MapDifference
instanceKlass com/android/tools/r8/com/google/common/collect/Maps
instanceKlass com/android/tools/r8/com/google/common/collect/Sets
instanceKlass com/android/tools/r8/kotlin/Kotlin$Functional
instanceKlass com/android/tools/r8/kotlin/KotlinInfo
instanceKlass com/android/tools/r8/kotlin/Kotlin
instanceKlass com/android/tools/r8/graph/DexItemFactory$PolymorphicMethods
instanceKlass com/android/tools/r8/graph/DexItemFactory$AtomicFieldUpdaterMethods
instanceKlass com/android/tools/r8/graph/DexItemFactory$ClassMethods
instanceKlass com/android/tools/r8/graph/DexItemFactory$ThrowableMethods
instanceKlass com/android/tools/r8/graph/DexItemFactory$LongMethods
instanceKlass com/android/tools/r8/graph/DexItemFactory$ObjectMethods
instanceKlass com/android/tools/r8/graph/DexItemFactory$ObjectsMethods
instanceKlass com/android/tools/r8/utils/IdentifierUtils
instanceKlass com/android/tools/r8/graph/DexItemFactory$StringBuildingMethods
instanceKlass com/android/tools/r8/it/unimi/dsi/fastutil/HashCommon
instanceKlass com/android/tools/r8/it/unimi/dsi/fastutil/ints/Int2ObjectMap$FastEntrySet
instanceKlass com/android/tools/r8/it/unimi/dsi/fastutil/objects/ObjectSet
instanceKlass com/android/tools/r8/it/unimi/dsi/fastutil/ints/IntSet
instanceKlass com/android/tools/r8/it/unimi/dsi/fastutil/ints/IntCollection
instanceKlass com/android/tools/r8/it/unimi/dsi/fastutil/ints/IntIterable
instanceKlass com/android/tools/r8/it/unimi/dsi/fastutil/objects/ObjectCollection
instanceKlass com/android/tools/r8/it/unimi/dsi/fastutil/objects/ObjectIterable
instanceKlass com/android/tools/r8/it/unimi/dsi/fastutil/ints/AbstractInt2ObjectFunction
instanceKlass com/android/tools/r8/it/unimi/dsi/fastutil/Hash
instanceKlass com/android/tools/r8/com/google/common/collect/PeekingIterator
instanceKlass com/android/tools/r8/com/google/common/collect/Iterators
instanceKlass com/android/tools/r8/com/google/common/collect/Hashing
instanceKlass com/android/tools/r8/com/google/common/collect/CollectPreconditions
instanceKlass com/android/tools/r8/graph/PresortedComparable
instanceKlass com/android/tools/r8/graph/Presorted
instanceKlass com/android/tools/r8/graph/DexItem
instanceKlass com/android/tools/r8/it/unimi/dsi/fastutil/ints/Int2ObjectMap
instanceKlass com/android/tools/r8/it/unimi/dsi/fastutil/ints/Int2ObjectFunction
instanceKlass com/android/tools/r8/it/unimi/dsi/fastutil/Function
instanceKlass com/android/tools/r8/graph/DexItemFactory
instanceKlass com/android/tools/r8/utils/InternalOptions
instanceKlass com/android/tools/r8/D8
instanceKlass com/android/tools/r8/com/google/common/collect/AbstractMapEntry
instanceKlass com/android/tools/r8/com/google/common/base/Function
instanceKlass com/android/tools/r8/com/google/common/collect/Iterables
instanceKlass com/android/tools/r8/com/google/common/collect/BiMap
instanceKlass com/android/tools/r8/com/google/common/collect/ImmutableMap
instanceKlass com/android/tools/r8/com/google/common/base/Preconditions
instanceKlass com/android/tools/r8/utils/AndroidApp$Builder$1
instanceKlass com/android/tools/r8/com/google/common/collect/ObjectArrays
instanceKlass com/android/tools/r8/com/google/common/collect/UnmodifiableIterator
instanceKlass com/android/tools/r8/DexIndexedConsumer
instanceKlass com/android/tools/r8/ClassFileConsumer
instanceKlass com/android/tools/r8/utils/DirectoryBuilder
instanceKlass com/android/tools/r8/utils/OutputBuilder
instanceKlass com/android/tools/r8/DexFilePerClassFileConsumer$ForwardingConsumer
instanceKlass com/android/tools/r8/DexFilePerClassFileConsumer
instanceKlass com/android/tools/r8/utils/FileUtils
instanceKlass com/android/tools/r8/ProgramResource$ByteResource
instanceKlass com/android/tools/r8/ProgramResource
instanceKlass com/android/tools/r8/Resource
instanceKlass com/android/tools/r8/BaseCommand$Builder$$Lambda$513
instanceKlass com/android/builder/dexing/FileBasedClassFileEntry
instanceKlass com/android/builder/dexing/D8DexArchiveBuilder$$Lambda$511
instanceKlass com/android/tools/r8/ProgramResourceProvider
instanceKlass com/android/tools/r8/utils/AndroidApp$Builder
instanceKlass com/android/tools/r8/utils/AndroidApp
instanceKlass com/android/tools/r8/utils/Reporter
instanceKlass com/android/tools/r8/InternalProgramOutputPathConsumer
instanceKlass com/android/tools/r8/DataResourceConsumer
instanceKlass com/android/tools/r8/ProgramConsumer
instanceKlass com/android/tools/r8/BaseCommand$Builder
instanceKlass com/android/tools/r8/Diagnostic
instanceKlass com/android/tools/r8/BaseCompilerCommandParser
instanceKlass com/android/tools/r8/BaseCommand
instanceKlass com/android/tools/r8/origin/Origin
instanceKlass sun/nio/fs/WindowsUriSupport
instanceKlass com/android/builder/dexing/DirectoryBasedClassFileInput$$Lambda$510
instanceKlass com/android/builder/dexing/DirectoryBasedClassFileInput$$Lambda$508
instanceKlass java/nio/file/Files$$Lambda$506
instanceKlass java/nio/file/Files$$Lambda$502
instanceKlass java/nio/file/FileTreeIterator
instanceKlass com/android/builder/dexing/ClassFileInput$$Lambda$500
instanceKlass com/android/builder/dexing/ClassFileEntry
instanceKlass com/android/builder/dexing/DirectoryBasedClassFileInput
instanceKlass com/android/builder/dexing/ClassFileInput
instanceKlass com/android/builder/dexing/ClassFileInputs
instanceKlass com/android/build/gradle/internal/transforms/DexArchiveBuilderTransform$$Lambda$497
instanceKlass com/android/build/gradle/internal/transforms/DexArchiveBuilderTransform$$Lambda$496
instanceKlass java/lang/invoke/LambdaForm$DMH
instanceKlass com/android/builder/dexing/D8DiagnosticsHandler
instanceKlass com/android/tools/r8/DiagnosticsHandler
instanceKlass com/android/build/gradle/internal/transforms/DexArchiveBuilderCacheHandler$CacheableItem
instanceKlass com/android/builder/dexing/DexArchiveBuilder
instanceKlass com/android/build/gradle/internal/transforms/DexArchiveBuilderTransform$1
instanceKlass com/android/ide/common/process/BaseProcessOutputHandler$BaseProcessOutput
instanceKlass com/android/ide/common/blame/parser/DexParser
instanceKlass com/android/ide/common/blame/parser/ToolOutputParser
instanceKlass com/android/build/gradle/internal/transforms/DexArchiveBuilderTransform$$Lambda$493
instanceKlass com/android/builder/core/SerializableMessageReceiver
instanceKlass com/android/build/gradle/internal/transforms/DexArchiveBuilderTransform$DexConversionParameters
instanceKlass sun/nio/fs/WindowsFileCopy
instanceKlass com/android/builder/utils/FileCache$$Lambda$492
instanceKlass com/google/common/base/Joiner$MapJoiner
instanceKlass com/android/builder/utils/FileCache$$Lambda$491
instanceKlass com/android/builder/utils/FileCache$QueryResult
instanceKlass com/android/builder/utils/FileCache$Inputs
instanceKlass com/android/builder/utils/FileCache$1$$Lambda$490
instanceKlass com/android/builder/utils/FileCache$2
instanceKlass com/android/builder/utils/FileCache$Inputs$Builder
instanceKlass com/android/build/gradle/internal/transforms/DexArchiveBuilderTransform$D8DesugaringCacheInfo
instanceKlass com/android/build/gradle/internal/transforms/DexArchiveBuilderTransform$$Lambda$489
instanceKlass com/android/build/gradle/internal/transforms/DexArchiveBuilderTransform$ClasspathService
instanceKlass com/android/build/gradle/internal/transforms/DexArchiveBuilderTransform$$Lambda$488
instanceKlass com/android/build/gradle/internal/transforms/DexArchiveBuilderTransform$ClasspathServiceKey
instanceKlass com/android/builder/dexing/r8/ClassFileProviderFactory$OrderedClassFileResourceProvider$$Lambda$487
instanceKlass com/android/builder/dexing/r8/ClassFileProviderFactory$OrderedClassFileResourceProvider
instanceKlass com/android/tools/r8/ClassFileResourceProvider
instanceKlass com/android/builder/dexing/r8/ClassFileProviderFactory
instanceKlass com/android/build/gradle/internal/transforms/DexArchiveBuilderTransform$$Lambda$486
instanceKlass com/android/build/gradle/internal/transforms/DexArchiveBuilderTransform$$Lambda$485
instanceKlass java/util/Vector$Itr
instanceKlass java/util/zip/ZipOutputStream$XEntry
instanceKlass com/android/build/gradle/tasks/PreColdSwapTask$1
instanceKlass org/objectweb/asm/Handler
instanceKlass com/android/build/gradle/internal/incremental/IncrementalSupportVisitor$$Lambda$484
instanceKlass com/android/build/gradle/internal/incremental/IncrementalSupportVisitor$$Lambda$483
instanceKlass com/android/build/gradle/internal/incremental/IncrementalSupportVisitor$$Lambda$482
instanceKlass com/android/build/gradle/internal/incremental/IncrementalSupportVisitor$$Lambda$481
instanceKlass com/android/build/gradle/internal/incremental/StringSwitch$$Lambda$480
instanceKlass com/android/build/gradle/internal/incremental/StringSwitch$$Lambda$479
instanceKlass com/android/build/gradle/internal/incremental/StringSwitch$$Lambda$478
instanceKlass com/android/build/gradle/internal/incremental/StringSwitch
instanceKlass com/android/build/gradle/internal/incremental/IncrementalSupportVisitor$MethodReference
instanceKlass com/android/build/gradle/internal/incremental/IncrementalSupportVisitor$$Lambda$477
instanceKlass org/objectweb/asm/Edge
instanceKlass com/android/build/gradle/internal/incremental/Constructor
instanceKlass com/android/build/gradle/internal/incremental/LocalVariable
instanceKlass org/objectweb/asm/tree/analysis/Subroutine
instanceKlass org/objectweb/asm/tree/analysis/Frame
instanceKlass org/objectweb/asm/tree/analysis/Analyzer
instanceKlass org/objectweb/asm/tree/analysis/BasicValue
instanceKlass org/objectweb/asm/tree/analysis/Value
instanceKlass org/objectweb/asm/tree/analysis/Interpreter
instanceKlass com/android/build/gradle/internal/incremental/ConstructorBuilder
instanceKlass org/objectweb/asm/util/Printer
instanceKlass com/android/build/gradle/internal/incremental/ByteCodeUtils
instanceKlass org/objectweb/asm/commons/Method
instanceKlass com/android/build/gradle/internal/incremental/InstantRunMethodVerifier
instanceKlass com/android/build/gradle/internal/incremental/IncrementalVisitor$$Lambda$476
instanceKlass org/objectweb/asm/Frame
instanceKlass org/objectweb/asm/commons/SerialVersionUIDAdder$Item
instanceKlass com/android/build/gradle/internal/incremental/AsmAbstractNode
instanceKlass org/objectweb/asm/tree/TryCatchBlockNode
instanceKlass com/android/build/gradle/internal/incremental/AsmUtils$DirectoryBasedClassReader
instanceKlass org/objectweb/asm/tree/LocalVariableNode
instanceKlass org/objectweb/asm/Label
instanceKlass org/objectweb/asm/tree/InsnList
instanceKlass org/objectweb/asm/tree/InnerClassNode
instanceKlass org/objectweb/asm/Context
instanceKlass org/objectweb/asm/Attribute
instanceKlass com/android/build/gradle/internal/incremental/AsmUtils$$Lambda$475
instanceKlass java/lang/invoke/LambdaForm$DMH
instanceKlass com/android/build/gradle/internal/incremental/AsmUtils
instanceKlass org/objectweb/asm/Item
instanceKlass org/objectweb/asm/ByteVector
instanceKlass org/objectweb/asm/FieldVisitor
instanceKlass org/objectweb/asm/AnnotationVisitor
instanceKlass org/objectweb/asm/ModuleVisitor
instanceKlass org/objectweb/asm/ClassReader
instanceKlass com/android/build/gradle/internal/incremental/IncrementalSupportVisitor$VisitorBuilder
instanceKlass org/objectweb/asm/Type
instanceKlass com/android/build/gradle/internal/incremental/Redirection
instanceKlass org/objectweb/asm/tree/AbstractInsnNode
instanceKlass org/objectweb/asm/Opcodes
instanceKlass org/objectweb/asm/MethodVisitor
instanceKlass com/android/build/gradle/internal/incremental/IncrementalVisitor$VisitorBuilder
instanceKlass com/android/build/gradle/internal/incremental/AsmUtils$ClassNodeProvider
instanceKlass org/objectweb/asm/ClassVisitor
instanceKlass com/android/build/gradle/internal/transforms/InstantRunTransform$$Lambda$474
instanceKlass com/android/build/gradle/internal/transforms/InstantRunTransform$$Lambda$473
instanceKlass com/android/build/gradle/internal/transforms/InstantRunTransform$$Lambda$472
instanceKlass com/android/build/gradle/internal/transforms/InstantRunTransform$WorkItem
instanceKlass com/android/build/gradle/internal/transforms/InstantRunTransform$$Lambda$471
instanceKlass com/android/build/gradle/internal/pipeline/TransformTask$$Lambda$470
instanceKlass com/android/build/gradle/internal/pipeline/TransformTask$$Lambda$469
instanceKlass java/util/stream/StreamSpliterators$WrappingSpliterator$$Lambda$468
instanceKlass java/util/stream/StreamSpliterators$WrappingSpliterator$$Lambda$467
instanceKlass com/android/build/gradle/internal/pipeline/TransformTask$$Lambda$466
instanceKlass com/android/build/gradle/internal/pipeline/TransformTask$$Lambda$465
instanceKlass com/android/build/gradle/internal/pipeline/TransformTask$$Lambda$464
instanceKlass org/gradle/api/internal/changedetection/rules/CollectingTaskStateChangeVisitor
instanceKlass com/android/builder/merge/MergeOutputWriters$2
instanceKlass com/android/build/gradle/internal/transforms/MergeJavaResourcesTransform$$Lambda$463
instanceKlass com/google/common/collect/ImmutableList$SerializedForm
instanceKlass com/google/common/collect/ImmutableSet$SerializedForm
instanceKlass com/google/common/collect/ImmutableMap$SerializedForm
instanceKlass com/android/builder/merge/IncrementalFileMerger$$Lambda$462
instanceKlass com/android/builder/merge/IncrementalFileMergerState$Builder$$Lambda$461
instanceKlass com/android/builder/merge/StreamMergeAlgorithms$$Lambda$460
instanceKlass com/android/builder/merge/StreamMergeAlgorithms$$Lambda$459
instanceKlass com/android/build/gradle/internal/transforms/MergeJavaResourcesTransform$2
instanceKlass com/android/builder/merge/IncrementalFileMergerOutputs$1$$Lambda$458
instanceKlass com/android/build/gradle/internal/transforms/MergeJavaResourcesTransform$1$$Lambda$457
instanceKlass com/android/builder/merge/IncrementalFileMerger$$Lambda$456
instanceKlass com/android/build/gradle/internal/packaging/ParsedPackagingOptions$getAction$3
instanceKlass com/android/build/gradle/internal/packaging/ParsedPackagingOptions$getAction$2
instanceKlass com/android/build/gradle/internal/packaging/ParsedPackagingOptions$getAction$1
instanceKlass com/android/utils/ImmutableCollectors$$Lambda$455
instanceKlass com/android/utils/ImmutableCollectors$$Lambda$454
instanceKlass com/android/utils/ImmutableCollectors$$Lambda$453
instanceKlass com/android/utils/ImmutableCollectors$$Lambda$452
instanceKlass com/android/utils/ImmutableCollectors
instanceKlass com/android/builder/merge/RenameIncrementalFileMergerInput$$Lambda$451
instanceKlass com/android/builder/merge/LazyIncrementalFileMergerInputs$$Lambda$450
instanceKlass com/android/builder/merge/IncrementalFileMerger$$Lambda$449
instanceKlass com/android/builder/merge/IncrementalFileMerger$$Lambda$448
instanceKlass com/android/builder/merge/IncrementalFileMerger$$Lambda$447
instanceKlass com/android/builder/merge/IncrementalFileMerger$$Lambda$446
instanceKlass java/util/Vector$1
instanceKlass com/android/builder/merge/IncrementalFileMerger$$Lambda$445
instanceKlass com/android/builder/merge/IncrementalFileMerger$$Lambda$444
instanceKlass com/android/builder/merge/IncrementalFileMerger$$Lambda$443
instanceKlass com/android/builder/merge/IncrementalFileMergerState$Builder
instanceKlass com/android/builder/merge/IncrementalFileMerger
instanceKlass com/android/builder/merge/DelegateIncrementalFileMergerOutput
instanceKlass com/android/build/gradle/internal/transforms/MergeJavaResourcesTransform$$Lambda$442
instanceKlass com/android/builder/merge/IncrementalFileMergerOutputs$1
instanceKlass com/android/builder/merge/IncrementalFileMergerOutputs
instanceKlass com/android/builder/merge/MergeOutputWriters$1
instanceKlass com/android/builder/merge/MergeOutputWriter
instanceKlass com/android/builder/merge/MergeOutputWriters
instanceKlass com/android/builder/merge/StreamMergeAlgorithms$$Lambda$441
instanceKlass com/android/builder/merge/StreamMergeAlgorithms
instanceKlass com/android/build/gradle/internal/transforms/MergeJavaResourcesTransform$$Lambda$440
instanceKlass com/android/builder/merge/StreamMergeAlgorithm
instanceKlass com/android/build/gradle/internal/transforms/MergeJavaResourcesTransform$$Lambda$439
instanceKlass java/util/function/Predicate$$Lambda$438
instanceKlass com/android/build/gradle/internal/transforms/MergeJavaResourcesTransform$$Lambda$437
instanceKlass com/android/build/gradle/internal/transforms/MergeJavaResourcesTransform$$Lambda$436
instanceKlass com/android/build/gradle/internal/transforms/MergeJavaResourcesTransform$$Lambda$435
instanceKlass com/android/builder/merge/DelegateIncrementalFileMergerInput
instanceKlass com/android/build/gradle/internal/transforms/MergeJavaResourcesTransform$$Lambda$434
instanceKlass com/android/build/gradle/internal/transforms/MergeJavaResourcesTransform$$Lambda$433
instanceKlass com/android/builder/merge/LazyIncrementalFileMergerInput$$Lambda$432
instanceKlass com/android/builder/merge/LazyIncrementalFileMergerInput$$Lambda$431
instanceKlass com/android/builder/merge/LazyIncrementalFileMergerInput$$Lambda$430
instanceKlass com/android/builder/merge/LazyIncrementalFileMergerInput
instanceKlass com/android/builder/merge/LazyIncrementalFileMergerInputs$$Lambda$429
instanceKlass com/android/builder/merge/LazyIncrementalFileMergerInputs$$Lambda$428
instanceKlass com/android/builder/merge/LazyIncrementalFileMergerInputs
instanceKlass com/android/build/gradle/internal/pipeline/IncrementalFileMergerTransformUtils$$Lambda$427
instanceKlass com/android/tools/build/apkzlib/utils/IOExceptionRunnable$$Lambda$426
instanceKlass com/android/build/gradle/internal/pipeline/IncrementalFileMergerTransformUtils$$Lambda$425
instanceKlass com/android/build/gradle/internal/pipeline/IncrementalFileMergerTransformUtils
instanceKlass com/android/builder/merge/IncrementalFileMergerState
instanceKlass sun/nio/fs/WindowsFileSystem$2
instanceKlass sun/nio/fs/Globs
instanceKlass com/android/build/gradle/internal/matcher/FileNameWithPrefixPathMatcher$Companion$factory$1
instanceKlass com/android/build/gradle/internal/matcher/FileNameWithPrefixPathMatcher$Companion
instanceKlass com/android/build/gradle/internal/matcher/FileNameWithPrefixPathMatcher
instanceKlass com/android/build/gradle/internal/matcher/FileNameWithSuffixPathMatcher$Companion$factory$1
instanceKlass com/android/build/gradle/internal/matcher/FileNameWithSuffixPathMatcher$Companion
instanceKlass com/android/build/gradle/internal/matcher/FileNameWithSuffixPathMatcher
instanceKlass com/android/build/gradle/internal/matcher/FileExtensionWithPrefixPathMatcher$Companion$factory$1
instanceKlass com/android/build/gradle/internal/matcher/FileExtensionWithPrefixPathMatcher$Companion
instanceKlass com/android/build/gradle/internal/matcher/FileExtensionWithPrefixPathMatcher
instanceKlass com/android/build/gradle/internal/matcher/FolderInHierarchyPathMatcher$Companion$factory$1
instanceKlass com/android/build/gradle/internal/matcher/FolderInHierarchyPathMatcher$Companion
instanceKlass com/android/build/gradle/internal/matcher/FolderInHierarchyPathMatcher
instanceKlass com/android/build/gradle/internal/matcher/NoWildcardPathMatcher$Companion$factory$1
instanceKlass com/android/build/gradle/internal/matcher/NoWildcardPathMatcher$Companion
instanceKlass com/android/build/gradle/internal/matcher/NoWildcardPathMatcher
instanceKlass java/nio/file/PathMatcher
instanceKlass com/android/build/gradle/internal/matcher/GlobPathMatcherFactory$Companion
instanceKlass com/android/build/gradle/internal/matcher/GlobPathMatcherFactory
instanceKlass com/android/build/gradle/internal/packaging/ParsedPackagingOptions
instanceKlass com/android/build/gradle/internal/pipeline/OriginalStream$$Lambda$424
instanceKlass org/gradle/api/internal/changedetection/state/mirror/FileSystemSnapshotBuilder$DirectoryBuilder
instanceKlass org/gradle/api/internal/changedetection/state/DefaultFileSystemSnapshotter$4
instanceKlass org/gradle/api/internal/changedetection/state/mirror/FileSystemSnapshotBuilder
instanceKlass org/gradle/api/internal/file/collections/SingletonFileTree
instanceKlass org/gradle/cache/internal/btree/FileBackedBlockStore$1
instanceKlass org/gradle/workers/internal/WorkerDaemonClientsManager$1
instanceKlass org/gradle/workers/internal/WorkerDaemonExpiration$SimpleMemoryExpirationSelector
instanceKlass com/android/build/gradle/internal/pipeline/OriginalStream$$Lambda$423
instanceKlass com/android/build/api/transform/DirectoryInput
instanceKlass com/android/build/gradle/internal/pipeline/OriginalStream$$Lambda$422
instanceKlass com/android/build/gradle/internal/pipeline/OriginalStream$$Lambda$421
instanceKlass com/android/build/gradle/internal/pipeline/QualifiedContentImpl
instanceKlass com/android/build/api/transform/JarInput
instanceKlass com/android/build/gradle/internal/pipeline/OriginalStream$$Lambda$420
instanceKlass org/gradle/api/internal/tasks/CacheableTaskOutputCompositeFilePropertyElementSpec
instanceKlass com/android/build/gradle/internal/pipeline/TransformInvocationBuilder$1
instanceKlass com/android/build/gradle/internal/pipeline/TransformOutputProviderImpl
instanceKlass com/android/build/gradle/internal/pipeline/IntermediateFolderUtils$$Lambda$419
instanceKlass com/android/build/gradle/internal/pipeline/IntermediateFolderUtils$$Lambda$418
instanceKlass com/android/build/gradle/internal/pipeline/SubStream
instanceKlass com/android/build/gradle/internal/pipeline/IntermediateFolderUtils
instanceKlass com/android/build/api/transform/TransformInvocation
instanceKlass com/android/build/gradle/internal/pipeline/TransformInvocationBuilder
instanceKlass com/android/build/gradle/internal/pipeline/TransformTask$2
instanceKlass com/google/protobuf/UnknownFieldSet$Builder
instanceKlass com/android/build/gradle/internal/pipeline/ImmutableTransformInput
instanceKlass com/android/build/gradle/internal/pipeline/TransformTask$$Lambda$417
instanceKlass com/android/build/gradle/internal/pipeline/TransformTask$1
instanceKlass com/android/tools/build/gradle/internal/profile/GradleTransformExecutionType$1
instanceKlass com/android/ide/common/util/ReferenceHolder
instanceKlass com/android/build/gradle/tasks/InstantRunResourcesApkBuilder$$Lambda$416
instanceKlass com/android/builder/utils/SynchronizedFile$$Lambda$415
instanceKlass com/android/builder/utils/ExceptionFunction
instanceKlass com/android/build/gradle/internal/tasks/ValidateSigningTask$createDefaultDebugKeystoreIfNeeded$1
instanceKlass com/android/builder/utils/ExceptionConsumer
instanceKlass com/android/utils/concurrency/ReadWriteProcessLock$$Lambda$414
instanceKlass com/android/utils/concurrency/ReadWriteProcessLock$$Lambda$413
instanceKlass com/android/utils/concurrency/ReadWriteProcessLock$$Lambda$412
instanceKlass com/android/utils/concurrency/ReadWriteProcessLock$$Lambda$411
instanceKlass com/android/utils/JvmWideVariable$$Lambda$410
instanceKlass com/android/utils/JvmWideVariable$$Lambda$409
instanceKlass com/android/utils/JvmWideVariable$$Lambda$408
instanceKlass com/google/common/reflect/Types$ClassOwnership$1LocalClass
instanceKlass com/google/common/reflect/Types$ParameterizedTypeImpl
instanceKlass com/google/common/reflect/Reflection
instanceKlass com/google/common/reflect/Types$TypeVariableInvocationHandler
instanceKlass com/google/common/reflect/Types$TypeVariableImpl
instanceKlass com/google/common/reflect/Types$1
instanceKlass com/google/common/reflect/Types
instanceKlass com/google/common/reflect/Types$NativeTypeVariableEquals
instanceKlass com/google/common/reflect/TypeResolver$TypeVariableKey
instanceKlass com/google/common/reflect/TypeResolver$TypeTable
instanceKlass com/google/common/reflect/TypeResolver
instanceKlass com/android/utils/concurrency/ReadWriteProcessLock$$Lambda$407
instanceKlass sun/nio/fs/WindowsLinkSupport
instanceKlass com/android/utils/concurrency/ReadWriteProcessLock$WriteLock
instanceKlass com/android/utils/concurrency/ReadWriteProcessLock$ReadLock
instanceKlass com/android/utils/concurrency/ReadWriteProcessLock$Lock
instanceKlass com/android/utils/concurrency/ReadWriteProcessLock
instanceKlass com/android/builder/utils/SynchronizedFile
instanceKlass com/android/build/gradle/internal/tasks/KnownFilesSaveData$$Lambda$406
instanceKlass sun/misc/JavaAWTAccess
instanceKlass sun/misc/JavaNetHttpCookieAccess
instanceKlass sun/misc/JavaIOAccess
instanceKlass com/google/common/base/Throwables
instanceKlass com/android/build/gradle/internal/tasks/KnownFilesSaveData
instanceKlass org/apache/commons/codec/binary/BaseNCodec$Context
instanceKlass org/apache/commons/codec/binary/BaseNCodec
instanceKlass org/apache/commons/codec/BinaryDecoder
instanceKlass org/apache/commons/codec/Decoder
instanceKlass org/apache/commons/codec/BinaryEncoder
instanceKlass org/apache/commons/codec/Encoder
instanceKlass com/google/common/hash/Hashing$Sha1Holder
instanceKlass java/util/stream/StreamSpliterators$WrappingSpliterator$$Lambda$405
instanceKlass com/android/build/gradle/tasks/PackageAndroidArtifact$$Lambda$404
instanceKlass com/android/build/gradle/tasks/PackageAndroidArtifact$$Lambda$403
instanceKlass com/android/build/gradle/tasks/PackageAndroidArtifact$$Lambda$402
instanceKlass java/util/stream/Streams$2
instanceKlass java/util/stream/Streams
instanceKlass java/util/stream/Streams$ConcatSpliterator
instanceKlass java/util/stream/Streams$RangeIntSpliterator
instanceKlass java/util/stream/StreamSpliterators$AbstractWrappingSpliterator
instanceKlass java/util/stream/AbstractPipeline$$Lambda$401
instanceKlass com/google/common/collect/CollectSpliterators$1WithCharacteristics
instanceKlass com/google/common/collect/CollectSpliterators
instanceKlass com/google/common/collect/ImmutableSet$Indexed$$Lambda$400
instanceKlass java/lang/invoke/LambdaForm$DMH
instanceKlass com/android/tools/build/apkzlib/zip/ZFile$$Lambda$399
instanceKlass com/android/tools/build/apkzlib/zip/ZFile$$Lambda$398
instanceKlass com/android/tools/build/apkzlib/zip/Eocd$$Lambda$397
instanceKlass com/android/tools/build/apkzlib/bytestorage/SwitchableDelegateCloseableByteSource$$Lambda$396
instanceKlass com/android/tools/build/apkzlib/bytestorage/ChunkBasedCloseableByteSource$$Lambda$395
instanceKlass com/android/tools/build/apkzlib/zip/ExtraField$AlignmentSegment
instanceKlass com/android/tools/build/apkzlib/zip/ZFile$$Lambda$394
instanceKlass java/lang/invoke/LambdaForm$DMH
instanceKlass com/android/tools/build/apkzlib/zip/ZFile$$Lambda$393
instanceKlass com/android/tools/build/apkzlib/zip/ZFile$$Lambda$392
instanceKlass com/android/tools/build/apkzlib/zip/ZFile$$Lambda$391
instanceKlass com/android/tools/build/apkzlib/zip/ExtraField$Segment
instanceKlass com/android/tools/build/apkzlib/zip/ZFile$$Lambda$390
instanceKlass com/android/tools/build/apkzlib/zip/ZFile$$Lambda$389
instanceKlass com/android/tools/build/apkzlib/zip/CompressionResult
instanceKlass com/google/common/util/concurrent/Futures$CallbackListener
instanceKlass com/android/tools/build/apkzlib/zip/ZFile$2
instanceKlass java/util/zip/Deflater
instanceKlass java/util/concurrent/LinkedBlockingDeque$Node
instanceKlass java/lang/invoke/LambdaForm$MH
instanceKlass com/android/tools/build/apkzlib/zip/compress/ExecutorCompressor$$Lambda$388
instanceKlass com/android/tools/build/apkzlib/sign/ManifestGenerationExtension$1$$Lambda$387
instanceKlass com/android/build/gradle/internal/incremental/InstantRunBuildContext$Artifact
instanceKlass com/android/builder/internal/packaging/IncrementalPackager$$Lambda$386
instanceKlass com/google/common/primitives/UnsignedInts
instanceKlass com/android/tools/build/apkzlib/zip/ZFile$$Lambda$385
instanceKlass com/android/tools/build/apkzlib/zip/FileUseMap$1
instanceKlass com/android/tools/build/apkzlib/zip/ZFile$3
instanceKlass java/util/function/Predicate$$Lambda$384
instanceKlass java/lang/invoke/LambdaForm$DMH
instanceKlass com/android/builder/internal/packaging/IncrementalPackager$$Lambda$383
instanceKlass com/android/builder/internal/packaging/IncrementalPackager$$Lambda$382
instanceKlass com/android/builder/internal/packaging/IncrementalPackager$$Lambda$381
instanceKlass com/android/builder/internal/packaging/PackagedFileUpdates
instanceKlass com/android/builder/internal/packaging/IncrementalPackager$$Lambda$380
instanceKlass com/android/builder/internal/packaging/IncrementalPackager$$Lambda$379
instanceKlass com/android/builder/internal/packaging/IncrementalPackager$$Lambda$378
instanceKlass com/android/builder/internal/packaging/IncrementalPackager$$Lambda$377
instanceKlass com/android/builder/internal/packaging/IncrementalPackager$$Lambda$376
instanceKlass com/android/builder/internal/packaging/IncrementalPackager$$Lambda$375
instanceKlass com/android/builder/internal/packaging/IncrementalPackager$$Lambda$374
instanceKlass com/android/builder/internal/packaging/IncrementalPackager$$Lambda$373
instanceKlass com/android/builder/internal/packaging/DexIncrementalRenameManager$$Lambda$372
instanceKlass com/android/builder/internal/packaging/DexIncrementalRenameManager$$Lambda$371
instanceKlass com/android/builder/internal/packaging/PackagedFileUpdate
instanceKlass com/android/builder/internal/packaging/DexIncrementalRenameManager$$Lambda$370
instanceKlass com/android/builder/internal/packaging/DexIncrementalRenameManager$Bucket
instanceKlass com/android/builder/internal/packaging/DexFileNameSupplier
instanceKlass java/util/stream/SortedOps$RefSortingSink$$Lambda$369
instanceKlass java/util/stream/Collectors$$Lambda$368
instanceKlass java/util/stream/Collectors$$Lambda$367
instanceKlass com/android/builder/internal/packaging/DexIncrementalRenameManager$$Lambda$366
instanceKlass java/util/Comparator$$Lambda$365
instanceKlass com/android/builder/internal/packaging/DexIncrementalRenameManager$DexNameComparator
instanceKlass com/android/builder/internal/packaging/DexIncrementalRenameManager$$Lambda$364
instanceKlass com/android/builder/internal/packaging/DexIncrementalRenameManager$$Lambda$363
instanceKlass com/android/builder/internal/packaging/DexIncrementalRenameManager$$Lambda$362
instanceKlass com/android/builder/files/NativeLibraryAbiPredicate
instanceKlass com/android/builder/internal/packaging/DexIncrementalRenameManager
instanceKlass com/google/common/collect/Lists$ReverseList$1
instanceKlass com/android/tools/build/apkzlib/sign/ManifestGenerationExtension$$Lambda$361
instanceKlass com/android/tools/build/apkzlib/sign/ManifestGenerationExtension
instanceKlass com/android/tools/build/apkzlib/zip/AlignmentRules$$Lambda$360
instanceKlass com/android/tools/build/apkzlib/zfile/ZFiles
instanceKlass com/android/tools/build/apkzlib/zfile/ApkZFileCreator$1
instanceKlass com/android/tools/build/apkzlib/zip/AlignmentRules$$Lambda$359
instanceKlass com/android/tools/build/apkzlib/zfile/ApkZFileCreator
instanceKlass com/android/tools/build/apkzlib/zfile/ApkCreator
instanceKlass com/android/tools/build/apkzlib/zfile/ApkZFileCreatorFactory
instanceKlass com/android/tools/build/apkzlib/zip/utils/ByteTracker
instanceKlass com/android/build/gradle/AndroidGradleOptions
instanceKlass com/android/tools/build/apkzlib/zfile/ApkCreatorFactory
instanceKlass com/android/build/gradle/internal/packaging/ApkCreatorFactories
instanceKlass com/android/builder/internal/packaging/IncrementalPackager
instanceKlass com/android/tools/build/apkzlib/zfile/ApkCreatorFactory$CreationData
instanceKlass com/android/builder/packaging/PackagingUtils$$Lambda$358
instanceKlass com/android/build/gradle/internal/packaging/IncrementalPackagerBuilder
instanceKlass com/android/build/gradle/tasks/PackageAndroidArtifact$$Lambda$357
instanceKlass com/google/common/base/Predicates$CompositionPredicate
instanceKlass com/android/build/gradle/tasks/PackageAndroidArtifact$$Lambda$356
instanceKlass com/google/common/base/Predicates$InPredicate
instanceKlass com/google/common/base/Predicates
instanceKlass com/android/builder/files/IncrementalRelativeFileSets$$Lambda$355
instanceKlass com/android/tools/build/apkzlib/zip/ZFile$$Lambda$354
instanceKlass com/google/common/io/ByteArrayDataOutput
instanceKlass com/google/common/io/ByteArrayDataInput
instanceKlass com/google/common/io/ByteStreams
instanceKlass com/google/common/hash/Funnel
instanceKlass com/google/common/hash/Funnels
instanceKlass com/android/tools/build/apkzlib/utils/CachedFileContents
instanceKlass java/nio/file/SecureDirectoryStream
instanceKlass com/google/common/io/MoreFiles
instanceKlass com/android/tools/build/apkzlib/zip/ZFile$$Lambda$353
instanceKlass com/android/tools/build/apkzlib/zip/ZFile$$Lambda$352
instanceKlass com/android/builder/files/RelativeFile
instanceKlass com/android/tools/build/apkzlib/zip/ZFile$$Lambda$351
instanceKlass com/android/tools/build/apkzlib/utils/IOExceptionFunction
instanceKlass com/android/tools/build/apkzlib/utils/IOExceptionRunnable
instanceKlass com/android/tools/build/apkzlib/zip/ZFileExtension
instanceKlass com/android/tools/build/apkzlib/zip/ProcessedAndRawByteSources
instanceKlass com/google/common/io/CharSource
instanceKlass com/android/tools/build/apkzlib/zip/StoredEntry$$Lambda$350
instanceKlass com/android/tools/build/apkzlib/zip/StoredEntry
instanceKlass com/android/tools/build/apkzlib/zip/ExtraField
instanceKlass com/android/tools/build/apkzlib/zip/utils/MsDosDateTimeUtils
instanceKlass com/android/tools/build/apkzlib/zip/CentralDirectoryHeader
instanceKlass com/google/common/util/concurrent/Futures$3
instanceKlass com/google/common/util/concurrent/CheckedFuture
instanceKlass com/google/common/util/concurrent/AsyncFunction
instanceKlass com/google/common/util/concurrent/GwtFuturesCatchingSpecialization
instanceKlass com/android/tools/build/apkzlib/zip/CentralDirectoryHeaderCompressInfo
instanceKlass com/android/tools/build/apkzlib/zip/EncodeUtils
instanceKlass com/android/tools/build/apkzlib/zip/GPFlags
instanceKlass com/android/tools/build/apkzlib/zip/CentralDirectory$$Lambda$349
instanceKlass com/android/tools/build/apkzlib/zip/CentralDirectory
instanceKlass com/android/tools/build/apkzlib/zip/Eocd$$Lambda$348
instanceKlass com/android/tools/build/apkzlib/utils/CachedSupplier
instanceKlass com/android/tools/build/apkzlib/zip/utils/LittleEndianUtils
instanceKlass com/android/tools/build/apkzlib/zip/ZipFieldInvariantMaxValue
instanceKlass com/android/tools/build/apkzlib/zip/ZipFieldInvariantNonNegative
instanceKlass com/android/tools/build/apkzlib/zip/ZipFieldInvariant
instanceKlass com/android/tools/build/apkzlib/zip/ZipField
instanceKlass com/android/tools/build/apkzlib/zip/Eocd
instanceKlass com/android/tools/build/apkzlib/zip/VerifyLogs$1
instanceKlass com/android/tools/build/apkzlib/bytestorage/LruTracker
instanceKlass com/android/tools/build/apkzlib/bytestorage/TemporaryDirectory$1
instanceKlass com/android/tools/build/apkzlib/bytestorage/TemporaryFile
instanceKlass java/nio/file/TempFileHelper
instanceKlass com/android/tools/build/apkzlib/bytestorage/TemporaryDirectoryStorage
instanceKlass com/android/tools/build/apkzlib/bytestorage/InMemoryByteStorage
instanceKlass com/android/tools/build/apkzlib/bytestorage/OverflowToDiskByteStorage
instanceKlass com/android/tools/build/apkzlib/bytestorage/ChunkBasedByteStorage
instanceKlass com/android/tools/build/apkzlib/zip/FileUseMapEntry$$Lambda$347
instanceKlass com/android/tools/build/apkzlib/zip/FileUseMapEntry$$Lambda$346
instanceKlass com/android/tools/build/apkzlib/zip/FileUseMapEntry
instanceKlass com/android/tools/build/apkzlib/zip/FileUseMap
instanceKlass com/android/tools/build/apkzlib/zip/ZFileOptions$$Lambda$345
instanceKlass com/android/tools/build/apkzlib/zip/VerifyLog
instanceKlass com/android/tools/build/apkzlib/zip/VerifyLogs
instanceKlass com/android/tools/build/apkzlib/zip/AlignmentRules$$Lambda$344
instanceKlass com/android/tools/build/apkzlib/zip/AlignmentRules
instanceKlass com/android/tools/build/apkzlib/zip/AlignmentRule
instanceKlass com/android/tools/build/apkzlib/zip/ZFileOptions$$Lambda$343
